#
# There is insufficient memory for the Java Runtime Environment to continue.
# Native memory allocation (malloc) failed to allocate 359760 bytes for Chunk::new
# Possible reasons:
#   The system is out of physical RAM or swap space
#   The process is running with CompressedOops enabled, and the Java Heap may be blocking the growth of the native heap
# Possible solutions:
#   Reduce memory load on the system
#   Increase physical memory or swap space
#   Check if swap backing store is full
#   Decrease Java heap size (-Xmx/-Xms)
#   Decrease number of Java threads
#   Decrease Java thread stack sizes (-Xss)
#   Set larger code cache with -XX:ReservedCodeCacheSize=
#   JVM is running with Unscaled Compressed Oops mode in which the Java heap is
#     placed in the first 4GB address space. The Java Heap base address is the
#     maximum limit for the native heap growth. Please use -XX:HeapBaseMinAddress
#     to set the Java Heap base and to place the Java Heap above 4GB virtual address.
# This output file may be truncated or incomplete.
#
#  Out of Memory Error (arena.cpp:195), pid=20788, tid=4256
#
# JRE version: Java(TM) SE Runtime Environment (16.0.2+7) (build 16.0.2+7-67)
# Java VM: Java HotSpot(TM) 64-Bit Server VM (16.0.2+7-67, mixed mode, sharing, tiered, compressed oops, compressed class ptrs, g1 gc, windows-amd64)
# No core dump will be written. Minidumps are not enabled by default on client versions of Windows
#

---------------  S U M M A R Y ------------

Command Line: -Dfile.encoding=UTF-8 --module-path=C:\Users\KARAN\Documents\NetBeansProjects\Employee-Management-System\build\classes employee.management.system.Employee_Attendance

Host: Intel(R) Core(TM) i3-5005U CPU @ 2.00GHz, 4 cores, 3G,  Windows 10 , 64 bit Build 19041 (10.0.19041.1889)
Time: Mon Aug 15 02:59:59 2022 India Standard Time elapsed time: 3.696670 seconds (0d 0h 0m 3s)

---------------  T H R E A D  ---------------

Current thread (0x000001c634dddee0):  JavaThread "C2 CompilerThread0" daemon [_thread_in_native, id=4256, stack(0x000000b742500000,0x000000b742600000)]


Current CompileTask:
C2:   3696 1165 % !   4       java.util.concurrent.ConcurrentHashMap::transfer @ 96 (849 bytes)

Stack: [0x000000b742500000,0x000000b742600000]
Native frames: (J=compiled Java code, j=interpreted, Vv=VM code, C=native code)
V  [jvm.dll+0x6681ca]
V  [jvm.dll+0x7c9e69]
V  [jvm.dll+0x7cb61e]
V  [jvm.dll+0x7cbc73]
V  [jvm.dll+0x242c55]
V  [jvm.dll+0xadeba]
V  [jvm.dll+0xae45c]
V  [jvm.dll+0x35a8d7]
V  [jvm.dll+0x324de1]
V  [jvm.dll+0x32428a]
V  [jvm.dll+0x215cec]
V  [jvm.dll+0x215100]
V  [jvm.dll+0x1a1beb]
V  [jvm.dll+0x225158]
V  [jvm.dll+0x22319c]
V  [jvm.dll+0x77fa62]
V  [jvm.dll+0x7795aa]
V  [jvm.dll+0x667066]
C  [ucrtbase.dll+0x21bb2]
C  [KERNEL32.DLL+0x17034]
C  [ntdll.dll+0x52651]


---------------  P R O C E S S  ---------------

Threads class SMR info:
_java_thread_list=0x000001c63649f060, length=16, elements={
0x000001c619c883e0, 0x000001c634dc4070, 0x000001c634dc4c70, 0x000001c634dd3a80,
0x000001c634dd68a0, 0x000001c634dd92b0, 0x000001c634ddd1b0, 0x000001c634dddee0,
0x000001c634de79f0, 0x000001c634e02410, 0x000001c634daa420, 0x000001c6358a5940,
0x000001c635a7af00, 0x000001c635a811c0, 0x000001c6358a23a0, 0x000001c635aff030
}

Java Threads: ( => current thread )
  0x000001c619c883e0 JavaThread "main" [_thread_in_vm, id=21880, stack(0x000000b741800000,0x000000b741900000)]
  0x000001c634dc4070 JavaThread "Reference Handler" daemon [_thread_blocked, id=18424, stack(0x000000b741f00000,0x000000b742000000)]
  0x000001c634dc4c70 JavaThread "Finalizer" daemon [_thread_blocked, id=5312, stack(0x000000b742000000,0x000000b742100000)]
  0x000001c634dd3a80 JavaThread "Signal Dispatcher" daemon [_thread_blocked, id=22404, stack(0x000000b742100000,0x000000b742200000)]
  0x000001c634dd68a0 JavaThread "Attach Listener" daemon [_thread_blocked, id=15164, stack(0x000000b742200000,0x000000b742300000)]
  0x000001c634dd92b0 JavaThread "Service Thread" daemon [_thread_blocked, id=13220, stack(0x000000b742300000,0x000000b742400000)]
  0x000001c634ddd1b0 JavaThread "Monitor Deflation Thread" daemon [_thread_blocked, id=7044, stack(0x000000b742400000,0x000000b742500000)]
=>0x000001c634dddee0 JavaThread "C2 CompilerThread0" daemon [_thread_in_native, id=4256, stack(0x000000b742500000,0x000000b742600000)]
  0x000001c634de79f0 JavaThread "C1 CompilerThread0" daemon [_thread_blocked, id=17296, stack(0x000000b742600000,0x000000b742700000)]
  0x000001c634e02410 JavaThread "Sweeper thread" daemon [_thread_blocked, id=16784, stack(0x000000b742700000,0x000000b742800000)]
  0x000001c634daa420 JavaThread "Common-Cleaner" daemon [_thread_blocked, id=18140, stack(0x000000b742800000,0x000000b742900000)]
  0x000001c6358a5940 JavaThread "Notification Thread" daemon [_thread_blocked, id=11076, stack(0x000000b742900000,0x000000b742a00000)]
  0x000001c635a7af00 JavaThread "Java2D Disposer" daemon [_thread_blocked, id=16240, stack(0x000000b742b00000,0x000000b742c00000)]
  0x000001c635a811c0 JavaThread "AWT-Windows" daemon [_thread_in_native, id=20012, stack(0x000000b742d00000,0x000000b742e00000)]
  0x000001c6358a23a0 JavaThread "Image Fetcher 0" daemon [_thread_blocked, id=13396, stack(0x000000b742e00000,0x000000b742f00000)]
  0x000001c635aff030 JavaThread "mysql-cj-abandoned-connection-cleanup" daemon [_thread_blocked, id=8772, stack(0x000000b742c00000,0x000000b742d00000)]

Other Threads:
  0x000001c634dbe560 VMThread "VM Thread" [stack: 0x000000b741e00000,0x000000b741f00000] [id=2396]
  0x000001c6358a5e60 WatcherThread [stack: 0x000000b742a00000,0x000000b742b00000] [id=664]
  0x000001c619cb7510 GCTaskThread "GC Thread#0" [stack: 0x000000b741900000,0x000000b741a00000] [id=21012]
  0x000001c63649bde0 GCTaskThread "GC Thread#1" [stack: 0x000000b742f00000,0x000000b743000000] [id=2924]
  0x000001c6363df300 GCTaskThread "GC Thread#2" [stack: 0x000000b743000000,0x000000b743100000] [id=72]
  0x000001c636395390 GCTaskThread "GC Thread#3" [stack: 0x000000b743100000,0x000000b743200000] [id=10444]
  0x000001c619cc27b0 ConcurrentGCThread "G1 Main Marker" [stack: 0x000000b741a00000,0x000000b741b00000] [id=14612]
  0x000001c619cc39c0 ConcurrentGCThread "G1 Conc#0" [stack: 0x000000b741b00000,0x000000b741c00000] [id=9312]
  0x000001c619d125d0 ConcurrentGCThread "G1 Refine#0" [stack: 0x000000b741c00000,0x000000b741d00000] [id=3212]
  0x000001c619d12ef0 ConcurrentGCThread "G1 Service" [stack: 0x000000b741d00000,0x000000b741e00000] [id=19612]

Threads with active compile tasks:
C2 CompilerThread0     3869 1165 % !   4       java.util.concurrent.ConcurrentHashMap::transfer @ 96 (849 bytes)

VM state: not at safepoint (normal execution)

VM Mutex/Monitor currently owned by a thread: None

Heap address: 0x00000000c1200000, size: 1006 MB, Compressed Oops mode: 32-bit

CDS archive(s) mapped at: [0x0000000800000000-0x0000000800bb0000-0x0000000800bb0000), size 12255232, SharedBaseAddress: 0x0000000800000000, ArchiveRelocationMode: 0.
Compressed class space mapped at: 0x0000000800c00000-0x0000000840c00000, reserved size: 1073741824
Narrow klass base: 0x0000000800000000, Narrow klass shift: 3, Narrow klass range: 0x100000000

GC Precious Log:
 CPUs: 4 total, 4 available
 Memory: 4016M
 Large Page Support: Disabled
 NUMA Support: Disabled
 Compressed Oops: Enabled (32-bit)
 Heap Region Size: 1M
 Heap Min Capacity: 8M
 Heap Initial Capacity: 64M
 Heap Max Capacity: 1006M
 Pre-touch: Disabled
 Parallel Workers: 4
 Concurrent Workers: 1
 Concurrent Refinement Workers: 4
 Periodic GC: Disabled

Heap:
 garbage-first heap   total 65536K, used 8339K [0x00000000c1200000, 0x0000000100000000)
  region size 1024K, 6 young (6144K), 2 survivors (2048K)
 Metaspace       used 10350K, committed 10560K, reserved 1064960K
  class space    used 1115K, committed 1216K, reserved 1048576K

Heap Regions: E=young(eden), S=young(survivor), O=old, HS=humongous(starts), HC=humongous(continues), CS=collection set, F=free, OA=open archive, CA=closed archive, TAMS=top-at-mark-start (previous, next)
|   0|0x00000000c1200000, 0x00000000c1300000, 0x00000000c1300000|100%|HS|  |TAMS 0x00000000c1200000, 0x00000000c1200000| Complete 
|   1|0x00000000c1300000, 0x00000000c1400000, 0x00000000c1400000|100%|HS|  |TAMS 0x00000000c1300000, 0x00000000c1300000| Complete 
|   2|0x00000000c1400000, 0x00000000c1500000, 0x00000000c1500000|100%| O|  |TAMS 0x00000000c1400000, 0x00000000c1400000| Untracked 
|   3|0x00000000c1500000, 0x00000000c1524c00, 0x00000000c1600000| 14%| O|  |TAMS 0x00000000c1500000, 0x00000000c1500000| Untracked 
|   4|0x00000000c1600000, 0x00000000c1600000, 0x00000000c1700000|  0%| F|  |TAMS 0x00000000c1600000, 0x00000000c1600000| Untracked 
|   5|0x00000000c1700000, 0x00000000c1700000, 0x00000000c1800000|  0%| F|  |TAMS 0x00000000c1700000, 0x00000000c1700000| Untracked 
|   6|0x00000000c1800000, 0x00000000c1800000, 0x00000000c1900000|  0%| F|  |TAMS 0x00000000c1800000, 0x00000000c1800000| Untracked 
|   7|0x00000000c1900000, 0x00000000c1900000, 0x00000000c1a00000|  0%| F|  |TAMS 0x00000000c1900000, 0x00000000c1900000| Untracked 
|   8|0x00000000c1a00000, 0x00000000c1a00000, 0x00000000c1b00000|  0%| F|  |TAMS 0x00000000c1a00000, 0x00000000c1a00000| Untracked 
|   9|0x00000000c1b00000, 0x00000000c1b00000, 0x00000000c1c00000|  0%| F|  |TAMS 0x00000000c1b00000, 0x00000000c1b00000| Untracked 
|  10|0x00000000c1c00000, 0x00000000c1c00000, 0x00000000c1d00000|  0%| F|  |TAMS 0x00000000c1c00000, 0x00000000c1c00000| Untracked 
|  11|0x00000000c1d00000, 0x00000000c1d00000, 0x00000000c1e00000|  0%| F|  |TAMS 0x00000000c1d00000, 0x00000000c1d00000| Untracked 
|  12|0x00000000c1e00000, 0x00000000c1e00000, 0x00000000c1f00000|  0%| F|  |TAMS 0x00000000c1e00000, 0x00000000c1e00000| Untracked 
|  13|0x00000000c1f00000, 0x00000000c1f00000, 0x00000000c2000000|  0%| F|  |TAMS 0x00000000c1f00000, 0x00000000c1f00000| Untracked 
|  14|0x00000000c2000000, 0x00000000c2000000, 0x00000000c2100000|  0%| F|  |TAMS 0x00000000c2000000, 0x00000000c2000000| Untracked 
|  15|0x00000000c2100000, 0x00000000c2100000, 0x00000000c2200000|  0%| F|  |TAMS 0x00000000c2100000, 0x00000000c2100000| Untracked 
|  16|0x00000000c2200000, 0x00000000c2200000, 0x00000000c2300000|  0%| F|  |TAMS 0x00000000c2200000, 0x00000000c2200000| Untracked 
|  17|0x00000000c2300000, 0x00000000c2300000, 0x00000000c2400000|  0%| F|  |TAMS 0x00000000c2300000, 0x00000000c2300000| Untracked 
|  18|0x00000000c2400000, 0x00000000c2400000, 0x00000000c2500000|  0%| F|  |TAMS 0x00000000c2400000, 0x00000000c2400000| Untracked 
|  19|0x00000000c2500000, 0x00000000c2500000, 0x00000000c2600000|  0%| F|  |TAMS 0x00000000c2500000, 0x00000000c2500000| Untracked 
|  20|0x00000000c2600000, 0x00000000c2600000, 0x00000000c2700000|  0%| F|  |TAMS 0x00000000c2600000, 0x00000000c2600000| Untracked 
|  21|0x00000000c2700000, 0x00000000c2700000, 0x00000000c2800000|  0%| F|  |TAMS 0x00000000c2700000, 0x00000000c2700000| Untracked 
|  22|0x00000000c2800000, 0x00000000c2800000, 0x00000000c2900000|  0%| F|  |TAMS 0x00000000c2800000, 0x00000000c2800000| Untracked 
|  23|0x00000000c2900000, 0x00000000c2900000, 0x00000000c2a00000|  0%| F|  |TAMS 0x00000000c2900000, 0x00000000c2900000| Untracked 
|  24|0x00000000c2a00000, 0x00000000c2a00000, 0x00000000c2b00000|  0%| F|  |TAMS 0x00000000c2a00000, 0x00000000c2a00000| Untracked 
|  25|0x00000000c2b00000, 0x00000000c2b00000, 0x00000000c2c00000|  0%| F|  |TAMS 0x00000000c2b00000, 0x00000000c2b00000| Untracked 
|  26|0x00000000c2c00000, 0x00000000c2c00000, 0x00000000c2d00000|  0%| F|  |TAMS 0x00000000c2c00000, 0x00000000c2c00000| Untracked 
|  27|0x00000000c2d00000, 0x00000000c2d00000, 0x00000000c2e00000|  0%| F|  |TAMS 0x00000000c2d00000, 0x00000000c2d00000| Untracked 
|  28|0x00000000c2e00000, 0x00000000c2e00000, 0x00000000c2f00000|  0%| F|  |TAMS 0x00000000c2e00000, 0x00000000c2e00000| Untracked 
|  29|0x00000000c2f00000, 0x00000000c2f00000, 0x00000000c3000000|  0%| F|  |TAMS 0x00000000c2f00000, 0x00000000c2f00000| Untracked 
|  30|0x00000000c3000000, 0x00000000c3000000, 0x00000000c3100000|  0%| F|  |TAMS 0x00000000c3000000, 0x00000000c3000000| Untracked 
|  31|0x00000000c3100000, 0x00000000c3100000, 0x00000000c3200000|  0%| F|  |TAMS 0x00000000c3100000, 0x00000000c3100000| Untracked 
|  32|0x00000000c3200000, 0x00000000c3200000, 0x00000000c3300000|  0%| F|  |TAMS 0x00000000c3200000, 0x00000000c3200000| Untracked 
|  33|0x00000000c3300000, 0x00000000c3300000, 0x00000000c3400000|  0%| F|  |TAMS 0x00000000c3300000, 0x00000000c3300000| Untracked 
|  34|0x00000000c3400000, 0x00000000c3400000, 0x00000000c3500000|  0%| F|  |TAMS 0x00000000c3400000, 0x00000000c3400000| Untracked 
|  35|0x00000000c3500000, 0x00000000c3500000, 0x00000000c3600000|  0%| F|  |TAMS 0x00000000c3500000, 0x00000000c3500000| Untracked 
|  36|0x00000000c3600000, 0x00000000c3600000, 0x00000000c3700000|  0%| F|  |TAMS 0x00000000c3600000, 0x00000000c3600000| Untracked 
|  37|0x00000000c3700000, 0x00000000c3700000, 0x00000000c3800000|  0%| F|  |TAMS 0x00000000c3700000, 0x00000000c3700000| Untracked 
|  38|0x00000000c3800000, 0x00000000c3800000, 0x00000000c3900000|  0%| F|  |TAMS 0x00000000c3800000, 0x00000000c3800000| Untracked 
|  39|0x00000000c3900000, 0x00000000c3900000, 0x00000000c3a00000|  0%| F|  |TAMS 0x00000000c3900000, 0x00000000c3900000| Untracked 
|  40|0x00000000c3a00000, 0x00000000c3a00000, 0x00000000c3b00000|  0%| F|  |TAMS 0x00000000c3a00000, 0x00000000c3a00000| Untracked 
|  41|0x00000000c3b00000, 0x00000000c3b00000, 0x00000000c3c00000|  0%| F|  |TAMS 0x00000000c3b00000, 0x00000000c3b00000| Untracked 
|  42|0x00000000c3c00000, 0x00000000c3c00000, 0x00000000c3d00000|  0%| F|  |TAMS 0x00000000c3c00000, 0x00000000c3c00000| Untracked 
|  43|0x00000000c3d00000, 0x00000000c3d00000, 0x00000000c3e00000|  0%| F|  |TAMS 0x00000000c3d00000, 0x00000000c3d00000| Untracked 
|  44|0x00000000c3e00000, 0x00000000c3e00000, 0x00000000c3f00000|  0%| F|  |TAMS 0x00000000c3e00000, 0x00000000c3e00000| Untracked 
|  45|0x00000000c3f00000, 0x00000000c3f00000, 0x00000000c4000000|  0%| F|  |TAMS 0x00000000c3f00000, 0x00000000c3f00000| Untracked 
|  46|0x00000000c4000000, 0x00000000c4000000, 0x00000000c4100000|  0%| F|  |TAMS 0x00000000c4000000, 0x00000000c4000000| Untracked 
|  47|0x00000000c4100000, 0x00000000c4100000, 0x00000000c4200000|  0%| F|  |TAMS 0x00000000c4100000, 0x00000000c4100000| Untracked 
|  48|0x00000000c4200000, 0x00000000c4200000, 0x00000000c4300000|  0%| F|  |TAMS 0x00000000c4200000, 0x00000000c4200000| Untracked 
|  49|0x00000000c4300000, 0x00000000c4400000, 0x00000000c4400000|100%| S|CS|TAMS 0x00000000c4300000, 0x00000000c4300000| Complete 
|  50|0x00000000c4400000, 0x00000000c4500000, 0x00000000c4500000|100%| S|CS|TAMS 0x00000000c4400000, 0x00000000c4400000| Complete 
|  51|0x00000000c4500000, 0x00000000c4500000, 0x00000000c4600000|  0%| F|  |TAMS 0x00000000c4500000, 0x00000000c4500000| Untracked 
|  52|0x00000000c4600000, 0x00000000c4600000, 0x00000000c4700000|  0%| F|  |TAMS 0x00000000c4600000, 0x00000000c4600000| Untracked 
|  53|0x00000000c4700000, 0x00000000c4700000, 0x00000000c4800000|  0%| F|  |TAMS 0x00000000c4700000, 0x00000000c4700000| Untracked 
|  54|0x00000000c4800000, 0x00000000c4800000, 0x00000000c4900000|  0%| F|  |TAMS 0x00000000c4800000, 0x00000000c4800000| Untracked 
|  55|0x00000000c4900000, 0x00000000c4900000, 0x00000000c4a00000|  0%| F|  |TAMS 0x00000000c4900000, 0x00000000c4900000| Untracked 
|  56|0x00000000c4a00000, 0x00000000c4a00000, 0x00000000c4b00000|  0%| F|  |TAMS 0x00000000c4a00000, 0x00000000c4a00000| Untracked 
|  57|0x00000000c4b00000, 0x00000000c4b00000, 0x00000000c4c00000|  0%| F|  |TAMS 0x00000000c4b00000, 0x00000000c4b00000| Untracked 
|  58|0x00000000c4c00000, 0x00000000c4c00000, 0x00000000c4d00000|  0%| F|  |TAMS 0x00000000c4c00000, 0x00000000c4c00000| Untracked 
|  59|0x00000000c4d00000, 0x00000000c4d00000, 0x00000000c4e00000|  0%| F|  |TAMS 0x00000000c4d00000, 0x00000000c4d00000| Untracked 
|  60|0x00000000c4e00000, 0x00000000c4eb8e38, 0x00000000c4f00000| 72%| E|  |TAMS 0x00000000c4e00000, 0x00000000c4e00000| Complete 
|  61|0x00000000c4f00000, 0x00000000c5000000, 0x00000000c5000000|100%| E|CS|TAMS 0x00000000c4f00000, 0x00000000c4f00000| Complete 
|  62|0x00000000c5000000, 0x00000000c5100000, 0x00000000c5100000|100%| E|CS|TAMS 0x00000000c5000000, 0x00000000c5000000| Complete 
|  63|0x00000000c5100000, 0x00000000c5200000, 0x00000000c5200000|100%| E|CS|TAMS 0x00000000c5100000, 0x00000000c5100000| Complete 

Card table byte_map: [0x000001c630610000,0x000001c630810000] _byte_map_base: 0x000001c630007000

Marking Bits (Prev, Next): (CMBitMap*) 0x000001c619cb8c10, (CMBitMap*) 0x000001c619cb8c50
 Prev Bits: [0x000001c630a10000, 0x000001c6319c8000)
 Next Bits: [0x000001c6319d0000, 0x000001c632988000)

Polling page: 0x000001c617ac0000

Metaspace:

Usage:
  Non-class:      9.04 MB used.
      Class:      1.09 MB used.
       Both:     10.14 MB used.

Virtual space:
  Non-class space:       16.00 MB reserved,       9.12 MB ( 57%) committed,  2 nodes.
      Class space:        1.00 GB reserved,       1.19 MB ( <1%) committed,  1 nodes.
              Both:        1.02 GB reserved,      10.31 MB ( <1%) committed. 

Chunk freelists:
   Non-Class:  2.46 MB
       Class:  2.71 MB
        Both:  5.18 MB

MaxMetaspaceSize: 17179869184.00 GB
CompressedClassSpaceSize: 1.00 GB
 - commit_granule_bytes: 65536.
 - commit_granule_words: 8192.
 - virtual_space_node_default_size: 1048576.
 - enlarge_chunks_in_place: 1.
 - new_chunks_are_fully_committed: 0.
 - uncommit_free_chunks: 1.
 - use_allocation_guard: 0.
 - handle_deallocations: 1.


Internal statistics:

num_allocs_failed_limit: 0.
num_arena_births: 128.
num_arena_deaths: 0.
num_vsnodes_births: 3.
num_vsnodes_deaths: 0.
num_space_committed: 166.
num_space_uncommitted: 0.
num_chunks_returned_to_freelist: 0.
num_chunks_taken_from_freelist: 255.
num_chunk_merges: 0.
num_chunk_splits: 161.
num_chunks_enlarged: 105.
num_purges: 0.

CodeHeap 'non-profiled nmethods': size=120000Kb used=417Kb max_used=417Kb free=119582Kb
 bounds [0x000001c628ee0000, 0x000001c629150000, 0x000001c630410000]
CodeHeap 'profiled nmethods': size=120000Kb used=2334Kb max_used=2334Kb free=117665Kb
 bounds [0x000001c6219b0000, 0x000001c621c20000, 0x000001c628ee0000]
CodeHeap 'non-nmethods': size=5760Kb used=1276Kb max_used=1286Kb free=4483Kb
 bounds [0x000001c621410000, 0x000001c621680000, 0x000001c6219b0000]
 total_blobs=1813 nmethods=1215 adapters=511
 compilation: enabled
              stopped_count=0, restarted_count=0
 full_count=0

Compilation events (20 events):
Event: 3.654 Thread 0x000001c634de79f0 1166       1       sun.security.util.KnownOIDs::aliases (5 bytes)
Event: 3.654 Thread 0x000001c634de79f0 nmethod 1166 0x000001c628f47990 code [0x000001c628f47b20, 0x000001c628f47bf8]
Event: 3.654 Thread 0x000001c634de79f0 1167       3       java.security.Provider$ServiceKey::<init> (39 bytes)
Event: 3.655 Thread 0x000001c634de79f0 nmethod 1167 0x000001c621bde910 code [0x000001c621bdeb00, 0x000001c621bdf028]
Event: 3.655 Thread 0x000001c634de79f0 1168       3       java.util.HashMap::entrySet (27 bytes)
Event: 3.655 Thread 0x000001c634de79f0 nmethod 1168 0x000001c621bdf210 code [0x000001c621bdf3e0, 0x000001c621bdf7f8]
Event: 3.655 Thread 0x000001c634de79f0 1169       3       java.util.HashMap$EntrySet::iterator (12 bytes)
Event: 3.655 Thread 0x000001c634de79f0 nmethod 1169 0x000001c621bdf990 code [0x000001c621bdfb40, 0x000001c621bdfda8]
Event: 3.655 Thread 0x000001c634de79f0 1170       3       java.util.Collections::emptyIterator (4 bytes)
Event: 3.655 Thread 0x000001c634de79f0 nmethod 1170 0x000001c621bdfe90 code [0x000001c621be0020, 0x000001c621be0118]
Event: 3.657 Thread 0x000001c634de79f0 1171       3       java.security.Provider::checkInitialized (16 bytes)
Event: 3.657 Thread 0x000001c634de79f0 nmethod 1171 0x000001c621be0190 code [0x000001c621be0340, 0x000001c621be0548]
Event: 3.657 Thread 0x000001c634de79f0 1173       3       java.security.Provider$Service::<init> (184 bytes)
Event: 3.658 Thread 0x000001c634de79f0 nmethod 1173 0x000001c621be0610 code [0x000001c621be0940, 0x000001c621be20f8]
Event: 3.658 Thread 0x000001c634de79f0 1174       3       java.security.Provider::getEngineName (49 bytes)
Event: 3.659 Thread 0x000001c634de79f0 nmethod 1174 0x000001c621be2710 code [0x000001c621be2940, 0x000001c621be31f8]
Event: 3.659 Thread 0x000001c634de79f0 1175       3       java.util.Collections$EmptyList::iterator (4 bytes)
Event: 3.659 Thread 0x000001c634de79f0 nmethod 1175 0x000001c621be3490 code [0x000001c621be3640, 0x000001c621be37b8]
Event: 3.667 Thread 0x000001c634de79f0 1176       3       java.lang.String::substring (10 bytes)
Event: 3.667 Thread 0x000001c634de79f0 nmethod 1176 0x000001c621be3890 code [0x000001c621be3a40, 0x000001c621be3c88]

GC Heap History (2 events):
Event: 2.880 GC heap before
{Heap before GC invocations=0 (full 0):
 garbage-first heap   total 65536K, used 14336K [0x00000000c1200000, 0x0000000100000000)
  region size 1024K, 13 young (13312K), 0 survivors (0K)
 Metaspace       used 8550K, committed 8768K, reserved 1064960K
  class space    used 907K, committed 1024K, reserved 1048576K
}
Event: 2.893 GC heap after
{Heap after GC invocations=1 (full 0):
 garbage-first heap   total 65536K, used 5267K [0x00000000c1200000, 0x0000000100000000)
  region size 1024K, 2 young (2048K), 2 survivors (2048K)
 Metaspace       used 8550K, committed 8768K, reserved 1064960K
  class space    used 907K, committed 1024K, reserved 1048576K
}

Deoptimization events (20 events):
Event: 3.396 Thread 0x000001c619c883e0 Uncommon trap: trap_request=0xffffffc6 fr.pc=0x000001c628f3f958 relative=0x0000000000000478
Event: 3.396 Thread 0x000001c619c883e0 Uncommon trap: reason=bimorphic_or_optimized_type_check action=maybe_recompile pc=0x000001c628f3f958 method=java.util.HashMap.getNode(Ljava/lang/Object;)Ljava/util/HashMap$Node; @ 128 c2
Event: 3.396 Thread 0x000001c619c883e0 DEOPT PACKING pc=0x000001c628f3f958 sp=0x000000b7418fda50
Event: 3.396 Thread 0x000001c619c883e0 DEOPT UNPACKING pc=0x000001c62145d72e sp=0x000000b7418fd968 mode 2
Event: 3.396 Thread 0x000001c619c883e0 Uncommon trap: trap_request=0xffffffc6 fr.pc=0x000001c628f3f958 relative=0x0000000000000478
Event: 3.396 Thread 0x000001c619c883e0 Uncommon trap: reason=bimorphic_or_optimized_type_check action=maybe_recompile pc=0x000001c628f3f958 method=java.util.HashMap.getNode(Ljava/lang/Object;)Ljava/util/HashMap$Node; @ 128 c2
Event: 3.396 Thread 0x000001c619c883e0 DEOPT PACKING pc=0x000001c628f3f958 sp=0x000000b7418fda50
Event: 3.396 Thread 0x000001c619c883e0 DEOPT UNPACKING pc=0x000001c62145d72e sp=0x000000b7418fd968 mode 2
Event: 3.396 Thread 0x000001c619c883e0 Uncommon trap: trap_request=0xffffffc6 fr.pc=0x000001c628f3f958 relative=0x0000000000000478
Event: 3.396 Thread 0x000001c619c883e0 Uncommon trap: reason=bimorphic_or_optimized_type_check action=maybe_recompile pc=0x000001c628f3f958 method=java.util.HashMap.getNode(Ljava/lang/Object;)Ljava/util/HashMap$Node; @ 128 c2
Event: 3.396 Thread 0x000001c619c883e0 DEOPT PACKING pc=0x000001c628f3f958 sp=0x000000b7418fda50
Event: 3.396 Thread 0x000001c619c883e0 DEOPT UNPACKING pc=0x000001c62145d72e sp=0x000000b7418fd968 mode 2
Event: 3.396 Thread 0x000001c619c883e0 Uncommon trap: trap_request=0xffffffc6 fr.pc=0x000001c628f3f958 relative=0x0000000000000478
Event: 3.396 Thread 0x000001c619c883e0 Uncommon trap: reason=bimorphic_or_optimized_type_check action=maybe_recompile pc=0x000001c628f3f958 method=java.util.HashMap.getNode(Ljava/lang/Object;)Ljava/util/HashMap$Node; @ 128 c2
Event: 3.396 Thread 0x000001c619c883e0 DEOPT PACKING pc=0x000001c628f3f958 sp=0x000000b7418fda50
Event: 3.396 Thread 0x000001c619c883e0 DEOPT UNPACKING pc=0x000001c62145d72e sp=0x000000b7418fd968 mode 2
Event: 3.396 Thread 0x000001c619c883e0 Uncommon trap: trap_request=0xffffffc6 fr.pc=0x000001c628f403c8 relative=0x0000000000000468
Event: 3.397 Thread 0x000001c619c883e0 Uncommon trap: reason=bimorphic_or_optimized_type_check action=maybe_recompile pc=0x000001c628f403c8 method=java.util.HashMap.getNode(Ljava/lang/Object;)Ljava/util/HashMap$Node; @ 128 c2
Event: 3.397 Thread 0x000001c619c883e0 DEOPT PACKING pc=0x000001c628f403c8 sp=0x000000b7418fd9e0
Event: 3.397 Thread 0x000001c619c883e0 DEOPT UNPACKING pc=0x000001c62145d72e sp=0x000000b7418fd968 mode 2

Classes unloaded (0 events):
No events

Classes redefined (0 events):
No events

Internal exceptions (20 events):
Event: 0.199 Thread 0x000001c619c883e0 Exception <a 'sun/nio/fs/WindowsException'{0x00000000c50325e8}> (0x00000000c50325e8) 
thrown [t:\workspace\open\src\hotspot\share\prims\jni.cpp, line 579]
Event: 0.199 Thread 0x000001c619c883e0 Exception <a 'sun/nio/fs/WindowsException'{0x00000000c50331a0}> (0x00000000c50331a0) 
thrown [t:\workspace\open\src\hotspot\share\prims\jni.cpp, line 579]
Event: 0.275 Thread 0x000001c619c883e0 Exception <a 'java/lang/NoSuchMethodError'{0x00000000c50f4900}: 'void java.lang.invoke.DirectMethodHandle$Holder.invokeSpecial(java.lang.Object, java.lang.Object, java.lang.Object)'> (0x00000000c50f4900) 
thrown [t:\workspace\open\src\hotspot\share\interpreter\linkResolver.cpp, line 790]
Event: 0.292 Thread 0x000001c619c883e0 Exception <a 'java/lang/ClassNotFoundException'{0x00000000c4f0bba8}: sun/awt/resources/spi/awtProvider> (0x00000000c4f0bba8) 
thrown [t:\workspace\open\src\hotspot\share\classfile\systemDictionary.cpp, line 256]
Event: 0.333 Thread 0x000001c619c883e0 Exception <a 'java/io/FileNotFoundException'{0x00000000c4f601b8}> (0x00000000c4f601b8) 
thrown [t:\workspace\open\src\hotspot\share\prims\jni.cpp, line 579]
Event: 0.349 Thread 0x000001c619c883e0 Exception <a 'java/io/FileNotFoundException'{0x00000000c4f8f248}> (0x00000000c4f8f248) 
thrown [t:\workspace\open\src\hotspot\share\prims\jni.cpp, line 579]
Event: 0.350 Thread 0x000001c619c883e0 Exception <a 'java/lang/NoSuchMethodError'{0x00000000c4f90340}: 'java.lang.Object java.lang.invoke.DirectMethodHandle$Holder.invokeStatic(java.lang.Object)'> (0x00000000c4f90340) 
thrown [t:\workspace\open\src\hotspot\share\interpreter\linkResolver.cpp, line 790]
Event: 0.420 Thread 0x000001c619c883e0 Exception <a 'java/lang/NoSuchMethodError'{0x00000000c4fdfb48}: 'java.lang.Object java.lang.invoke.DirectMethodHandle$Holder.invokeStaticInit(java.lang.Object)'> (0x00000000c4fdfb48) 
thrown [t:\workspace\open\src\hotspot\share\interpreter\linkResolver.cpp, line 790]
Event: 0.828 Thread 0x000001c619c883e0 Exception <a 'java/lang/NoSuchMethodError'{0x00000000c4e942e0}: 'java.lang.Object java.lang.invoke.DirectMethodHandle$Holder.newInvokeSpecial(java.lang.Object, java.lang.Object, java.lang.Object, java.lang.Object, java.lang.Object)'> (0x00000000c4e942e0) 
thrown [t:\workspace\open\src\hotspot\share\interpreter\linkResolver.cpp, line 790]
Event: 0.831 Thread 0x000001c619c883e0 Exception <a 'java/lang/NoSuchMethodError'{0x00000000c4e9fdc8}: 'java.lang.Object java.lang.invoke.DirectMethodHandle$Holder.invokeStatic(java.lang.Object, int, java.lang.Object, java.lang.Object, java.lang.Object, java.lang.Object)'> (0x00000000c4e9fdc8) 
thrown [t:\workspace\open\src\hotspot\share\interpreter\linkResolver.cpp, line 790]
Event: 0.839 Thread 0x000001c619c883e0 Exception <a 'java/lang/NoSuchMethodError'{0x00000000c4ec5e90}: 'java.lang.Object java.lang.invoke.DirectMethodHandle$Holder.invokeStatic(java.lang.Object, int, java.lang.Object)'> (0x00000000c4ec5e90) 
thrown [t:\workspace\open\src\hotspot\share\interpreter\linkResolver.cpp, line 790]
Event: 0.911 Thread 0x000001c619c883e0 Exception <a 'java/lang/ClassNotFoundException'{0x00000000c4d7ea60}: com/sun/swing/internal/plaf/metal/resources/spi/metalProvider> (0x00000000c4d7ea60) 
thrown [t:\workspace\open\src\hotspot\share\classfile\systemDictionary.cpp, line 256]
Event: 0.914 Thread 0x000001c619c883e0 Exception <a 'java/lang/ClassNotFoundException'{0x00000000c4d82ac8}: com/sun/swing/internal/plaf/basic/resources/spi/basicProvider> (0x00000000c4d82ac8) 
thrown [t:\workspace\open\src\hotspot\share\classfile\systemDictionary.cpp, line 256]
Event: 1.876 Thread 0x000001c6358a23a0 Exception <a 'java/lang/NoSuchMethodError'{0x00000000c4b43f30}: 'java.lang.Object java.lang.invoke.DirectMethodHandle$Holder.newInvokeSpecial(java.lang.Object, java.lang.Object, java.lang.Object, int, int, int, int, int)'> (0x00000000c4b43f30) 
thrown [t:\workspace\open\src\hotspot\share\interpreter\linkResolver.cpp, line 790]
Event: 2.421 Thread 0x000001c619c883e0 Exception <a 'java/lang/NoSuchMethodError'{0x00000000c49b7160}: 'java.lang.Object java.lang.invoke.DirectMethodHandle$Holder.invokeInterface(java.lang.Object, java.lang.Object)'> (0x00000000c49b7160) 
thrown [t:\workspace\open\src\hotspot\share\interpreter\linkResolver.cpp, line 790]
Event: 2.497 Thread 0x000001c619c883e0 Exception <a 'java/lang/NoSuchMethodError'{0x00000000c4848c60}: 'void java.lang.invoke.DirectMethodHandle$Holder.invokeStatic(java.lang.Object, java.lang.Object, java.lang.Object)'> (0x00000000c4848c60) 
thrown [t:\workspace\open\src\hotspot\share\interpreter\linkResolver.cpp, line 790]
Event: 2.500 Thread 0x000001c619c883e0 Exception <a 'java/lang/NoSuchMethodError'{0x00000000c4852fc8}: 'java.lang.Object java.lang.invoke.DirectMethodHandle$Holder.invokeVirtual(java.lang.Object, java.lang.Object, java.lang.Object)'> (0x00000000c4852fc8) 
thrown [t:\workspace\open\src\hotspot\share\interpreter\linkResolver.cpp, line 790]
Event: 2.818 Thread 0x000001c619c883e0 Exception <a 'java/lang/NoSuchMethodError'{0x00000000c457e898}: 'void java.lang.invoke.DirectMethodHandle$Holder.invokeStatic(java.lang.Object, java.lang.Object)'> (0x00000000c457e898) 
thrown [t:\workspace\open\src\hotspot\share\interpreter\linkResolver.cpp, line 790]
Event: 3.236 Thread 0x000001c619c883e0 Exception <a 'java/lang/NoSuchMethodError'{0x00000000c50f4dd8}: 'void java.lang.invoke.DirectMethodHandle$Holder.invokeStaticInit(java.lang.Object, java.lang.Object)'> (0x00000000c50f4dd8) 
thrown [t:\workspace\open\src\hotspot\share\interpreter\linkResolver.cpp, line 790]
Event: 3.666 Thread 0x000001c619c883e0 Exception <a 'sun/nio/fs/WindowsException'{0x00000000c4e2fce0}> (0x00000000c4e2fce0) 
thrown [t:\workspace\open\src\hotspot\share\prims\jni.cpp, line 579]

Events (20 events):
Event: 3.646 loading class sun/security/jca/ProviderList$ServiceList$1
Event: 3.647 loading class sun/security/jca/ProviderList$ServiceList$1 done
Event: 3.647 loading class com/sun/crypto/provider/SunJCE
Event: 3.653 loading class com/sun/crypto/provider/SunJCE done
Event: 3.659 loading class javax/crypto/JceSecurity
Event: 3.659 loading class javax/crypto/JceSecurity done
Event: 3.660 loading class javax/crypto/JceSecurity$1
Event: 3.660 loading class javax/crypto/JceSecurity$1 done
Event: 3.660 loading class sun/nio/fs/WindowsFileSystemProvider$1
Event: 3.666 loading class sun/nio/fs/WindowsFileSystemProvider$1 done
Event: 3.667 loading class sun/nio/fs/Globs
Event: 3.667 loading class sun/nio/fs/Globs done
Event: 3.667 loading class java/util/regex/Pattern$SliceU
Event: 3.667 loading class java/util/regex/Pattern$SliceU done
Event: 3.668 loading class sun/nio/fs/WindowsFileSystem$2
Event: 3.668 loading class java/nio/file/PathMatcher
Event: 3.676 loading class java/nio/file/PathMatcher done
Event: 3.676 loading class sun/nio/fs/WindowsFileSystem$2 done
Event: 3.676 loading class java/nio/file/Files$1
Event: 3.676 loading class java/nio/file/Files$1 done


Dynamic libraries:
0x00007ff73c2c0000 - 0x00007ff73c2d0000 	C:\Program Files\Java\jdk-16.0.2\bin\java.exe
0x00007fff7f0b0000 - 0x00007fff7f2a8000 	C:\WINDOWS\SYSTEM32\ntdll.dll
0x00007fff7e150000 - 0x00007fff7e20d000 	C:\WINDOWS\System32\KERNEL32.DLL
0x00007fff7ccb0000 - 0x00007fff7cf7e000 	C:\WINDOWS\System32\KERNELBASE.dll
0x00007fff7ca00000 - 0x00007fff7cb00000 	C:\WINDOWS\System32\ucrtbase.dll
0x00007fff6e9d0000 - 0x00007fff6e9e9000 	C:\Program Files\Java\jdk-16.0.2\bin\VCRUNTIME140.dll
0x00007fff6d320000 - 0x00007fff6d338000 	C:\Program Files\Java\jdk-16.0.2\bin\jli.dll
0x00007fff7e600000 - 0x00007fff7e6ae000 	C:\WINDOWS\System32\ADVAPI32.dll
0x00007fff7d6e0000 - 0x00007fff7d77e000 	C:\WINDOWS\System32\msvcrt.dll
0x00007fff7d450000 - 0x00007fff7d4ec000 	C:\WINDOWS\System32\sechost.dll
0x00007fff7d110000 - 0x00007fff7d235000 	C:\WINDOWS\System32\RPCRT4.dll
0x00007fff7d2a0000 - 0x00007fff7d440000 	C:\WINDOWS\System32\USER32.dll
0x00007fff7d0e0000 - 0x00007fff7d102000 	C:\WINDOWS\System32\win32u.dll
0x00007fff7e570000 - 0x00007fff7e59a000 	C:\WINDOWS\System32\GDI32.dll
0x00007fff7cfd0000 - 0x00007fff7d0db000 	C:\WINDOWS\System32\gdi32full.dll
0x00007fff7c7d0000 - 0x00007fff7c86d000 	C:\WINDOWS\System32\msvcp_win.dll
0x00007fff71b90000 - 0x00007fff71e2a000 	C:\WINDOWS\WinSxS\amd64_microsoft.windows.common-controls_6595b64144ccf1df_6.0.19041.1110_none_60b5254171f9507e\COMCTL32.dll
0x00007fff71e40000 - 0x00007fff71e4a000 	C:\WINDOWS\SYSTEM32\VERSION.dll
0x00007fff7f040000 - 0x00007fff7f070000 	C:\WINDOWS\System32\IMM32.DLL
0x00007fff76330000 - 0x00007fff7633c000 	C:\Program Files\Java\jdk-16.0.2\bin\vcruntime140_1.dll
0x00007fff6d180000 - 0x00007fff6d211000 	C:\Program Files\Java\jdk-16.0.2\bin\msvcp140.dll
0x00007fff29230000 - 0x00007fff29ddb000 	C:\Program Files\Java\jdk-16.0.2\bin\server\jvm.dll
0x00007fff7d440000 - 0x00007fff7d448000 	C:\WINDOWS\System32\PSAPI.DLL
0x00007fff7b020000 - 0x00007fff7b029000 	C:\WINDOWS\SYSTEM32\WSOCK32.dll
0x00007fff6a000000 - 0x00007fff6a027000 	C:\WINDOWS\SYSTEM32\WINMM.dll
0x00007fff7e6b0000 - 0x00007fff7e71b000 	C:\WINDOWS\System32\WS2_32.dll
0x00007fff7b190000 - 0x00007fff7b1a2000 	C:\WINDOWS\SYSTEM32\kernel.appcore.dll
0x00007fff75630000 - 0x00007fff7563a000 	C:\Program Files\Java\jdk-16.0.2\bin\jimage.dll
0x00007fff7a580000 - 0x00007fff7a764000 	C:\WINDOWS\SYSTEM32\DBGHELP.DLL
0x00007fff70ff0000 - 0x00007fff7101c000 	C:\WINDOWS\SYSTEM32\dbgcore.DLL
0x00007fff7cb00000 - 0x00007fff7cb82000 	C:\WINDOWS\System32\bcryptPrimitives.dll
0x00007fff6df80000 - 0x00007fff6dfa5000 	C:\Program Files\Java\jdk-16.0.2\bin\java.dll
0x00007fff7da00000 - 0x00007fff7e144000 	C:\WINDOWS\System32\SHELL32.dll
0x00007fff7a770000 - 0x00007fff7af04000 	C:\WINDOWS\SYSTEM32\windows.storage.dll
0x00007fff7e210000 - 0x00007fff7e564000 	C:\WINDOWS\System32\combase.dll
0x00007fff7c230000 - 0x00007fff7c260000 	C:\WINDOWS\SYSTEM32\Wldp.dll
0x00007fff7d7b0000 - 0x00007fff7d85d000 	C:\WINDOWS\System32\SHCORE.dll
0x00007fff7edd0000 - 0x00007fff7ee25000 	C:\WINDOWS\System32\shlwapi.dll
0x00007fff7c710000 - 0x00007fff7c72f000 	C:\WINDOWS\SYSTEM32\profapi.dll
0x00007fff6e9b0000 - 0x00007fff6e9c9000 	C:\Program Files\Java\jdk-16.0.2\bin\net.dll
0x00007fff754a0000 - 0x00007fff755aa000 	C:\WINDOWS\SYSTEM32\WINHTTP.dll
0x00007fff7bf90000 - 0x00007fff7bffa000 	C:\WINDOWS\system32\mswsock.dll
0x00007fff6de80000 - 0x00007fff6de93000 	C:\Program Files\Java\jdk-16.0.2\bin\nio.dll
0x00007fff6dba0000 - 0x00007fff6dbb8000 	C:\Program Files\Java\jdk-16.0.2\bin\zip.dll
0x00007fff6b150000 - 0x00007fff6b2d0000 	C:\Program Files\Java\jdk-16.0.2\bin\awt.dll
0x00007fff7d610000 - 0x00007fff7d6dd000 	C:\WINDOWS\System32\OLEAUT32.dll
0x00007fff79c20000 - 0x00007fff79cb0000 	C:\WINDOWS\SYSTEM32\apphelp.dll
0x00007fff7a1d0000 - 0x00007fff7a1ff000 	C:\WINDOWS\system32\DWMAPI.DLL
0x00007fff79ef0000 - 0x00007fff79f8e000 	C:\WINDOWS\system32\uxtheme.dll
0x00007fff689b0000 - 0x00007fff68ad7000 	C:\WINDOWS\system32\opengl32.dll
0x00007fff68980000 - 0x00007fff689ac000 	C:\WINDOWS\SYSTEM32\GLU32.dll
0x00007fff7d4f0000 - 0x00007fff7d605000 	C:\WINDOWS\System32\MSCTF.dll
0x00007fff7ee30000 - 0x00007fff7ef5a000 	C:\WINDOWS\System32\ole32.dll
0x00007fff7bc70000 - 0x00007fff7bd3a000 	C:\WINDOWS\SYSTEM32\DNSAPI.dll
0x00007fff7bc30000 - 0x00007fff7bc6b000 	C:\WINDOWS\SYSTEM32\IPHLPAPI.DLL
0x00007fff7d7a0000 - 0x00007fff7d7a8000 	C:\WINDOWS\System32\NSI.dll
0x00007fff724b0000 - 0x00007fff724ba000 	C:\Windows\System32\rasadhlp.dll
0x00007fff71fa0000 - 0x00007fff72020000 	C:\WINDOWS\System32\fwpuclnt.dll
0x00007fff7c9d0000 - 0x00007fff7c9f7000 	C:\WINDOWS\System32\bcrypt.dll
0x00007fff6ea40000 - 0x00007fff6ea4e000 	C:\Program Files\Java\jdk-16.0.2\bin\sunmscapi.dll
0x00007fff7c870000 - 0x00007fff7c9c6000 	C:\WINDOWS\System32\CRYPT32.dll
0x00007fff7c2a0000 - 0x00007fff7c2c7000 	C:\WINDOWS\SYSTEM32\ncrypt.dll
0x00007fff7c260000 - 0x00007fff7c29b000 	C:\WINDOWS\SYSTEM32\NTASN1.dll

dbghelp: loaded successfully - version: 4.0.5 - missing functions: none
symbol engine: initialized successfully - sym options: 0x614 - pdb path: .;C:\Program Files\Java\jdk-16.0.2\bin;C:\WINDOWS\SYSTEM32;C:\WINDOWS\WinSxS\amd64_microsoft.windows.common-controls_6595b64144ccf1df_6.0.19041.1110_none_60b5254171f9507e;C:\Program Files\Java\jdk-16.0.2\bin\server

VM Arguments:
jvm_args: -Dfile.encoding=UTF-8 --module-path=C:\Users\KARAN\Documents\NetBeansProjects\Employee-Management-System\build\classes 
java_command: employee.management.system.Employee_Attendance
java_class_path (initial): C:\rs2xml\rs2xml.jar;C:\mysql-connector-java-8.0.27;C:\mysql-connector-java-8.0.27\mysql-connector-java-8.0.27.jar;C:\Users\KARAN\Documents\NetBeansProjects\Employee-Management-System\build\classes
Launcher Type: SUN_STANDARD

[Global flags]
     intx CICompilerCount                          = 3                                         {product} {ergonomic}
     uint ConcGCThreads                            = 1                                         {product} {ergonomic}
     uint G1ConcRefinementThreads                  = 4                                         {product} {ergonomic}
   size_t G1HeapRegionSize                         = 1048576                                   {product} {ergonomic}
    uintx GCDrainStackTargetSize                   = 64                                        {product} {ergonomic}
   size_t InitialHeapSize                          = 67108864                                  {product} {ergonomic}
   size_t MarkStackSize                            = 4194304                                   {product} {ergonomic}
   size_t MaxHeapSize                              = 1054867456                                {product} {ergonomic}
   size_t MaxNewSize                               = 632291328                                 {product} {ergonomic}
   size_t MinHeapDeltaBytes                        = 1048576                                   {product} {ergonomic}
   size_t MinHeapSize                              = 8388608                                   {product} {ergonomic}
    uintx NonNMethodCodeHeapSize                   = 5832780                                {pd product} {ergonomic}
    uintx NonProfiledCodeHeapSize                  = 122912730                              {pd product} {ergonomic}
    uintx ProfiledCodeHeapSize                     = 122912730                              {pd product} {ergonomic}
    uintx ReservedCodeCacheSize                    = 251658240                              {pd product} {ergonomic}
     bool SegmentedCodeCache                       = true                                      {product} {ergonomic}
   size_t SoftMaxHeapSize                          = 1054867456                             {manageable} {ergonomic}
     bool UseCompressedClassPointers               = true                           {product lp64_product} {ergonomic}
     bool UseCompressedOops                        = true                           {product lp64_product} {ergonomic}
     bool UseG1GC                                  = true                                      {product} {ergonomic}
     bool UseLargePagesIndividualAllocation        = false                                  {pd product} {ergonomic}

Logging:
Log output configuration:
 #0: stdout all=warning uptime,level,tags
 #1: stderr all=off uptime,level,tags

Environment Variables:
JAVA_HOME=C:\Program Files\Java\jdk-16.0.2
PATH=E:\app\KARAN\product\11.2.0\dbhome_1\bin;C:\Program Files\Common Files\Oracle\Java\javapath;C:\WINDOWS\system32;C:\WINDOWS;C:\WINDOWS\System32\Wbem;C:\WINDOWS\System32\WindowsPowerShell\v1.0\;C:\WINDOWS\System32\OpenSSH\;C:\Program Files\dotnet\;C:\Program Files\Java\jdk-16.0.2\bin;C:\TDM-GCC-32\bin;C:\Program Files (x86)\Git\cmd;C:\Users\KARAN\AppData\Local\Programs\Python\Python310\Scripts\;C:\Users\KARAN\AppData\Local\Programs\Python\Python310\;C:\Program Files\MySQL\MySQL Shell 8.0\bin\;C:\Program Files\Java\jdk1.8.0_101\bin;C:\Users\KARAN\AppData\Local\Microsoft\WindowsApps;C:\Users\KARAN\AppData\Local\Programs\Microsoft VS Code\bin;C:\Program Files (x86)\mingw-w64\i686-7.1.0-posix-dwarf-rt_v5-rev2\mingw32\gcc;C:\Program Files\CodeBlocks\MinGW\bin;C:\Program Files\MinGW\bin;C:\Program Files\JetBrains\PyCharm Community Edition 2021.3.1\bin;;C:\Users\KARAN\AppData\Local\GitHubDesktop\bin
USERNAME=KARAN
OS=Windows_NT
PROCESSOR_IDENTIFIER=Intel64 Family 6 Model 61 Stepping 4, GenuineIntel



---------------  S Y S T E M  ---------------

OS:
 Windows 10 , 64 bit Build 19041 (10.0.19041.1889)
OS uptime: 0 days 12:40 hours

CPU: total 4 (initial active 4) (2 cores per cpu, 2 threads per core) family 6 model 61 stepping 4 microcode 0x2d, cx8, cmov, fxsr, ht, mmx, 3dnowpref, sse, sse2, sse3, ssse3, sse4.1, sse4.2, popcnt, lzcnt, tsc, tscinvbit, avx, avx2, aes, erms, clmul, bmi1, bmi2, adx, fma, vzeroupper, clflush

Memory: 4k page, system-wide physical 4016M (246M free)
TotalPageFile size 16304M (AvailPageFile size 2M)
current process WorkingSet (physical memory assigned to process): 75M, peak: 75M
current process commit charge ("private bytes"): 155M, peak: 155M

vm_info: Java HotSpot(TM) 64-Bit Server VM (16.0.2+7-67) for windows-amd64 JRE (16.0.2+7-67), built on Jun  8 2021 23:24:19 by "mach5one" with MS VC++ 16.7 (VS2019)

END.
