#
# There is insufficient memory for the Java Runtime Environment to continue.
# Native memory allocation (malloc) failed to allocate 126560 bytes for Chunk::new
# Possible reasons:
#   The system is out of physical RAM or swap space
#   The process is running with CompressedOops enabled, and the Java Heap may be blocking the growth of the native heap
# Possible solutions:
#   Reduce memory load on the system
#   Increase physical memory or swap space
#   Check if swap backing store is full
#   Decrease Java heap size (-Xmx/-Xms)
#   Decrease number of Java threads
#   Decrease Java thread stack sizes (-Xss)
#   Set larger code cache with -XX:ReservedCodeCacheSize=
#   JVM is running with Unscaled Compressed Oops mode in which the Java heap is
#     placed in the first 4GB address space. The Java Heap base address is the
#     maximum limit for the native heap growth. Please use -XX:HeapBaseMinAddress
#     to set the Java Heap base and to place the Java Heap above 4GB virtual address.
# This output file may be truncated or incomplete.
#
#  Out of Memory Error (arena.cpp:195), pid=16016, tid=3112
#
# JRE version: Java(TM) SE Runtime Environment (16.0.2+7) (build 16.0.2+7-67)
# Java VM: Java HotSpot(TM) 64-Bit Server VM (16.0.2+7-67, mixed mode, sharing, tiered, compressed oops, compressed class ptrs, g1 gc, windows-amd64)
# No core dump will be written. Minidumps are not enabled by default on client versions of Windows
#

---------------  S U M M A R Y ------------

Command Line: -Dfile.encoding=UTF-8 --module-path=C:\Users\KARAN\Documents\NetBeansProjects\Employee-Management-System\build\classes employee.management.system.Employee_Attendance

Host: Intel(R) Core(TM) i3-5005U CPU @ 2.00GHz, 4 cores, 3G,  Windows 10 , 64 bit Build 19041 (10.0.19041.1889)
Time: Mon Aug 15 02:58:14 2022 India Standard Time elapsed time: 3.620710 seconds (0d 0h 0m 3s)

---------------  T H R E A D  ---------------

Current thread (0x0000026eb72ce410):  JavaThread "C2 CompilerThread0" daemon [_thread_in_native, id=3112, stack(0x00000072d6600000,0x00000072d6700000)]


Current CompileTask:
C2:   3620  862       4       java.util.Properties::loadConvert (544 bytes)

Stack: [0x00000072d6600000,0x00000072d6700000]
Native frames: (J=compiled Java code, j=interpreted, Vv=VM code, C=native code)
V  [jvm.dll+0x6681ca]
V  [jvm.dll+0x7c9e69]
V  [jvm.dll+0x7cb61e]
V  [jvm.dll+0x7cbc73]
V  [jvm.dll+0x242c55]
V  [jvm.dll+0xadeba]
V  [jvm.dll+0xae45c]
V  [jvm.dll+0x35a8d7]
V  [jvm.dll+0x1b9785]
V  [jvm.dll+0x215e16]
V  [jvm.dll+0x215100]
V  [jvm.dll+0x1a1beb]
V  [jvm.dll+0x225158]
V  [jvm.dll+0x22319c]
V  [jvm.dll+0x77fa62]
V  [jvm.dll+0x7795aa]
V  [jvm.dll+0x667066]
C  [ucrtbase.dll+0x21bb2]
C  [KERNEL32.DLL+0x17034]
C  [ntdll.dll+0x52651]


---------------  P R O C E S S  ---------------

Threads class SMR info:
_java_thread_list=0x0000026eb8832b40, length=16, elements={
0x0000026e9a2491c0, 0x0000026eb72b4180, 0x0000026eb72b5040, 0x0000026eb72c5110,
0x0000026eb72c5d10, 0x0000026eb72c8720, 0x0000026eb72cc620, 0x0000026eb72ce410,
0x0000026eb72d9530, 0x0000026eb72ebf60, 0x0000026eb73bea30, 0x0000026eb7d9d470,
0x0000026eb7f9aad0, 0x0000026eb7f57010, 0x0000026eb7e32320, 0x0000026eb87d7050
}

Java Threads: ( => current thread )
  0x0000026e9a2491c0 JavaThread "main" [_thread_in_vm, id=3976, stack(0x00000072d5900000,0x00000072d5a00000)]
  0x0000026eb72b4180 JavaThread "Reference Handler" daemon [_thread_blocked, id=20456, stack(0x00000072d6000000,0x00000072d6100000)]
  0x0000026eb72b5040 JavaThread "Finalizer" daemon [_thread_blocked, id=19784, stack(0x00000072d6100000,0x00000072d6200000)]
  0x0000026eb72c5110 JavaThread "Signal Dispatcher" daemon [_thread_blocked, id=15256, stack(0x00000072d6200000,0x00000072d6300000)]
  0x0000026eb72c5d10 JavaThread "Attach Listener" daemon [_thread_blocked, id=12540, stack(0x00000072d6300000,0x00000072d6400000)]
  0x0000026eb72c8720 JavaThread "Service Thread" daemon [_thread_blocked, id=1844, stack(0x00000072d6400000,0x00000072d6500000)]
  0x0000026eb72cc620 JavaThread "Monitor Deflation Thread" daemon [_thread_blocked, id=8648, stack(0x00000072d6500000,0x00000072d6600000)]
=>0x0000026eb72ce410 JavaThread "C2 CompilerThread0" daemon [_thread_in_native, id=3112, stack(0x00000072d6600000,0x00000072d6700000)]
  0x0000026eb72d9530 JavaThread "C1 CompilerThread0" daemon [_thread_blocked, id=18900, stack(0x00000072d6700000,0x00000072d6800000)]
  0x0000026eb72ebf60 JavaThread "Sweeper thread" daemon [_thread_blocked, id=18024, stack(0x00000072d6800000,0x00000072d6900000)]
  0x0000026eb73bea30 JavaThread "Common-Cleaner" daemon [_thread_blocked, id=18748, stack(0x00000072d6900000,0x00000072d6a00000)]
  0x0000026eb7d9d470 JavaThread "Notification Thread" daemon [_thread_blocked, id=12048, stack(0x00000072d6a00000,0x00000072d6b00000)]
  0x0000026eb7f9aad0 JavaThread "Java2D Disposer" daemon [_thread_blocked, id=21664, stack(0x00000072d6c00000,0x00000072d6d00000)]
  0x0000026eb7f57010 JavaThread "AWT-Windows" daemon [_thread_in_native, id=6532, stack(0x00000072d6e00000,0x00000072d6f00000)]
  0x0000026eb7e32320 JavaThread "Image Fetcher 0" daemon [_thread_blocked, id=14964, stack(0x00000072d6f00000,0x00000072d7000000)]
  0x0000026eb87d7050 JavaThread "mysql-cj-abandoned-connection-cleanup" daemon [_thread_blocked, id=3148, stack(0x00000072d6d00000,0x00000072d6e00000)]

Other Threads:
  0x0000026eb72af520 VMThread "VM Thread" [stack: 0x00000072d5f00000,0x00000072d6000000] [id=20400]
  0x0000026eb729ad40 WatcherThread [stack: 0x00000072d6b00000,0x00000072d6c00000] [id=7772]
  0x0000026e9a278230 GCTaskThread "GC Thread#0" [stack: 0x00000072d5a00000,0x00000072d5b00000] [id=12488]
  0x0000026e9a2834d0 ConcurrentGCThread "G1 Main Marker" [stack: 0x00000072d5b00000,0x00000072d5c00000] [id=4728]
  0x0000026e9a2846e0 ConcurrentGCThread "G1 Conc#0" [stack: 0x00000072d5c00000,0x00000072d5d00000] [id=10524]
  0x0000026e9a2d2440 ConcurrentGCThread "G1 Refine#0" [stack: 0x00000072d5d00000,0x00000072d5e00000] [id=10684]
  0x0000026e9a2d2ec0 ConcurrentGCThread "G1 Service" [stack: 0x00000072d5e00000,0x00000072d5f00000] [id=2148]

Threads with active compile tasks:
C2 CompilerThread0     3918  862       4       java.util.Properties::loadConvert (544 bytes)

VM state: not at safepoint (normal execution)

VM Mutex/Monitor currently owned by a thread:  ([mutex/lock_event])
[0x0000026e9a2441e0] MetaspaceExpand_lock - owner thread: 0x0000026e9a2491c0

Heap address: 0x00000000c1200000, size: 1006 MB, Compressed Oops mode: 32-bit

CDS archive(s) mapped at: [0x0000000800000000-0x0000000800bb0000-0x0000000800bb0000), size 12255232, SharedBaseAddress: 0x0000000800000000, ArchiveRelocationMode: 0.
Compressed class space mapped at: 0x0000000800c00000-0x0000000840c00000, reserved size: 1073741824
Narrow klass base: 0x0000000800000000, Narrow klass shift: 3, Narrow klass range: 0x100000000

GC Precious Log:
 CPUs: 4 total, 4 available
 Memory: 4016M
 Large Page Support: Disabled
 NUMA Support: Disabled
 Compressed Oops: Enabled (32-bit)
 Heap Region Size: 1M
 Heap Min Capacity: 8M
 Heap Initial Capacity: 64M
 Heap Max Capacity: 1006M
 Pre-touch: Disabled
 Parallel Workers: 4
 Concurrent Workers: 1
 Concurrent Refinement Workers: 4
 Periodic GC: Disabled

Heap:
 garbage-first heap   total 65536K, used 12288K [0x00000000c1200000, 0x0000000100000000)
  region size 1024K, 11 young (11264K), 0 survivors (0K)
 Metaspace       used 7110K, committed 7296K, reserved 1056768K
  class space    used 764K, committed 896K, reserved 1048576K

Heap Regions: E=young(eden), S=young(survivor), O=old, HS=humongous(starts), HC=humongous(continues), CS=collection set, F=free, OA=open archive, CA=closed archive, TAMS=top-at-mark-start (previous, next)
|   0|0x00000000c1200000, 0x00000000c1300000, 0x00000000c1300000|100%|HS|  |TAMS 0x00000000c1200000, 0x00000000c1200000| Complete 
|   1|0x00000000c1300000, 0x00000000c1400000, 0x00000000c1400000|100%|HS|  |TAMS 0x00000000c1300000, 0x00000000c1300000| Complete 
|   2|0x00000000c1400000, 0x00000000c1400000, 0x00000000c1500000|  0%| F|  |TAMS 0x00000000c1400000, 0x00000000c1400000| Untracked 
|   3|0x00000000c1500000, 0x00000000c1500000, 0x00000000c1600000|  0%| F|  |TAMS 0x00000000c1500000, 0x00000000c1500000| Untracked 
|   4|0x00000000c1600000, 0x00000000c1600000, 0x00000000c1700000|  0%| F|  |TAMS 0x00000000c1600000, 0x00000000c1600000| Untracked 
|   5|0x00000000c1700000, 0x00000000c1700000, 0x00000000c1800000|  0%| F|  |TAMS 0x00000000c1700000, 0x00000000c1700000| Untracked 
|   6|0x00000000c1800000, 0x00000000c1800000, 0x00000000c1900000|  0%| F|  |TAMS 0x00000000c1800000, 0x00000000c1800000| Untracked 
|   7|0x00000000c1900000, 0x00000000c1900000, 0x00000000c1a00000|  0%| F|  |TAMS 0x00000000c1900000, 0x00000000c1900000| Untracked 
|   8|0x00000000c1a00000, 0x00000000c1a00000, 0x00000000c1b00000|  0%| F|  |TAMS 0x00000000c1a00000, 0x00000000c1a00000| Untracked 
|   9|0x00000000c1b00000, 0x00000000c1b00000, 0x00000000c1c00000|  0%| F|  |TAMS 0x00000000c1b00000, 0x00000000c1b00000| Untracked 
|  10|0x00000000c1c00000, 0x00000000c1c00000, 0x00000000c1d00000|  0%| F|  |TAMS 0x00000000c1c00000, 0x00000000c1c00000| Untracked 
|  11|0x00000000c1d00000, 0x00000000c1d00000, 0x00000000c1e00000|  0%| F|  |TAMS 0x00000000c1d00000, 0x00000000c1d00000| Untracked 
|  12|0x00000000c1e00000, 0x00000000c1e00000, 0x00000000c1f00000|  0%| F|  |TAMS 0x00000000c1e00000, 0x00000000c1e00000| Untracked 
|  13|0x00000000c1f00000, 0x00000000c1f00000, 0x00000000c2000000|  0%| F|  |TAMS 0x00000000c1f00000, 0x00000000c1f00000| Untracked 
|  14|0x00000000c2000000, 0x00000000c2000000, 0x00000000c2100000|  0%| F|  |TAMS 0x00000000c2000000, 0x00000000c2000000| Untracked 
|  15|0x00000000c2100000, 0x00000000c2100000, 0x00000000c2200000|  0%| F|  |TAMS 0x00000000c2100000, 0x00000000c2100000| Untracked 
|  16|0x00000000c2200000, 0x00000000c2200000, 0x00000000c2300000|  0%| F|  |TAMS 0x00000000c2200000, 0x00000000c2200000| Untracked 
|  17|0x00000000c2300000, 0x00000000c2300000, 0x00000000c2400000|  0%| F|  |TAMS 0x00000000c2300000, 0x00000000c2300000| Untracked 
|  18|0x00000000c2400000, 0x00000000c2400000, 0x00000000c2500000|  0%| F|  |TAMS 0x00000000c2400000, 0x00000000c2400000| Untracked 
|  19|0x00000000c2500000, 0x00000000c2500000, 0x00000000c2600000|  0%| F|  |TAMS 0x00000000c2500000, 0x00000000c2500000| Untracked 
|  20|0x00000000c2600000, 0x00000000c2600000, 0x00000000c2700000|  0%| F|  |TAMS 0x00000000c2600000, 0x00000000c2600000| Untracked 
|  21|0x00000000c2700000, 0x00000000c2700000, 0x00000000c2800000|  0%| F|  |TAMS 0x00000000c2700000, 0x00000000c2700000| Untracked 
|  22|0x00000000c2800000, 0x00000000c2800000, 0x00000000c2900000|  0%| F|  |TAMS 0x00000000c2800000, 0x00000000c2800000| Untracked 
|  23|0x00000000c2900000, 0x00000000c2900000, 0x00000000c2a00000|  0%| F|  |TAMS 0x00000000c2900000, 0x00000000c2900000| Untracked 
|  24|0x00000000c2a00000, 0x00000000c2a00000, 0x00000000c2b00000|  0%| F|  |TAMS 0x00000000c2a00000, 0x00000000c2a00000| Untracked 
|  25|0x00000000c2b00000, 0x00000000c2b00000, 0x00000000c2c00000|  0%| F|  |TAMS 0x00000000c2b00000, 0x00000000c2b00000| Untracked 
|  26|0x00000000c2c00000, 0x00000000c2c00000, 0x00000000c2d00000|  0%| F|  |TAMS 0x00000000c2c00000, 0x00000000c2c00000| Untracked 
|  27|0x00000000c2d00000, 0x00000000c2d00000, 0x00000000c2e00000|  0%| F|  |TAMS 0x00000000c2d00000, 0x00000000c2d00000| Untracked 
|  28|0x00000000c2e00000, 0x00000000c2e00000, 0x00000000c2f00000|  0%| F|  |TAMS 0x00000000c2e00000, 0x00000000c2e00000| Untracked 
|  29|0x00000000c2f00000, 0x00000000c2f00000, 0x00000000c3000000|  0%| F|  |TAMS 0x00000000c2f00000, 0x00000000c2f00000| Untracked 
|  30|0x00000000c3000000, 0x00000000c3000000, 0x00000000c3100000|  0%| F|  |TAMS 0x00000000c3000000, 0x00000000c3000000| Untracked 
|  31|0x00000000c3100000, 0x00000000c3100000, 0x00000000c3200000|  0%| F|  |TAMS 0x00000000c3100000, 0x00000000c3100000| Untracked 
|  32|0x00000000c3200000, 0x00000000c3200000, 0x00000000c3300000|  0%| F|  |TAMS 0x00000000c3200000, 0x00000000c3200000| Untracked 
|  33|0x00000000c3300000, 0x00000000c3300000, 0x00000000c3400000|  0%| F|  |TAMS 0x00000000c3300000, 0x00000000c3300000| Untracked 
|  34|0x00000000c3400000, 0x00000000c3400000, 0x00000000c3500000|  0%| F|  |TAMS 0x00000000c3400000, 0x00000000c3400000| Untracked 
|  35|0x00000000c3500000, 0x00000000c3500000, 0x00000000c3600000|  0%| F|  |TAMS 0x00000000c3500000, 0x00000000c3500000| Untracked 
|  36|0x00000000c3600000, 0x00000000c3600000, 0x00000000c3700000|  0%| F|  |TAMS 0x00000000c3600000, 0x00000000c3600000| Untracked 
|  37|0x00000000c3700000, 0x00000000c3700000, 0x00000000c3800000|  0%| F|  |TAMS 0x00000000c3700000, 0x00000000c3700000| Untracked 
|  38|0x00000000c3800000, 0x00000000c3800000, 0x00000000c3900000|  0%| F|  |TAMS 0x00000000c3800000, 0x00000000c3800000| Untracked 
|  39|0x00000000c3900000, 0x00000000c3900000, 0x00000000c3a00000|  0%| F|  |TAMS 0x00000000c3900000, 0x00000000c3900000| Untracked 
|  40|0x00000000c3a00000, 0x00000000c3a00000, 0x00000000c3b00000|  0%| F|  |TAMS 0x00000000c3a00000, 0x00000000c3a00000| Untracked 
|  41|0x00000000c3b00000, 0x00000000c3b00000, 0x00000000c3c00000|  0%| F|  |TAMS 0x00000000c3b00000, 0x00000000c3b00000| Untracked 
|  42|0x00000000c3c00000, 0x00000000c3c00000, 0x00000000c3d00000|  0%| F|  |TAMS 0x00000000c3c00000, 0x00000000c3c00000| Untracked 
|  43|0x00000000c3d00000, 0x00000000c3d00000, 0x00000000c3e00000|  0%| F|  |TAMS 0x00000000c3d00000, 0x00000000c3d00000| Untracked 
|  44|0x00000000c3e00000, 0x00000000c3e00000, 0x00000000c3f00000|  0%| F|  |TAMS 0x00000000c3e00000, 0x00000000c3e00000| Untracked 
|  45|0x00000000c3f00000, 0x00000000c3f00000, 0x00000000c4000000|  0%| F|  |TAMS 0x00000000c3f00000, 0x00000000c3f00000| Untracked 
|  46|0x00000000c4000000, 0x00000000c4000000, 0x00000000c4100000|  0%| F|  |TAMS 0x00000000c4000000, 0x00000000c4000000| Untracked 
|  47|0x00000000c4100000, 0x00000000c4100000, 0x00000000c4200000|  0%| F|  |TAMS 0x00000000c4100000, 0x00000000c4100000| Untracked 
|  48|0x00000000c4200000, 0x00000000c4200000, 0x00000000c4300000|  0%| F|  |TAMS 0x00000000c4200000, 0x00000000c4200000| Untracked 
|  49|0x00000000c4300000, 0x00000000c4300000, 0x00000000c4400000|  0%| F|  |TAMS 0x00000000c4300000, 0x00000000c4300000| Untracked 
|  50|0x00000000c4400000, 0x00000000c4400000, 0x00000000c4500000|  0%| F|  |TAMS 0x00000000c4400000, 0x00000000c4400000| Untracked 
|  51|0x00000000c4500000, 0x00000000c4500000, 0x00000000c4600000|  0%| F|  |TAMS 0x00000000c4500000, 0x00000000c4500000| Untracked 
|  52|0x00000000c4600000, 0x00000000c4600000, 0x00000000c4700000|  0%| F|  |TAMS 0x00000000c4600000, 0x00000000c4600000| Untracked 
|  53|0x00000000c4700000, 0x00000000c47a0b28, 0x00000000c4800000| 62%| E|  |TAMS 0x00000000c4700000, 0x00000000c4700000| Complete 
|  54|0x00000000c4800000, 0x00000000c4900000, 0x00000000c4900000|100%| E|CS|TAMS 0x00000000c4800000, 0x00000000c4800000| Complete 
|  55|0x00000000c4900000, 0x00000000c4a00000, 0x00000000c4a00000|100%| E|CS|TAMS 0x00000000c4900000, 0x00000000c4900000| Complete 
|  56|0x00000000c4a00000, 0x00000000c4b00000, 0x00000000c4b00000|100%| E|CS|TAMS 0x00000000c4a00000, 0x00000000c4a00000| Complete 
|  57|0x00000000c4b00000, 0x00000000c4c00000, 0x00000000c4c00000|100%| E|CS|TAMS 0x00000000c4b00000, 0x00000000c4b00000| Complete 
|  58|0x00000000c4c00000, 0x00000000c4d00000, 0x00000000c4d00000|100%| E|CS|TAMS 0x00000000c4c00000, 0x00000000c4c00000| Complete 
|  59|0x00000000c4d00000, 0x00000000c4e00000, 0x00000000c4e00000|100%| E|CS|TAMS 0x00000000c4d00000, 0x00000000c4d00000| Complete 
|  60|0x00000000c4e00000, 0x00000000c4f00000, 0x00000000c4f00000|100%| E|CS|TAMS 0x00000000c4e00000, 0x00000000c4e00000| Complete 
|  61|0x00000000c4f00000, 0x00000000c5000000, 0x00000000c5000000|100%| E|CS|TAMS 0x00000000c4f00000, 0x00000000c4f00000| Complete 
|  62|0x00000000c5000000, 0x00000000c5100000, 0x00000000c5100000|100%| E|CS|TAMS 0x00000000c5000000, 0x00000000c5000000| Complete 
|  63|0x00000000c5100000, 0x00000000c5200000, 0x00000000c5200000|100%| E|CS|TAMS 0x00000000c5100000, 0x00000000c5100000| Complete 

Card table byte_map: [0x0000026eb29d0000,0x0000026eb2bd0000] _byte_map_base: 0x0000026eb23c7000

Marking Bits (Prev, Next): (CMBitMap*) 0x0000026e9a279d30, (CMBitMap*) 0x0000026e9a279d70
 Prev Bits: [0x0000026eb2dd0000, 0x0000026eb3d88000)
 Next Bits: [0x0000026eb3d90000, 0x0000026eb4d48000)

Polling page: 0x0000026e9a330000

Metaspace:

Usage:
  Non-class:      6.20 MB used.
      Class:    764.64 KB used.
       Both:      6.94 MB used.

Virtual space:
  Non-class space:        8.00 MB reserved,       6.25 MB ( 78%) committed,  1 nodes.
      Class space:        1.00 GB reserved,     896.00 KB ( <1%) committed,  1 nodes.
              Both:        1.01 GB reserved,       7.12 MB ( <1%) committed. 

Chunk freelists:
   Non-Class:  1.73 MB
       Class:  3.17 MB
        Both:  4.91 MB

MaxMetaspaceSize: 17179869184.00 GB
CompressedClassSpaceSize: 1.00 GB
 - commit_granule_bytes: 65536.
 - commit_granule_words: 8192.
 - virtual_space_node_default_size: 1048576.
 - enlarge_chunks_in_place: 1.
 - new_chunks_are_fully_committed: 0.
 - uncommit_free_chunks: 1.
 - use_allocation_guard: 0.
 - handle_deallocations: 1.


Internal statistics:

num_allocs_failed_limit: 0.
num_arena_births: 118.
num_arena_deaths: 0.
num_vsnodes_births: 2.
num_vsnodes_deaths: 0.
num_space_committed: 114.
num_space_uncommitted: 0.
num_chunks_returned_to_freelist: 0.
num_chunks_taken_from_freelist: 180.
num_chunk_merges: 0.
num_chunk_splits: 111.
num_chunks_enlarged: 64.
num_purges: 0.

CodeHeap 'non-profiled nmethods': size=120000Kb used=275Kb max_used=275Kb free=119724Kb
 bounds [0x0000026eaac80000, 0x0000026eaaef0000, 0x0000026eb21b0000]
CodeHeap 'profiled nmethods': size=120000Kb used=1651Kb max_used=1651Kb free=118348Kb
 bounds [0x0000026ea3750000, 0x0000026ea39c0000, 0x0000026eaac80000]
CodeHeap 'non-nmethods': size=5760Kb used=1251Kb max_used=1251Kb free=4508Kb
 bounds [0x0000026ea31b0000, 0x0000026ea3420000, 0x0000026ea3750000]
 total_blobs=1465 nmethods=899 adapters=479
 compilation: enabled
              stopped_count=0, restarted_count=0
 full_count=0

Compilation events (20 events):
Event: 3.495 Thread 0x0000026eb72d9530  867 %     3       sun.nio.cs.UTF_8$Decoder::decodeArrayLoop @ 73 (691 bytes)
Event: 3.502 Thread 0x0000026eb72d9530 nmethod 867% 0x0000026ea38d4510 code [0x0000026ea38d4d80, 0x0000026ea38d9ee8]
Event: 3.503 Thread 0x0000026eb72d9530  868       3       sun.nio.cs.UTF_8$Decoder::decodeArrayLoop (691 bytes)
Event: 3.511 Thread 0x0000026eb72d9530 nmethod 868 0x0000026ea38db810 code [0x0000026ea38dc0c0, 0x0000026ea38e15c8]
Event: 3.511 Thread 0x0000026eb72d9530  869       1       java.util.concurrent.ConcurrentHashMap$MapEntry::getKey (5 bytes)
Event: 3.511 Thread 0x0000026eb72d9530 nmethod 869 0x0000026eaacc2f90 code [0x0000026eaacc3120, 0x0000026eaacc31f8]
Event: 3.511 Thread 0x0000026eb72d9530  870       1       java.util.concurrent.ConcurrentHashMap$MapEntry::getValue (5 bytes)
Event: 3.511 Thread 0x0000026eb72d9530 nmethod 870 0x0000026eaacc3290 code [0x0000026eaacc3420, 0x0000026eaacc34f8]
Event: 3.511 Thread 0x0000026eb72d9530  871       3       java.util.concurrent.ConcurrentHashMap$EntryIterator::next (5 bytes)
Event: 3.511 Thread 0x0000026eb72d9530 nmethod 871 0x0000026ea38e2f10 code [0x0000026ea38e30c0, 0x0000026ea38e3208]
Event: 3.511 Thread 0x0000026eb72d9530  872       3       java.util.concurrent.ConcurrentHashMap$EntryIterator::next (51 bytes)
Event: 3.512 Thread 0x0000026eb72d9530 nmethod 872 0x0000026ea38e3290 code [0x0000026ea38e3480, 0x0000026ea38e3938]
Event: 3.512 Thread 0x0000026eb72d9530  873       3       java.util.concurrent.ConcurrentHashMap$MapEntry::<init> (20 bytes)
Event: 3.512 Thread 0x0000026eb72d9530 nmethod 873 0x0000026ea38e3b10 code [0x0000026ea38e3cc0, 0x0000026ea38e3f38]
Event: 3.512 Thread 0x0000026eb72d9530  876       3       java.nio.DirectByteBufferR::<init> (21 bytes)
Event: 3.512 Thread 0x0000026eb72d9530 nmethod 876 0x0000026ea38e4010 code [0x0000026ea38e41c0, 0x0000026ea38e4328]
Event: 3.512 Thread 0x0000026eb72d9530  875       3       jdk.internal.module.SystemModuleFinders$SystemModuleReader::findImageLocation (42 bytes)
Event: 3.513 Thread 0x0000026eb72d9530 nmethod 875 0x0000026ea38e4410 code [0x0000026ea38e4620, 0x0000026ea38e4cd8]
Event: 3.513 Thread 0x0000026eb72d9530  877       1       jdk.internal.loader.URLClassPath$Loader::getBaseURL (5 bytes)
Event: 3.513 Thread 0x0000026eb72d9530 nmethod 877 0x0000026eaacc3590 code [0x0000026eaacc3720, 0x0000026eaacc37f8]

GC Heap History (0 events):
No events

Deoptimization events (20 events):
Event: 2.926 Thread 0x0000026eb7e32320 DEOPT PACKING pc=0x0000026ea386555e sp=0x00000072d6fff1a0
Event: 2.926 Thread 0x0000026eb7e32320 DEOPT UNPACKING pc=0x0000026ea31fdece sp=0x00000072d6ffe640 mode 0
Event: 2.927 Thread 0x0000026eb7e32320 DEOPT PACKING pc=0x0000026ea386555e sp=0x00000072d6fff1a0
Event: 2.927 Thread 0x0000026eb7e32320 DEOPT UNPACKING pc=0x0000026ea31fdece sp=0x00000072d6ffe640 mode 0
Event: 3.288 Thread 0x0000026e9a2491c0 Uncommon trap: trap_request=0xffffffde fr.pc=0x0000026eaacada48 relative=0x0000000000000388
Event: 3.288 Thread 0x0000026e9a2491c0 Uncommon trap: reason=class_check action=maybe_recompile pc=0x0000026eaacada48 method=java.util.HashMap.getNode(Ljava/lang/Object;)Ljava/util/HashMap$Node; @ 63 c2
Event: 3.288 Thread 0x0000026e9a2491c0 DEOPT PACKING pc=0x0000026eaacada48 sp=0x00000072d59fee10
Event: 3.288 Thread 0x0000026e9a2491c0 DEOPT UNPACKING pc=0x0000026ea31fd72e sp=0x00000072d59fed88 mode 2
Event: 3.288 Thread 0x0000026e9a2491c0 Uncommon trap: trap_request=0xffffffde fr.pc=0x0000026eaacadab0 relative=0x00000000000003f0
Event: 3.288 Thread 0x0000026e9a2491c0 Uncommon trap: reason=class_check action=maybe_recompile pc=0x0000026eaacadab0 method=java.util.HashMap.getNode(Ljava/lang/Object;)Ljava/util/HashMap$Node; @ 128 c2
Event: 3.288 Thread 0x0000026e9a2491c0 DEOPT PACKING pc=0x0000026eaacadab0 sp=0x00000072d59fee10
Event: 3.288 Thread 0x0000026e9a2491c0 DEOPT UNPACKING pc=0x0000026ea31fd72e sp=0x00000072d59fed88 mode 2
Event: 3.288 Thread 0x0000026e9a2491c0 Uncommon trap: trap_request=0xffffffde fr.pc=0x0000026eaacada48 relative=0x0000000000000388
Event: 3.288 Thread 0x0000026e9a2491c0 Uncommon trap: reason=class_check action=maybe_recompile pc=0x0000026eaacada48 method=java.util.HashMap.getNode(Ljava/lang/Object;)Ljava/util/HashMap$Node; @ 63 c2
Event: 3.288 Thread 0x0000026e9a2491c0 DEOPT PACKING pc=0x0000026eaacada48 sp=0x00000072d59fee10
Event: 3.288 Thread 0x0000026e9a2491c0 DEOPT UNPACKING pc=0x0000026ea31fd72e sp=0x00000072d59fed88 mode 2
Event: 3.290 Thread 0x0000026e9a2491c0 Uncommon trap: trap_request=0xffffffde fr.pc=0x0000026eaacada48 relative=0x0000000000000388
Event: 3.290 Thread 0x0000026e9a2491c0 Uncommon trap: reason=class_check action=maybe_recompile pc=0x0000026eaacada48 method=java.util.HashMap.getNode(Ljava/lang/Object;)Ljava/util/HashMap$Node; @ 63 c2
Event: 3.290 Thread 0x0000026e9a2491c0 DEOPT PACKING pc=0x0000026eaacada48 sp=0x00000072d59febf0
Event: 3.290 Thread 0x0000026e9a2491c0 DEOPT UNPACKING pc=0x0000026ea31fd72e sp=0x00000072d59feb68 mode 2

Classes unloaded (0 events):
No events

Classes redefined (0 events):
No events

Internal exceptions (17 events):
Event: 0.703 Thread 0x0000026e9a2491c0 Exception <a 'sun/nio/fs/WindowsException'{0x00000000c502fb80}> (0x00000000c502fb80) 
thrown [t:\workspace\open\src\hotspot\share\prims\jni.cpp, line 579]
Event: 0.704 Thread 0x0000026e9a2491c0 Exception <a 'sun/nio/fs/WindowsException'{0x00000000c5030110}> (0x00000000c5030110) 
thrown [t:\workspace\open\src\hotspot\share\prims\jni.cpp, line 579]
Event: 0.709 Thread 0x0000026e9a2491c0 Exception <a 'sun/nio/fs/WindowsException'{0x00000000c50325e8}> (0x00000000c50325e8) 
thrown [t:\workspace\open\src\hotspot\share\prims\jni.cpp, line 579]
Event: 0.709 Thread 0x0000026e9a2491c0 Exception <a 'sun/nio/fs/WindowsException'{0x00000000c50331a0}> (0x00000000c50331a0) 
thrown [t:\workspace\open\src\hotspot\share\prims\jni.cpp, line 579]
Event: 0.837 Thread 0x0000026e9a2491c0 Exception <a 'java/lang/NoSuchMethodError'{0x00000000c50f4910}: 'void java.lang.invoke.DirectMethodHandle$Holder.invokeSpecial(java.lang.Object, java.lang.Object, java.lang.Object)'> (0x00000000c50f4910) 
thrown [t:\workspace\open\src\hotspot\share\interpreter\linkResolver.cpp, line 790]
Event: 0.886 Thread 0x0000026e9a2491c0 Exception <a 'java/lang/ClassNotFoundException'{0x00000000c4f0bba8}: sun/awt/resources/spi/awtProvider> (0x00000000c4f0bba8) 
thrown [t:\workspace\open\src\hotspot\share\classfile\systemDictionary.cpp, line 256]
Event: 1.058 Thread 0x0000026e9a2491c0 Exception <a 'java/io/FileNotFoundException'{0x00000000c4f601b8}> (0x00000000c4f601b8) 
thrown [t:\workspace\open\src\hotspot\share\prims\jni.cpp, line 579]
Event: 1.070 Thread 0x0000026e9a2491c0 Exception <a 'java/io/FileNotFoundException'{0x00000000c4f8f248}> (0x00000000c4f8f248) 
thrown [t:\workspace\open\src\hotspot\share\prims\jni.cpp, line 579]
Event: 1.070 Thread 0x0000026e9a2491c0 Exception <a 'java/lang/NoSuchMethodError'{0x00000000c4f90340}: 'java.lang.Object java.lang.invoke.DirectMethodHandle$Holder.invokeStatic(java.lang.Object)'> (0x00000000c4f90340) 
thrown [t:\workspace\open\src\hotspot\share\interpreter\linkResolver.cpp, line 790]
Event: 1.684 Thread 0x0000026e9a2491c0 Exception <a 'java/lang/NoSuchMethodError'{0x00000000c4fdfb48}: 'java.lang.Object java.lang.invoke.DirectMethodHandle$Holder.invokeStaticInit(java.lang.Object)'> (0x00000000c4fdfb48) 
thrown [t:\workspace\open\src\hotspot\share\interpreter\linkResolver.cpp, line 790]
Event: 2.279 Thread 0x0000026e9a2491c0 Exception <a 'java/lang/NoSuchMethodError'{0x00000000c4e942e0}: 'java.lang.Object java.lang.invoke.DirectMethodHandle$Holder.newInvokeSpecial(java.lang.Object, java.lang.Object, java.lang.Object, java.lang.Object, java.lang.Object)'> (0x00000000c4e942e0) 
thrown [t:\workspace\open\src\hotspot\share\interpreter\linkResolver.cpp, line 790]
Event: 2.285 Thread 0x0000026e9a2491c0 Exception <a 'java/lang/NoSuchMethodError'{0x00000000c4e9fdc8}: 'java.lang.Object java.lang.invoke.DirectMethodHandle$Holder.invokeStatic(java.lang.Object, int, java.lang.Object, java.lang.Object, java.lang.Object, java.lang.Object)'> (0x00000000c4e9fdc8) 
thrown [t:\workspace\open\src\hotspot\share\interpreter\linkResolver.cpp, line 790]
Event: 2.304 Thread 0x0000026e9a2491c0 Exception <a 'java/lang/NoSuchMethodError'{0x00000000c4ec5e90}: 'java.lang.Object java.lang.invoke.DirectMethodHandle$Holder.invokeStatic(java.lang.Object, int, java.lang.Object)'> (0x00000000c4ec5e90) 
thrown [t:\workspace\open\src\hotspot\share\interpreter\linkResolver.cpp, line 790]
Event: 2.383 Thread 0x0000026e9a2491c0 Exception <a 'java/lang/ClassNotFoundException'{0x00000000c4d7e9b8}: com/sun/swing/internal/plaf/metal/resources/spi/metalProvider> (0x00000000c4d7e9b8) 
thrown [t:\workspace\open\src\hotspot\share\classfile\systemDictionary.cpp, line 256]
Event: 2.392 Thread 0x0000026e9a2491c0 Exception <a 'java/lang/ClassNotFoundException'{0x00000000c4d82a20}: com/sun/swing/internal/plaf/basic/resources/spi/basicProvider> (0x00000000c4d82a20) 
thrown [t:\workspace\open\src\hotspot\share\classfile\systemDictionary.cpp, line 256]
Event: 2.814 Thread 0x0000026eb7e32320 Exception <a 'java/lang/NoSuchMethodError'{0x00000000c4b43910}: 'java.lang.Object java.lang.invoke.DirectMethodHandle$Holder.newInvokeSpecial(java.lang.Object, java.lang.Object, java.lang.Object, int, int, int, int, int)'> (0x00000000c4b43910) 
thrown [t:\workspace\open\src\hotspot\share\interpreter\linkResolver.cpp, line 790]
Event: 3.462 Thread 0x0000026e9a2491c0 Exception <a 'java/lang/NoSuchMethodError'{0x00000000c4805f88}: 'java.lang.Object java.lang.invoke.DirectMethodHandle$Holder.invokeInterface(java.lang.Object, java.lang.Object)'> (0x00000000c4805f88) 
thrown [t:\workspace\open\src\hotspot\share\interpreter\linkResolver.cpp, line 790]

Events (20 events):
Event: 3.459 loading class java/util/MissingResourceException
Event: 3.460 loading class java/util/MissingResourceException done
Event: 3.460 loading class java/util/ResourceBundle$ResourceBundleControlProviderHolder
Event: 3.460 loading class java/util/ResourceBundle$ResourceBundleControlProviderHolder done
Event: 3.461 loading class java/util/spi/ResourceBundleControlProvider
Event: 3.461 loading class java/util/spi/ResourceBundleControlProvider done
Event: 3.461 loading class java/util/ServiceLoader$ProviderSpliterator
Event: 3.462 loading class java/util/ServiceLoader$ProviderSpliterator done
Event: 3.466 loading class java/util/zip/ZipFile$ZipEntryIterator
Event: 3.472 loading class java/util/zip/ZipFile$ZipEntryIterator done
Event: 3.473 loading class java/util/ResourceBundle$Control$2
Event: 3.473 loading class java/util/ResourceBundle$Control$2 done
Event: 3.475 loading class java/util/PropertyResourceBundle
Event: 3.475 loading class java/util/PropertyResourceBundle done
Event: 3.475 loading class sun/util/PropertyResourceBundleCharset
Event: 3.475 loading class sun/util/PropertyResourceBundleCharset done
Event: 3.476 loading class sun/util/PropertyResourceBundleCharset$PropertiesFileDecoder
Event: 3.480 loading class sun/util/PropertyResourceBundleCharset$PropertiesFileDecoder done
Event: 3.510 loading class java/text/MessageFormat
Event: 3.519 loading class java/text/MessageFormat done


Dynamic libraries:
0x00007ff73c2c0000 - 0x00007ff73c2d0000 	C:\Program Files\Java\jdk-16.0.2\bin\java.exe
0x00007fff7f0b0000 - 0x00007fff7f2a8000 	C:\WINDOWS\SYSTEM32\ntdll.dll
0x00007fff7e150000 - 0x00007fff7e20d000 	C:\WINDOWS\System32\KERNEL32.DLL
0x00007fff7ccb0000 - 0x00007fff7cf7e000 	C:\WINDOWS\System32\KERNELBASE.dll
0x00007fff7ca00000 - 0x00007fff7cb00000 	C:\WINDOWS\System32\ucrtbase.dll
0x00007fff6e9d0000 - 0x00007fff6e9e9000 	C:\Program Files\Java\jdk-16.0.2\bin\VCRUNTIME140.dll
0x00007fff6d320000 - 0x00007fff6d338000 	C:\Program Files\Java\jdk-16.0.2\bin\jli.dll
0x00007fff7e600000 - 0x00007fff7e6ae000 	C:\WINDOWS\System32\ADVAPI32.dll
0x00007fff7d6e0000 - 0x00007fff7d77e000 	C:\WINDOWS\System32\msvcrt.dll
0x00007fff7d450000 - 0x00007fff7d4ec000 	C:\WINDOWS\System32\sechost.dll
0x00007fff7d110000 - 0x00007fff7d235000 	C:\WINDOWS\System32\RPCRT4.dll
0x00007fff7d2a0000 - 0x00007fff7d440000 	C:\WINDOWS\System32\USER32.dll
0x00007fff7d0e0000 - 0x00007fff7d102000 	C:\WINDOWS\System32\win32u.dll
0x00007fff7e570000 - 0x00007fff7e59a000 	C:\WINDOWS\System32\GDI32.dll
0x00007fff71b90000 - 0x00007fff71e2a000 	C:\WINDOWS\WinSxS\amd64_microsoft.windows.common-controls_6595b64144ccf1df_6.0.19041.1110_none_60b5254171f9507e\COMCTL32.dll
0x00007fff7cfd0000 - 0x00007fff7d0db000 	C:\WINDOWS\System32\gdi32full.dll
0x00007fff7c7d0000 - 0x00007fff7c86d000 	C:\WINDOWS\System32\msvcp_win.dll
0x00007fff71e40000 - 0x00007fff71e4a000 	C:\WINDOWS\SYSTEM32\VERSION.dll
0x00007fff7f040000 - 0x00007fff7f070000 	C:\WINDOWS\System32\IMM32.DLL
0x00007fff76330000 - 0x00007fff7633c000 	C:\Program Files\Java\jdk-16.0.2\bin\vcruntime140_1.dll
0x00007fff6d180000 - 0x00007fff6d211000 	C:\Program Files\Java\jdk-16.0.2\bin\msvcp140.dll
0x00007fff29230000 - 0x00007fff29ddb000 	C:\Program Files\Java\jdk-16.0.2\bin\server\jvm.dll
0x00007fff7d440000 - 0x00007fff7d448000 	C:\WINDOWS\System32\PSAPI.DLL
0x00007fff6a000000 - 0x00007fff6a027000 	C:\WINDOWS\SYSTEM32\WINMM.dll
0x00007fff7b020000 - 0x00007fff7b029000 	C:\WINDOWS\SYSTEM32\WSOCK32.dll
0x00007fff7e6b0000 - 0x00007fff7e71b000 	C:\WINDOWS\System32\WS2_32.dll
0x00007fff7b190000 - 0x00007fff7b1a2000 	C:\WINDOWS\SYSTEM32\kernel.appcore.dll
0x00007fff75630000 - 0x00007fff7563a000 	C:\Program Files\Java\jdk-16.0.2\bin\jimage.dll
0x00007fff7a580000 - 0x00007fff7a764000 	C:\WINDOWS\SYSTEM32\DBGHELP.DLL
0x00007fff70ff0000 - 0x00007fff7101c000 	C:\WINDOWS\SYSTEM32\dbgcore.DLL
0x00007fff7cb00000 - 0x00007fff7cb82000 	C:\WINDOWS\System32\bcryptPrimitives.dll
0x00007fff6df80000 - 0x00007fff6dfa5000 	C:\Program Files\Java\jdk-16.0.2\bin\java.dll
0x00007fff7da00000 - 0x00007fff7e144000 	C:\WINDOWS\System32\SHELL32.dll
0x00007fff7a770000 - 0x00007fff7af04000 	C:\WINDOWS\SYSTEM32\windows.storage.dll
0x00007fff7e210000 - 0x00007fff7e564000 	C:\WINDOWS\System32\combase.dll
0x00007fff7c230000 - 0x00007fff7c260000 	C:\WINDOWS\SYSTEM32\Wldp.dll
0x00007fff7d7b0000 - 0x00007fff7d85d000 	C:\WINDOWS\System32\SHCORE.dll
0x00007fff7edd0000 - 0x00007fff7ee25000 	C:\WINDOWS\System32\shlwapi.dll
0x00007fff7c710000 - 0x00007fff7c72f000 	C:\WINDOWS\SYSTEM32\profapi.dll
0x00007fff6e9b0000 - 0x00007fff6e9c9000 	C:\Program Files\Java\jdk-16.0.2\bin\net.dll
0x00007fff754a0000 - 0x00007fff755aa000 	C:\WINDOWS\SYSTEM32\WINHTTP.dll
0x00007fff7bf90000 - 0x00007fff7bffa000 	C:\WINDOWS\system32\mswsock.dll
0x00007fff6de80000 - 0x00007fff6de93000 	C:\Program Files\Java\jdk-16.0.2\bin\nio.dll
0x00007fff6dba0000 - 0x00007fff6dbb8000 	C:\Program Files\Java\jdk-16.0.2\bin\zip.dll
0x00007fff6b150000 - 0x00007fff6b2d0000 	C:\Program Files\Java\jdk-16.0.2\bin\awt.dll
0x00007fff7d610000 - 0x00007fff7d6dd000 	C:\WINDOWS\System32\OLEAUT32.dll
0x00007fff79c20000 - 0x00007fff79cb0000 	C:\WINDOWS\SYSTEM32\apphelp.dll
0x00007fff7a1d0000 - 0x00007fff7a1ff000 	C:\WINDOWS\system32\DWMAPI.DLL
0x00007fff79ef0000 - 0x00007fff79f8e000 	C:\WINDOWS\system32\uxtheme.dll
0x00007fff689b0000 - 0x00007fff68ad7000 	C:\WINDOWS\system32\opengl32.dll
0x00007fff68980000 - 0x00007fff689ac000 	C:\WINDOWS\SYSTEM32\GLU32.dll
0x00007fff7d4f0000 - 0x00007fff7d605000 	C:\WINDOWS\System32\MSCTF.dll
0x00007fff7ee30000 - 0x00007fff7ef5a000 	C:\WINDOWS\System32\ole32.dll

dbghelp: loaded successfully - version: 4.0.5 - missing functions: none
symbol engine: initialized successfully - sym options: 0x614 - pdb path: .;C:\Program Files\Java\jdk-16.0.2\bin;C:\WINDOWS\SYSTEM32;C:\WINDOWS\WinSxS\amd64_microsoft.windows.common-controls_6595b64144ccf1df_6.0.19041.1110_none_60b5254171f9507e;C:\Program Files\Java\jdk-16.0.2\bin\server

VM Arguments:
jvm_args: -Dfile.encoding=UTF-8 --module-path=C:\Users\KARAN\Documents\NetBeansProjects\Employee-Management-System\build\classes 
java_command: employee.management.system.Employee_Attendance
java_class_path (initial): C:\rs2xml\rs2xml.jar;C:\mysql-connector-java-8.0.27;C:\mysql-connector-java-8.0.27\mysql-connector-java-8.0.27.jar;C:\Users\KARAN\Documents\NetBeansProjects\Employee-Management-System\build\classes
Launcher Type: SUN_STANDARD

[Global flags]
     intx CICompilerCount                          = 3                                         {product} {ergonomic}
     uint ConcGCThreads                            = 1                                         {product} {ergonomic}
     uint G1ConcRefinementThreads                  = 4                                         {product} {ergonomic}
   size_t G1HeapRegionSize                         = 1048576                                   {product} {ergonomic}
    uintx GCDrainStackTargetSize                   = 64                                        {product} {ergonomic}
   size_t InitialHeapSize                          = 67108864                                  {product} {ergonomic}
   size_t MarkStackSize                            = 4194304                                   {product} {ergonomic}
   size_t MaxHeapSize                              = 1054867456                                {product} {ergonomic}
   size_t MaxNewSize                               = 632291328                                 {product} {ergonomic}
   size_t MinHeapDeltaBytes                        = 1048576                                   {product} {ergonomic}
   size_t MinHeapSize                              = 8388608                                   {product} {ergonomic}
    uintx NonNMethodCodeHeapSize                   = 5832780                                {pd product} {ergonomic}
    uintx NonProfiledCodeHeapSize                  = 122912730                              {pd product} {ergonomic}
    uintx ProfiledCodeHeapSize                     = 122912730                              {pd product} {ergonomic}
    uintx ReservedCodeCacheSize                    = 251658240                              {pd product} {ergonomic}
     bool SegmentedCodeCache                       = true                                      {product} {ergonomic}
   size_t SoftMaxHeapSize                          = 1054867456                             {manageable} {ergonomic}
     bool UseCompressedClassPointers               = true                           {product lp64_product} {ergonomic}
     bool UseCompressedOops                        = true                           {product lp64_product} {ergonomic}
     bool UseG1GC                                  = true                                      {product} {ergonomic}
     bool UseLargePagesIndividualAllocation        = false                                  {pd product} {ergonomic}

Logging:
Log output configuration:
 #0: stdout all=warning uptime,level,tags
 #1: stderr all=off uptime,level,tags

Environment Variables:
JAVA_HOME=C:\Program Files\Java\jdk-16.0.2
PATH=E:\app\KARAN\product\11.2.0\dbhome_1\bin;C:\Program Files\Common Files\Oracle\Java\javapath;C:\WINDOWS\system32;C:\WINDOWS;C:\WINDOWS\System32\Wbem;C:\WINDOWS\System32\WindowsPowerShell\v1.0\;C:\WINDOWS\System32\OpenSSH\;C:\Program Files\dotnet\;C:\Program Files\Java\jdk-16.0.2\bin;C:\TDM-GCC-32\bin;C:\Program Files (x86)\Git\cmd;C:\Users\KARAN\AppData\Local\Programs\Python\Python310\Scripts\;C:\Users\KARAN\AppData\Local\Programs\Python\Python310\;C:\Program Files\MySQL\MySQL Shell 8.0\bin\;C:\Program Files\Java\jdk1.8.0_101\bin;C:\Users\KARAN\AppData\Local\Microsoft\WindowsApps;C:\Users\KARAN\AppData\Local\Programs\Microsoft VS Code\bin;C:\Program Files (x86)\mingw-w64\i686-7.1.0-posix-dwarf-rt_v5-rev2\mingw32\gcc;C:\Program Files\CodeBlocks\MinGW\bin;C:\Program Files\MinGW\bin;C:\Program Files\JetBrains\PyCharm Community Edition 2021.3.1\bin;;C:\Users\KARAN\AppData\Local\GitHubDesktop\bin
USERNAME=KARAN
OS=Windows_NT
PROCESSOR_IDENTIFIER=Intel64 Family 6 Model 61 Stepping 4, GenuineIntel



---------------  S Y S T E M  ---------------

OS:
 Windows 10 , 64 bit Build 19041 (10.0.19041.1889)
OS uptime: 0 days 12:38 hours

CPU: total 4 (initial active 4) (2 cores per cpu, 2 threads per core) family 6 model 61 stepping 4 microcode 0x2d, cx8, cmov, fxsr, ht, mmx, 3dnowpref, sse, sse2, sse3, ssse3, sse4.1, sse4.2, popcnt, lzcnt, tsc, tscinvbit, avx, avx2, aes, erms, clmul, bmi1, bmi2, adx, fma, vzeroupper, clflush

Memory: 4k page, system-wide physical 4016M (232M free)
TotalPageFile size 16304M (AvailPageFile size 0M)
current process WorkingSet (physical memory assigned to process): 59M, peak: 59M
current process commit charge ("private bytes"): 147M, peak: 147M

vm_info: Java HotSpot(TM) 64-Bit Server VM (16.0.2+7-67) for windows-amd64 JRE (16.0.2+7-67), built on Jun  8 2021 23:24:19 by "mach5one" with MS VC++ 16.7 (VS2019)

END.
