#
# There is insufficient memory for the Java Runtime Environment to continue.
# Native memory allocation (malloc) failed to allocate 32744 bytes for ChunkPool::allocate
# Possible reasons:
#   The system is out of physical RAM or swap space
#   The process is running with CompressedOops enabled, and the Java Heap may be blocking the growth of the native heap
# Possible solutions:
#   Reduce memory load on the system
#   Increase physical memory or swap space
#   Check if swap backing store is full
#   Decrease Java heap size (-Xmx/-Xms)
#   Decrease number of Java threads
#   Decrease Java thread stack sizes (-Xss)
#   Set larger code cache with -XX:ReservedCodeCacheSize=
#   JVM is running with Unscaled Compressed Oops mode in which the Java heap is
#     placed in the first 4GB address space. The Java Heap base address is the
#     maximum limit for the native heap growth. Please use -XX:HeapBaseMinAddress
#     to set the Java Heap base and to place the Java Heap above 4GB virtual address.
# This output file may be truncated or incomplete.
#
#  Out of Memory Error (arena.cpp:79), pid=10524, tid=21656
#
# JRE version: Java(TM) SE Runtime Environment (16.0.2+7) (build 16.0.2+7-67)
# Java VM: Java HotSpot(TM) 64-Bit Server VM (16.0.2+7-67, mixed mode, sharing, tiered, compressed oops, compressed class ptrs, g1 gc, windows-amd64)
# No core dump will be written. Minidumps are not enabled by default on client versions of Windows
#

---------------  S U M M A R Y ------------

Command Line: -Dfile.encoding=UTF-8 --module-path=C:\Users\KARAN\Documents\NetBeansProjects\Employee-Management-System\build\classes employee.management.system.Employee_Attendance

Host: Intel(R) Core(TM) i3-5005U CPU @ 2.00GHz, 4 cores, 3G,  Windows 10 , 64 bit Build 19041 (10.0.19041.1889)
Time: Mon Aug 15 03:01:17 2022 India Standard Time elapsed time: 0.946386 seconds (0d 0h 0m 0s)

---------------  T H R E A D  ---------------

Current thread (0x00000228e046ac30):  JavaThread "C1 CompilerThread0" daemon [_thread_in_native, id=21656, stack(0x0000005214f00000,0x0000005215000000)]


Current CompileTask:
C1:    946  861       3       java.net.URLStreamHandler::parseURL (1201 bytes)

Stack: [0x0000005214f00000,0x0000005215000000]
Native frames: (J=compiled Java code, j=interpreted, Vv=VM code, C=native code)
V  [jvm.dll+0x6681ca]
V  [jvm.dll+0x7c9e69]
V  [jvm.dll+0x7cb61e]
V  [jvm.dll+0x7cbc73]
V  [jvm.dll+0x242c55]
V  [jvm.dll+0xae10f]
V  [jvm.dll+0xae45c]
V  [jvm.dll+0x173e5a]
V  [jvm.dll+0x174b12]
V  [jvm.dll+0x174bce]
V  [jvm.dll+0x1774ef]
V  [jvm.dll+0x1795f1]
V  [jvm.dll+0x1331c3]
V  [jvm.dll+0x132a5f]
V  [jvm.dll+0x132c99]
V  [jvm.dll+0x1320ff]
V  [jvm.dll+0x133ec1]
V  [jvm.dll+0x225158]
V  [jvm.dll+0x22319c]
V  [jvm.dll+0x77fa62]
V  [jvm.dll+0x7795aa]
V  [jvm.dll+0x667066]
C  [ucrtbase.dll+0x21bb2]
C  [KERNEL32.DLL+0x17034]
C  [ntdll.dll+0x52651]


---------------  P R O C E S S  ---------------

Threads class SMR info:
_java_thread_list=0x00000228e130b790, length=16, elements={
0x00000228c33b8320, 0x00000228e0443fd0, 0x00000228e0444e90, 0x00000228e0456f20,
0x00000228e0459a30, 0x00000228e045a430, 0x00000228e045e330, 0x00000228e0460120,
0x00000228e046ac30, 0x00000228e047d660, 0x00000228e042a420, 0x00000228e10b5c00,
0x00000228e12a4f00, 0x00000228e12a7ee0, 0x00000228e12aaec0, 0x00000228e1143850
}

Java Threads: ( => current thread )
  0x00000228c33b8320 JavaThread "main" [_thread_in_vm, id=14964, stack(0x0000005214100000,0x0000005214200000)]
  0x00000228e0443fd0 JavaThread "Reference Handler" daemon [_thread_blocked, id=3112, stack(0x0000005214800000,0x0000005214900000)]
  0x00000228e0444e90 JavaThread "Finalizer" daemon [_thread_blocked, id=11200, stack(0x0000005214900000,0x0000005214a00000)]
  0x00000228e0456f20 JavaThread "Signal Dispatcher" daemon [_thread_blocked, id=14564, stack(0x0000005214a00000,0x0000005214b00000)]
  0x00000228e0459a30 JavaThread "Attach Listener" daemon [_thread_blocked, id=10576, stack(0x0000005214b00000,0x0000005214c00000)]
  0x00000228e045a430 JavaThread "Service Thread" daemon [_thread_blocked, id=14616, stack(0x0000005214c00000,0x0000005214d00000)]
  0x00000228e045e330 JavaThread "Monitor Deflation Thread" daemon [_thread_blocked, id=22244, stack(0x0000005214d00000,0x0000005214e00000)]
  0x00000228e0460120 JavaThread "C2 CompilerThread0" daemon [_thread_in_native, id=1916, stack(0x0000005214e00000,0x0000005214f00000)]
=>0x00000228e046ac30 JavaThread "C1 CompilerThread0" daemon [_thread_in_native, id=21656, stack(0x0000005214f00000,0x0000005215000000)]
  0x00000228e047d660 JavaThread "Sweeper thread" daemon [_thread_blocked, id=21044, stack(0x0000005215000000,0x0000005215100000)]
  0x00000228e042a420 JavaThread "Common-Cleaner" daemon [_thread_blocked, id=8776, stack(0x0000005215100000,0x0000005215200000)]
  0x00000228e10b5c00 JavaThread "Notification Thread" daemon [_thread_blocked, id=17484, stack(0x0000005215200000,0x0000005215300000)]
  0x00000228e12a4f00 JavaThread "Java2D Disposer" daemon [_thread_blocked, id=10664, stack(0x0000005215400000,0x0000005215500000)]
  0x00000228e12a7ee0 JavaThread "AWT-Shutdown" [_thread_blocked, id=9220, stack(0x0000005215500000,0x0000005215600000)]
  0x00000228e12aaec0 JavaThread "AWT-Windows" daemon [_thread_in_native, id=18764, stack(0x0000005215600000,0x0000005215700000)]
  0x00000228e1143850 JavaThread "mysql-cj-abandoned-connection-cleanup" daemon [_thread_blocked, id=16016, stack(0x0000005215700000,0x0000005215800000)]

Other Threads:
  0x00000228e043e360 VMThread "VM Thread" [stack: 0x0000005214700000,0x0000005214800000] [id=20136]
  0x00000228c33b9320 WatcherThread [stack: 0x0000005215300000,0x0000005215400000] [id=19200]
  0x00000228c33e7350 GCTaskThread "GC Thread#0" [stack: 0x0000005214200000,0x0000005214300000] [id=3148]
  0x00000228c33f25f0 ConcurrentGCThread "G1 Main Marker" [stack: 0x0000005214300000,0x0000005214400000] [id=5508]
  0x00000228c33f3800 ConcurrentGCThread "G1 Conc#0" [stack: 0x0000005214400000,0x0000005214500000] [id=9800]
  0x00000228c34423e0 ConcurrentGCThread "G1 Refine#0" [stack: 0x0000005214500000,0x0000005214600000] [id=12720]
  0x00000228c3442e60 ConcurrentGCThread "G1 Service" [stack: 0x0000005214600000,0x0000005214700000] [id=20952]

Threads with active compile tasks:
C2 CompilerThread0     1132  884       4       java.util.HashMap::resize (356 bytes)
C1 CompilerThread0     1132  861       3       java.net.URLStreamHandler::parseURL (1201 bytes)

VM state: not at safepoint (normal execution)

VM Mutex/Monitor currently owned by a thread: None

Heap address: 0x00000000c1200000, size: 1006 MB, Compressed Oops mode: 32-bit

CDS archive(s) mapped at: [0x0000000800000000-0x0000000800bb0000-0x0000000800bb0000), size 12255232, SharedBaseAddress: 0x0000000800000000, ArchiveRelocationMode: 0.
Compressed class space mapped at: 0x0000000800c00000-0x0000000840c00000, reserved size: 1073741824
Narrow klass base: 0x0000000800000000, Narrow klass shift: 3, Narrow klass range: 0x100000000

GC Precious Log:
 CPUs: 4 total, 4 available
 Memory: 4016M
 Large Page Support: Disabled
 NUMA Support: Disabled
 Compressed Oops: Enabled (32-bit)
 Heap Region Size: 1M
 Heap Min Capacity: 8M
 Heap Initial Capacity: 64M
 Heap Max Capacity: 1006M
 Pre-touch: Disabled
 Parallel Workers: 4
 Concurrent Workers: 1
 Concurrent Refinement Workers: 4
 Periodic GC: Disabled

Heap:
 garbage-first heap   total 65536K, used 11264K [0x00000000c1200000, 0x0000000100000000)
  region size 1024K, 12 young (12288K), 0 survivors (0K)
 Metaspace       used 8250K, committed 8448K, reserved 1056768K
  class space    used 883K, committed 960K, reserved 1048576K

Heap Regions: E=young(eden), S=young(survivor), O=old, HS=humongous(starts), HC=humongous(continues), CS=collection set, F=free, OA=open archive, CA=closed archive, TAMS=top-at-mark-start (previous, next)
|   0|0x00000000c1200000, 0x00000000c1200000, 0x00000000c1300000|  0%| F|  |TAMS 0x00000000c1200000, 0x00000000c1200000| Untracked 
|   1|0x00000000c1300000, 0x00000000c1300000, 0x00000000c1400000|  0%| F|  |TAMS 0x00000000c1300000, 0x00000000c1300000| Untracked 
|   2|0x00000000c1400000, 0x00000000c1400000, 0x00000000c1500000|  0%| F|  |TAMS 0x00000000c1400000, 0x00000000c1400000| Untracked 
|   3|0x00000000c1500000, 0x00000000c1500000, 0x00000000c1600000|  0%| F|  |TAMS 0x00000000c1500000, 0x00000000c1500000| Untracked 
|   4|0x00000000c1600000, 0x00000000c1600000, 0x00000000c1700000|  0%| F|  |TAMS 0x00000000c1600000, 0x00000000c1600000| Untracked 
|   5|0x00000000c1700000, 0x00000000c1700000, 0x00000000c1800000|  0%| F|  |TAMS 0x00000000c1700000, 0x00000000c1700000| Untracked 
|   6|0x00000000c1800000, 0x00000000c1800000, 0x00000000c1900000|  0%| F|  |TAMS 0x00000000c1800000, 0x00000000c1800000| Untracked 
|   7|0x00000000c1900000, 0x00000000c1900000, 0x00000000c1a00000|  0%| F|  |TAMS 0x00000000c1900000, 0x00000000c1900000| Untracked 
|   8|0x00000000c1a00000, 0x00000000c1a00000, 0x00000000c1b00000|  0%| F|  |TAMS 0x00000000c1a00000, 0x00000000c1a00000| Untracked 
|   9|0x00000000c1b00000, 0x00000000c1b00000, 0x00000000c1c00000|  0%| F|  |TAMS 0x00000000c1b00000, 0x00000000c1b00000| Untracked 
|  10|0x00000000c1c00000, 0x00000000c1c00000, 0x00000000c1d00000|  0%| F|  |TAMS 0x00000000c1c00000, 0x00000000c1c00000| Untracked 
|  11|0x00000000c1d00000, 0x00000000c1d00000, 0x00000000c1e00000|  0%| F|  |TAMS 0x00000000c1d00000, 0x00000000c1d00000| Untracked 
|  12|0x00000000c1e00000, 0x00000000c1e00000, 0x00000000c1f00000|  0%| F|  |TAMS 0x00000000c1e00000, 0x00000000c1e00000| Untracked 
|  13|0x00000000c1f00000, 0x00000000c1f00000, 0x00000000c2000000|  0%| F|  |TAMS 0x00000000c1f00000, 0x00000000c1f00000| Untracked 
|  14|0x00000000c2000000, 0x00000000c2000000, 0x00000000c2100000|  0%| F|  |TAMS 0x00000000c2000000, 0x00000000c2000000| Untracked 
|  15|0x00000000c2100000, 0x00000000c2100000, 0x00000000c2200000|  0%| F|  |TAMS 0x00000000c2100000, 0x00000000c2100000| Untracked 
|  16|0x00000000c2200000, 0x00000000c2200000, 0x00000000c2300000|  0%| F|  |TAMS 0x00000000c2200000, 0x00000000c2200000| Untracked 
|  17|0x00000000c2300000, 0x00000000c2300000, 0x00000000c2400000|  0%| F|  |TAMS 0x00000000c2300000, 0x00000000c2300000| Untracked 
|  18|0x00000000c2400000, 0x00000000c2400000, 0x00000000c2500000|  0%| F|  |TAMS 0x00000000c2400000, 0x00000000c2400000| Untracked 
|  19|0x00000000c2500000, 0x00000000c2500000, 0x00000000c2600000|  0%| F|  |TAMS 0x00000000c2500000, 0x00000000c2500000| Untracked 
|  20|0x00000000c2600000, 0x00000000c2600000, 0x00000000c2700000|  0%| F|  |TAMS 0x00000000c2600000, 0x00000000c2600000| Untracked 
|  21|0x00000000c2700000, 0x00000000c2700000, 0x00000000c2800000|  0%| F|  |TAMS 0x00000000c2700000, 0x00000000c2700000| Untracked 
|  22|0x00000000c2800000, 0x00000000c2800000, 0x00000000c2900000|  0%| F|  |TAMS 0x00000000c2800000, 0x00000000c2800000| Untracked 
|  23|0x00000000c2900000, 0x00000000c2900000, 0x00000000c2a00000|  0%| F|  |TAMS 0x00000000c2900000, 0x00000000c2900000| Untracked 
|  24|0x00000000c2a00000, 0x00000000c2a00000, 0x00000000c2b00000|  0%| F|  |TAMS 0x00000000c2a00000, 0x00000000c2a00000| Untracked 
|  25|0x00000000c2b00000, 0x00000000c2b00000, 0x00000000c2c00000|  0%| F|  |TAMS 0x00000000c2b00000, 0x00000000c2b00000| Untracked 
|  26|0x00000000c2c00000, 0x00000000c2c00000, 0x00000000c2d00000|  0%| F|  |TAMS 0x00000000c2c00000, 0x00000000c2c00000| Untracked 
|  27|0x00000000c2d00000, 0x00000000c2d00000, 0x00000000c2e00000|  0%| F|  |TAMS 0x00000000c2d00000, 0x00000000c2d00000| Untracked 
|  28|0x00000000c2e00000, 0x00000000c2e00000, 0x00000000c2f00000|  0%| F|  |TAMS 0x00000000c2e00000, 0x00000000c2e00000| Untracked 
|  29|0x00000000c2f00000, 0x00000000c2f00000, 0x00000000c3000000|  0%| F|  |TAMS 0x00000000c2f00000, 0x00000000c2f00000| Untracked 
|  30|0x00000000c3000000, 0x00000000c3000000, 0x00000000c3100000|  0%| F|  |TAMS 0x00000000c3000000, 0x00000000c3000000| Untracked 
|  31|0x00000000c3100000, 0x00000000c3100000, 0x00000000c3200000|  0%| F|  |TAMS 0x00000000c3100000, 0x00000000c3100000| Untracked 
|  32|0x00000000c3200000, 0x00000000c3200000, 0x00000000c3300000|  0%| F|  |TAMS 0x00000000c3200000, 0x00000000c3200000| Untracked 
|  33|0x00000000c3300000, 0x00000000c3300000, 0x00000000c3400000|  0%| F|  |TAMS 0x00000000c3300000, 0x00000000c3300000| Untracked 
|  34|0x00000000c3400000, 0x00000000c3400000, 0x00000000c3500000|  0%| F|  |TAMS 0x00000000c3400000, 0x00000000c3400000| Untracked 
|  35|0x00000000c3500000, 0x00000000c3500000, 0x00000000c3600000|  0%| F|  |TAMS 0x00000000c3500000, 0x00000000c3500000| Untracked 
|  36|0x00000000c3600000, 0x00000000c3600000, 0x00000000c3700000|  0%| F|  |TAMS 0x00000000c3600000, 0x00000000c3600000| Untracked 
|  37|0x00000000c3700000, 0x00000000c3700000, 0x00000000c3800000|  0%| F|  |TAMS 0x00000000c3700000, 0x00000000c3700000| Untracked 
|  38|0x00000000c3800000, 0x00000000c3800000, 0x00000000c3900000|  0%| F|  |TAMS 0x00000000c3800000, 0x00000000c3800000| Untracked 
|  39|0x00000000c3900000, 0x00000000c3900000, 0x00000000c3a00000|  0%| F|  |TAMS 0x00000000c3900000, 0x00000000c3900000| Untracked 
|  40|0x00000000c3a00000, 0x00000000c3a00000, 0x00000000c3b00000|  0%| F|  |TAMS 0x00000000c3a00000, 0x00000000c3a00000| Untracked 
|  41|0x00000000c3b00000, 0x00000000c3b00000, 0x00000000c3c00000|  0%| F|  |TAMS 0x00000000c3b00000, 0x00000000c3b00000| Untracked 
|  42|0x00000000c3c00000, 0x00000000c3c00000, 0x00000000c3d00000|  0%| F|  |TAMS 0x00000000c3c00000, 0x00000000c3c00000| Untracked 
|  43|0x00000000c3d00000, 0x00000000c3d00000, 0x00000000c3e00000|  0%| F|  |TAMS 0x00000000c3d00000, 0x00000000c3d00000| Untracked 
|  44|0x00000000c3e00000, 0x00000000c3e00000, 0x00000000c3f00000|  0%| F|  |TAMS 0x00000000c3e00000, 0x00000000c3e00000| Untracked 
|  45|0x00000000c3f00000, 0x00000000c3f00000, 0x00000000c4000000|  0%| F|  |TAMS 0x00000000c3f00000, 0x00000000c3f00000| Untracked 
|  46|0x00000000c4000000, 0x00000000c4000000, 0x00000000c4100000|  0%| F|  |TAMS 0x00000000c4000000, 0x00000000c4000000| Untracked 
|  47|0x00000000c4100000, 0x00000000c4100000, 0x00000000c4200000|  0%| F|  |TAMS 0x00000000c4100000, 0x00000000c4100000| Untracked 
|  48|0x00000000c4200000, 0x00000000c4200000, 0x00000000c4300000|  0%| F|  |TAMS 0x00000000c4200000, 0x00000000c4200000| Untracked 
|  49|0x00000000c4300000, 0x00000000c4300000, 0x00000000c4400000|  0%| F|  |TAMS 0x00000000c4300000, 0x00000000c4300000| Untracked 
|  50|0x00000000c4400000, 0x00000000c4400000, 0x00000000c4500000|  0%| F|  |TAMS 0x00000000c4400000, 0x00000000c4400000| Untracked 
|  51|0x00000000c4500000, 0x00000000c4500000, 0x00000000c4600000|  0%| F|  |TAMS 0x00000000c4500000, 0x00000000c4500000| Untracked 
|  52|0x00000000c4600000, 0x00000000c4691e98, 0x00000000c4700000| 56%| E|  |TAMS 0x00000000c4600000, 0x00000000c4600000| Complete 
|  53|0x00000000c4700000, 0x00000000c4800000, 0x00000000c4800000|100%| E|CS|TAMS 0x00000000c4700000, 0x00000000c4700000| Complete 
|  54|0x00000000c4800000, 0x00000000c4900000, 0x00000000c4900000|100%| E|CS|TAMS 0x00000000c4800000, 0x00000000c4800000| Complete 
|  55|0x00000000c4900000, 0x00000000c4a00000, 0x00000000c4a00000|100%| E|CS|TAMS 0x00000000c4900000, 0x00000000c4900000| Complete 
|  56|0x00000000c4a00000, 0x00000000c4b00000, 0x00000000c4b00000|100%| E|CS|TAMS 0x00000000c4a00000, 0x00000000c4a00000| Complete 
|  57|0x00000000c4b00000, 0x00000000c4c00000, 0x00000000c4c00000|100%| E|CS|TAMS 0x00000000c4b00000, 0x00000000c4b00000| Complete 
|  58|0x00000000c4c00000, 0x00000000c4d00000, 0x00000000c4d00000|100%| E|CS|TAMS 0x00000000c4c00000, 0x00000000c4c00000| Complete 
|  59|0x00000000c4d00000, 0x00000000c4e00000, 0x00000000c4e00000|100%| E|CS|TAMS 0x00000000c4d00000, 0x00000000c4d00000| Complete 
|  60|0x00000000c4e00000, 0x00000000c4f00000, 0x00000000c4f00000|100%| E|CS|TAMS 0x00000000c4e00000, 0x00000000c4e00000| Complete 
|  61|0x00000000c4f00000, 0x00000000c5000000, 0x00000000c5000000|100%| E|CS|TAMS 0x00000000c4f00000, 0x00000000c4f00000| Complete 
|  62|0x00000000c5000000, 0x00000000c5100000, 0x00000000c5100000|100%| E|CS|TAMS 0x00000000c5000000, 0x00000000c5000000| Complete 
|  63|0x00000000c5100000, 0x00000000c5200000, 0x00000000c5200000|100%| E|CS|TAMS 0x00000000c5100000, 0x00000000c5100000| Complete 

Card table byte_map: [0x00000228dbb80000,0x00000228dbd80000] _byte_map_base: 0x00000228db577000

Marking Bits (Prev, Next): (CMBitMap*) 0x00000228c33e8a50, (CMBitMap*) 0x00000228c33e8a90
 Prev Bits: [0x00000228dbf80000, 0x00000228dcf38000)
 Next Bits: [0x00000228dcf40000, 0x00000228ddef8000)

Polling page: 0x00000228c34a0000

Metaspace:

Usage:
  Non-class:      7.19 MB used.
      Class:    883.35 KB used.
       Both:      8.06 MB used.

Virtual space:
  Non-class space:        8.00 MB reserved,       7.31 MB ( 91%) committed,  1 nodes.
      Class space:        1.00 GB reserved,     960.00 KB ( <1%) committed,  1 nodes.
              Both:        1.01 GB reserved,       8.25 MB ( <1%) committed. 

Chunk freelists:
   Non-Class:  112.00 KB
       Class:  3.06 MB
        Both:  3.17 MB

MaxMetaspaceSize: 17179869184.00 GB
CompressedClassSpaceSize: 1.00 GB
 - commit_granule_bytes: 65536.
 - commit_granule_words: 8192.
 - virtual_space_node_default_size: 1048576.
 - enlarge_chunks_in_place: 1.
 - new_chunks_are_fully_committed: 0.
 - uncommit_free_chunks: 1.
 - use_allocation_guard: 0.
 - handle_deallocations: 1.


Internal statistics:

num_allocs_failed_limit: 0.
num_arena_births: 112.
num_arena_deaths: 0.
num_vsnodes_births: 2.
num_vsnodes_deaths: 0.
num_space_committed: 132.
num_space_uncommitted: 0.
num_chunks_returned_to_freelist: 0.
num_chunks_taken_from_freelist: 221.
num_chunk_merges: 0.
num_chunk_splits: 146.
num_chunks_enlarged: 92.
num_purges: 0.

CodeHeap 'non-profiled nmethods': size=120000Kb used=284Kb max_used=284Kb free=119715Kb
 bounds [0x00000228d3e30000, 0x00000228d40a0000, 0x00000228db360000]
CodeHeap 'profiled nmethods': size=120000Kb used=1355Kb max_used=1355Kb free=118644Kb
 bounds [0x00000228cc900000, 0x00000228ccb70000, 0x00000228d3e30000]
CodeHeap 'non-nmethods': size=5760Kb used=1247Kb max_used=1262Kb free=4512Kb
 bounds [0x00000228cc360000, 0x00000228cc5d0000, 0x00000228cc900000]
 total_blobs=1427 nmethods=867 adapters=473
 compilation: enabled
              stopped_count=0, restarted_count=0
 full_count=0

Compilation events (20 events):
Event: 0.876 Thread 0x00000228e046ac30 nmethod 851 0x00000228cca4f790 code [0x00000228cca4f9e0, 0x00000228cca502f8]
Event: 0.876 Thread 0x00000228e046ac30  855       3       java.io.DataInputStream::readUnsignedShort (39 bytes)
Event: 0.878 Thread 0x00000228e046ac30 nmethod 855 0x00000228cca50590 code [0x00000228cca50760, 0x00000228cca50b48]
Event: 0.907 Thread 0x00000228e0460120 nmethod 845 0x00000228d3e75090 code [0x00000228d3e75220, 0x00000228d3e757f8]
Event: 0.907 Thread 0x00000228e046ac30  852       3       java.util.Objects::checkFromIndexSize (8 bytes)
Event: 0.907 Thread 0x00000228e046ac30 nmethod 852 0x00000228cca50c90 code [0x00000228cca50e40, 0x00000228cca51068]
Event: 0.907 Thread 0x00000228e046ac30  853       3       jdk.internal.util.Preconditions::checkFromIndexSize (25 bytes)
Event: 0.907 Thread 0x00000228e046ac30 nmethod 853 0x00000228cca51190 code [0x00000228cca51340, 0x00000228cca51508]
Event: 0.917 Thread 0x00000228e046ac30  858       3       java.lang.String::indexOf (18 bytes)
Event: 0.918 Thread 0x00000228e046ac30 nmethod 858 0x00000228cca51610 code [0x00000228cca517e0, 0x00000228cca51aa8]
Event: 0.918 Thread 0x00000228e046ac30  859       3       java.lang.String::indexOf (113 bytes)
Event: 0.918 Thread 0x00000228e046ac30 nmethod 859 0x00000228cca51c10 code [0x00000228cca51e40, 0x00000228cca52468]
Event: 0.918 Thread 0x00000228e046ac30  862       3       java.io.RandomAccessFile::read (8 bytes)
Event: 0.919 Thread 0x00000228e046ac30 nmethod 862 0x00000228cca52610 code [0x00000228cca527c0, 0x00000228cca52908]
Event: 0.919 Thread 0x00000228e046ac30  860       3       sun.net.www.protocol.file.Handler::parseURL (18 bytes)
Event: 0.919 Thread 0x00000228e046ac30 nmethod 860 0x00000228cca52a10 code [0x00000228cca52bc0, 0x00000228cca52d78]
Event: 0.919 Thread 0x00000228e046ac30  861       3       java.net.URLStreamHandler::parseURL (1201 bytes)
Event: 0.932 Thread 0x00000228e0460120  870       4       java.lang.StringLatin1::getChar (9 bytes)
Event: 0.933 Thread 0x00000228e0460120 nmethod 870 0x00000228d3e76010 code [0x00000228d3e761a0, 0x00000228d3e76238]
Event: 0.939 Thread 0x00000228e0460120  876       4       java.lang.CharacterDataLatin1::toLowerCase (39 bytes)

GC Heap History (0 events):
No events

Deoptimization events (10 events):
Event: 0.180 Thread 0x00000228c33b8320 Uncommon trap: trap_request=0xffffff45 fr.pc=0x00000228d3e3e6d0 relative=0x00000000000007d0
Event: 0.180 Thread 0x00000228c33b8320 Uncommon trap: reason=unstable_if action=reinterpret pc=0x00000228d3e3e6d0 method=java.util.HashMap.putVal(ILjava/lang/Object;Ljava/lang/Object;ZZ)Ljava/lang/Object; @ 81 c2
Event: 0.180 Thread 0x00000228c33b8320 DEOPT PACKING pc=0x00000228d3e3e6d0 sp=0x00000052141fe080
Event: 0.180 Thread 0x00000228c33b8320 DEOPT UNPACKING pc=0x00000228cc3ad72e sp=0x00000052141fe020 mode 2
Event: 0.493 Thread 0x00000228c33b8320 Uncommon trap: trap_request=0xffffff45 fr.pc=0x00000228d3e57700 relative=0x0000000000000440
Event: 0.493 Thread 0x00000228c33b8320 Uncommon trap: reason=unstable_if action=reinterpret pc=0x00000228d3e57700 method=java.lang.StringLatin1.replace([BCC)Ljava/lang/String; @ 19 c2
Event: 0.493 Thread 0x00000228c33b8320 DEOPT PACKING pc=0x00000228d3e57700 sp=0x00000052141fdd80
Event: 0.493 Thread 0x00000228c33b8320 DEOPT UNPACKING pc=0x00000228cc3ad72e sp=0x00000052141fdd00 mode 2
Event: 0.539 Thread 0x00000228c33b8320 DEOPT PACKING pc=0x00000228cc92f067 sp=0x00000052141fcfd0
Event: 0.539 Thread 0x00000228c33b8320 DEOPT UNPACKING pc=0x00000228cc3adece sp=0x00000052141fc3f0 mode 0

Classes unloaded (0 events):
No events

Classes redefined (0 events):
No events

Internal exceptions (19 events):
Event: 0.118 Thread 0x00000228c33b8320 Exception <a 'sun/nio/fs/WindowsException'{0x00000000c502fb80}> (0x00000000c502fb80) 
thrown [t:\workspace\open\src\hotspot\share\prims\jni.cpp, line 579]
Event: 0.118 Thread 0x00000228c33b8320 Exception <a 'sun/nio/fs/WindowsException'{0x00000000c5030110}> (0x00000000c5030110) 
thrown [t:\workspace\open\src\hotspot\share\prims\jni.cpp, line 579]
Event: 0.122 Thread 0x00000228c33b8320 Exception <a 'sun/nio/fs/WindowsException'{0x00000000c50325e8}> (0x00000000c50325e8) 
thrown [t:\workspace\open\src\hotspot\share\prims\jni.cpp, line 579]
Event: 0.123 Thread 0x00000228c33b8320 Exception <a 'sun/nio/fs/WindowsException'{0x00000000c50331a0}> (0x00000000c50331a0) 
thrown [t:\workspace\open\src\hotspot\share\prims\jni.cpp, line 579]
Event: 0.202 Thread 0x00000228c33b8320 Exception <a 'java/lang/NoSuchMethodError'{0x00000000c50f4530}: 'void java.lang.invoke.DirectMethodHandle$Holder.invokeSpecial(java.lang.Object, java.lang.Object, java.lang.Object)'> (0x00000000c50f4530) 
thrown [t:\workspace\open\src\hotspot\share\interpreter\linkResolver.cpp, line 790]
Event: 0.217 Thread 0x00000228c33b8320 Exception <a 'java/lang/ClassNotFoundException'{0x00000000c4f0b7f8}: sun/awt/resources/spi/awtProvider> (0x00000000c4f0b7f8) 
thrown [t:\workspace\open\src\hotspot\share\classfile\systemDictionary.cpp, line 256]
Event: 0.256 Thread 0x00000228c33b8320 Exception <a 'java/io/FileNotFoundException'{0x00000000c4f5fe48}> (0x00000000c4f5fe48) 
thrown [t:\workspace\open\src\hotspot\share\prims\jni.cpp, line 579]
Event: 0.269 Thread 0x00000228c33b8320 Exception <a 'java/io/FileNotFoundException'{0x00000000c4f8e908}> (0x00000000c4f8e908) 
thrown [t:\workspace\open\src\hotspot\share\prims\jni.cpp, line 579]
Event: 0.269 Thread 0x00000228c33b8320 Exception <a 'java/lang/NoSuchMethodError'{0x00000000c4f8fa00}: 'java.lang.Object java.lang.invoke.DirectMethodHandle$Holder.invokeStatic(java.lang.Object)'> (0x00000000c4f8fa00) 
thrown [t:\workspace\open\src\hotspot\share\interpreter\linkResolver.cpp, line 790]
Event: 0.328 Thread 0x00000228c33b8320 Exception <a 'java/lang/NoSuchMethodError'{0x00000000c4fdf0f0}: 'java.lang.Object java.lang.invoke.DirectMethodHandle$Holder.invokeStaticInit(java.lang.Object)'> (0x00000000c4fdf0f0) 
thrown [t:\workspace\open\src\hotspot\share\interpreter\linkResolver.cpp, line 790]
Event: 0.388 Thread 0x00000228c33b8320 Exception <a 'java/lang/NoSuchMethodError'{0x00000000c4e93798}: 'java.lang.Object java.lang.invoke.DirectMethodHandle$Holder.newInvokeSpecial(java.lang.Object, java.lang.Object, java.lang.Object, java.lang.Object, java.lang.Object)'> (0x00000000c4e93798) 
thrown [t:\workspace\open\src\hotspot\share\interpreter\linkResolver.cpp, line 790]
Event: 0.390 Thread 0x00000228c33b8320 Exception <a 'java/lang/NoSuchMethodError'{0x00000000c4e9f280}: 'java.lang.Object java.lang.invoke.DirectMethodHandle$Holder.invokeStatic(java.lang.Object, int, java.lang.Object, java.lang.Object, java.lang.Object, java.lang.Object)'> (0x00000000c4e9f280) 
thrown [t:\workspace\open\src\hotspot\share\interpreter\linkResolver.cpp, line 790]
Event: 0.398 Thread 0x00000228c33b8320 Exception <a 'java/lang/NoSuchMethodError'{0x00000000c4ec5348}: 'java.lang.Object java.lang.invoke.DirectMethodHandle$Holder.invokeStatic(java.lang.Object, int, java.lang.Object)'> (0x00000000c4ec5348) 
thrown [t:\workspace\open\src\hotspot\share\interpreter\linkResolver.cpp, line 790]
Event: 0.439 Thread 0x00000228c33b8320 Exception <a 'java/lang/ClassNotFoundException'{0x00000000c4d7deb0}: com/sun/swing/internal/plaf/metal/resources/spi/metalProvider> (0x00000000c4d7deb0) 
thrown [t:\workspace\open\src\hotspot\share\classfile\systemDictionary.cpp, line 256]
Event: 0.440 Thread 0x00000228c33b8320 Exception <a 'java/lang/ClassNotFoundException'{0x00000000c4d81f18}: com/sun/swing/internal/plaf/basic/resources/spi/basicProvider> (0x00000000c4d81f18) 
thrown [t:\workspace\open\src\hotspot\share\classfile\systemDictionary.cpp, line 256]
Event: 0.556 Thread 0x00000228c33b8320 Exception <a 'java/lang/NoSuchMethodError'{0x00000000c4cfa498}: 'java.lang.Object java.lang.invoke.DirectMethodHandle$Holder.invokeInterface(java.lang.Object, java.lang.Object)'> (0x00000000c4cfa498) 
thrown [t:\workspace\open\src\hotspot\share\interpreter\linkResolver.cpp, line 790]
Event: 0.600 Thread 0x00000228c33b8320 Exception <a 'java/lang/NoSuchMethodError'{0x00000000c4b8c938}: 'void java.lang.invoke.DirectMethodHandle$Holder.invokeStatic(java.lang.Object, java.lang.Object, java.lang.Object)'> (0x00000000c4b8c938) 
thrown [t:\workspace\open\src\hotspot\share\interpreter\linkResolver.cpp, line 790]
Event: 0.604 Thread 0x00000228c33b8320 Exception <a 'java/lang/NoSuchMethodError'{0x00000000c4b9b5c0}: 'java.lang.Object java.lang.invoke.DirectMethodHandle$Holder.invokeVirtual(java.lang.Object, java.lang.Object, java.lang.Object)'> (0x00000000c4b9b5c0) 
thrown [t:\workspace\open\src\hotspot\share\interpreter\linkResolver.cpp, line 790]
Event: 0.785 Thread 0x00000228c33b8320 Exception <a 'java/lang/NoSuchMethodError'{0x00000000c48c75e0}: 'void java.lang.invoke.DirectMethodHandle$Holder.invokeStatic(java.lang.Object, java.lang.Object)'> (0x00000000c48c75e0) 
thrown [t:\workspace\open\src\hotspot\share\interpreter\linkResolver.cpp, line 790]

Events (20 events):
Event: 0.827 loading class java/nio/file/InvalidPathException
Event: 0.828 loading class java/nio/file/InvalidPathException done
Event: 0.828 loading class java/net/URISyntaxException
Event: 0.828 loading class java/net/URISyntaxException done
Event: 0.914 loading class sun/util/calendar/ZoneInfoFile$Checksum
Event: 0.914 loading class java/util/zip/CRC32
Event: 0.915 loading class java/util/zip/Checksum
Event: 0.915 loading class java/util/zip/Checksum done
Event: 0.915 loading class java/util/zip/CRC32 done
Event: 0.915 loading class sun/util/calendar/ZoneInfoFile$Checksum done
Event: 0.915 loading class java/util/zip/Checksum$1
Event: 0.915 loading class java/util/zip/Checksum$1 done
Event: 0.922 loading class java/lang/ArrayIndexOutOfBoundsException
Event: 0.922 loading class java/lang/ArrayIndexOutOfBoundsException done
Event: 0.928 loading class java/nio/charset/Charset$ExtendedProviderHolder
Event: 0.928 loading class java/nio/charset/Charset$ExtendedProviderHolder done
Event: 0.928 loading class java/nio/charset/Charset$ExtendedProviderHolder$1
Event: 0.928 loading class java/nio/charset/Charset$ExtendedProviderHolder$1 done
Event: 0.931 loading class java/lang/AssertionError
Event: 0.931 loading class java/lang/AssertionError done


Dynamic libraries:
0x00007ff73c2c0000 - 0x00007ff73c2d0000 	C:\Program Files\Java\jdk-16.0.2\bin\java.exe
0x00007fff7f0b0000 - 0x00007fff7f2a8000 	C:\WINDOWS\SYSTEM32\ntdll.dll
0x00007fff7e150000 - 0x00007fff7e20d000 	C:\WINDOWS\System32\KERNEL32.DLL
0x00007fff7ccb0000 - 0x00007fff7cf7e000 	C:\WINDOWS\System32\KERNELBASE.dll
0x00007fff7ca00000 - 0x00007fff7cb00000 	C:\WINDOWS\System32\ucrtbase.dll
0x00007fff6e9d0000 - 0x00007fff6e9e9000 	C:\Program Files\Java\jdk-16.0.2\bin\VCRUNTIME140.dll
0x00007fff6d320000 - 0x00007fff6d338000 	C:\Program Files\Java\jdk-16.0.2\bin\jli.dll
0x00007fff7e600000 - 0x00007fff7e6ae000 	C:\WINDOWS\System32\ADVAPI32.dll
0x00007fff7d6e0000 - 0x00007fff7d77e000 	C:\WINDOWS\System32\msvcrt.dll
0x00007fff7d450000 - 0x00007fff7d4ec000 	C:\WINDOWS\System32\sechost.dll
0x00007fff7d110000 - 0x00007fff7d235000 	C:\WINDOWS\System32\RPCRT4.dll
0x00007fff7d2a0000 - 0x00007fff7d440000 	C:\WINDOWS\System32\USER32.dll
0x00007fff7d0e0000 - 0x00007fff7d102000 	C:\WINDOWS\System32\win32u.dll
0x00007fff71b90000 - 0x00007fff71e2a000 	C:\WINDOWS\WinSxS\amd64_microsoft.windows.common-controls_6595b64144ccf1df_6.0.19041.1110_none_60b5254171f9507e\COMCTL32.dll
0x00007fff7e570000 - 0x00007fff7e59a000 	C:\WINDOWS\System32\GDI32.dll
0x00007fff7cfd0000 - 0x00007fff7d0db000 	C:\WINDOWS\System32\gdi32full.dll
0x00007fff7c7d0000 - 0x00007fff7c86d000 	C:\WINDOWS\System32\msvcp_win.dll
0x00007fff71e40000 - 0x00007fff71e4a000 	C:\WINDOWS\SYSTEM32\VERSION.dll
0x00007fff7f040000 - 0x00007fff7f070000 	C:\WINDOWS\System32\IMM32.DLL
0x00007fff76330000 - 0x00007fff7633c000 	C:\Program Files\Java\jdk-16.0.2\bin\vcruntime140_1.dll
0x00007fff6d180000 - 0x00007fff6d211000 	C:\Program Files\Java\jdk-16.0.2\bin\msvcp140.dll
0x00007fff29230000 - 0x00007fff29ddb000 	C:\Program Files\Java\jdk-16.0.2\bin\server\jvm.dll
0x00007fff7d440000 - 0x00007fff7d448000 	C:\WINDOWS\System32\PSAPI.DLL
0x00007fff7b020000 - 0x00007fff7b029000 	C:\WINDOWS\SYSTEM32\WSOCK32.dll
0x00007fff7e6b0000 - 0x00007fff7e71b000 	C:\WINDOWS\System32\WS2_32.dll
0x00007fff6a000000 - 0x00007fff6a027000 	C:\WINDOWS\SYSTEM32\WINMM.dll
0x00007fff7b190000 - 0x00007fff7b1a2000 	C:\WINDOWS\SYSTEM32\kernel.appcore.dll
0x00007fff75630000 - 0x00007fff7563a000 	C:\Program Files\Java\jdk-16.0.2\bin\jimage.dll
0x00007fff7a580000 - 0x00007fff7a764000 	C:\WINDOWS\SYSTEM32\DBGHELP.DLL
0x00007fff70ff0000 - 0x00007fff7101c000 	C:\WINDOWS\SYSTEM32\dbgcore.DLL
0x00007fff7cb00000 - 0x00007fff7cb82000 	C:\WINDOWS\System32\bcryptPrimitives.dll
0x00007fff6df80000 - 0x00007fff6dfa5000 	C:\Program Files\Java\jdk-16.0.2\bin\java.dll
0x00007fff7da00000 - 0x00007fff7e144000 	C:\WINDOWS\System32\SHELL32.dll
0x00007fff7a770000 - 0x00007fff7af04000 	C:\WINDOWS\SYSTEM32\windows.storage.dll
0x00007fff7e210000 - 0x00007fff7e564000 	C:\WINDOWS\System32\combase.dll
0x00007fff7c230000 - 0x00007fff7c260000 	C:\WINDOWS\SYSTEM32\Wldp.dll
0x00007fff7d7b0000 - 0x00007fff7d85d000 	C:\WINDOWS\System32\SHCORE.dll
0x00007fff7edd0000 - 0x00007fff7ee25000 	C:\WINDOWS\System32\shlwapi.dll
0x00007fff7c710000 - 0x00007fff7c72f000 	C:\WINDOWS\SYSTEM32\profapi.dll
0x00007fff6e9b0000 - 0x00007fff6e9c9000 	C:\Program Files\Java\jdk-16.0.2\bin\net.dll
0x00007fff754a0000 - 0x00007fff755aa000 	C:\WINDOWS\SYSTEM32\WINHTTP.dll
0x00007fff7bf90000 - 0x00007fff7bffa000 	C:\WINDOWS\system32\mswsock.dll
0x00007fff6de80000 - 0x00007fff6de93000 	C:\Program Files\Java\jdk-16.0.2\bin\nio.dll
0x00007fff6dba0000 - 0x00007fff6dbb8000 	C:\Program Files\Java\jdk-16.0.2\bin\zip.dll
0x00007fff6b150000 - 0x00007fff6b2d0000 	C:\Program Files\Java\jdk-16.0.2\bin\awt.dll
0x00007fff7d610000 - 0x00007fff7d6dd000 	C:\WINDOWS\System32\OLEAUT32.dll
0x00007fff79c20000 - 0x00007fff79cb0000 	C:\WINDOWS\SYSTEM32\apphelp.dll
0x00007fff7a1d0000 - 0x00007fff7a1ff000 	C:\WINDOWS\system32\DWMAPI.DLL
0x00007fff79ef0000 - 0x00007fff79f8e000 	C:\WINDOWS\system32\uxtheme.dll
0x00007fff689b0000 - 0x00007fff68ad7000 	C:\WINDOWS\system32\opengl32.dll
0x00007fff68980000 - 0x00007fff689ac000 	C:\WINDOWS\SYSTEM32\GLU32.dll
0x00007fff7d4f0000 - 0x00007fff7d605000 	C:\WINDOWS\System32\MSCTF.dll
0x00007fff7ee30000 - 0x00007fff7ef5a000 	C:\WINDOWS\System32\ole32.dll
0x00007fff7bc70000 - 0x00007fff7bd3a000 	C:\WINDOWS\SYSTEM32\DNSAPI.dll
0x00007fff7bc30000 - 0x00007fff7bc6b000 	C:\WINDOWS\SYSTEM32\IPHLPAPI.DLL
0x00007fff7d7a0000 - 0x00007fff7d7a8000 	C:\WINDOWS\System32\NSI.dll
0x00007fff724b0000 - 0x00007fff724ba000 	C:\Windows\System32\rasadhlp.dll
0x00007fff71fa0000 - 0x00007fff72020000 	C:\WINDOWS\System32\fwpuclnt.dll
0x00007fff7c9d0000 - 0x00007fff7c9f7000 	C:\WINDOWS\System32\bcrypt.dll

dbghelp: loaded successfully - version: 4.0.5 - missing functions: none
symbol engine: initialized successfully - sym options: 0x614 - pdb path: .;C:\Program Files\Java\jdk-16.0.2\bin;C:\WINDOWS\SYSTEM32;C:\WINDOWS\WinSxS\amd64_microsoft.windows.common-controls_6595b64144ccf1df_6.0.19041.1110_none_60b5254171f9507e;C:\Program Files\Java\jdk-16.0.2\bin\server

VM Arguments:
jvm_args: -Dfile.encoding=UTF-8 --module-path=C:\Users\KARAN\Documents\NetBeansProjects\Employee-Management-System\build\classes 
java_command: employee.management.system.Employee_Attendance
java_class_path (initial): C:\rs2xml\rs2xml.jar;C:\mysql-connector-java-8.0.27;C:\mysql-connector-java-8.0.27\mysql-connector-java-8.0.27.jar;C:\Users\KARAN\Documents\NetBeansProjects\Employee-Management-System\build\classes
Launcher Type: SUN_STANDARD

[Global flags]
     intx CICompilerCount                          = 3                                         {product} {ergonomic}
     uint ConcGCThreads                            = 1                                         {product} {ergonomic}
     uint G1ConcRefinementThreads                  = 4                                         {product} {ergonomic}
   size_t G1HeapRegionSize                         = 1048576                                   {product} {ergonomic}
    uintx GCDrainStackTargetSize                   = 64                                        {product} {ergonomic}
   size_t InitialHeapSize                          = 67108864                                  {product} {ergonomic}
   size_t MarkStackSize                            = 4194304                                   {product} {ergonomic}
   size_t MaxHeapSize                              = 1054867456                                {product} {ergonomic}
   size_t MaxNewSize                               = 632291328                                 {product} {ergonomic}
   size_t MinHeapDeltaBytes                        = 1048576                                   {product} {ergonomic}
   size_t MinHeapSize                              = 8388608                                   {product} {ergonomic}
    uintx NonNMethodCodeHeapSize                   = 5832780                                {pd product} {ergonomic}
    uintx NonProfiledCodeHeapSize                  = 122912730                              {pd product} {ergonomic}
    uintx ProfiledCodeHeapSize                     = 122912730                              {pd product} {ergonomic}
    uintx ReservedCodeCacheSize                    = 251658240                              {pd product} {ergonomic}
     bool SegmentedCodeCache                       = true                                      {product} {ergonomic}
   size_t SoftMaxHeapSize                          = 1054867456                             {manageable} {ergonomic}
     bool UseCompressedClassPointers               = true                           {product lp64_product} {ergonomic}
     bool UseCompressedOops                        = true                           {product lp64_product} {ergonomic}
     bool UseG1GC                                  = true                                      {product} {ergonomic}
     bool UseLargePagesIndividualAllocation        = false                                  {pd product} {ergonomic}

Logging:
Log output configuration:
 #0: stdout all=warning uptime,level,tags
 #1: stderr all=off uptime,level,tags

Environment Variables:
JAVA_HOME=C:\Program Files\Java\jdk-16.0.2
PATH=E:\app\KARAN\product\11.2.0\dbhome_1\bin;C:\Program Files\Common Files\Oracle\Java\javapath;C:\WINDOWS\system32;C:\WINDOWS;C:\WINDOWS\System32\Wbem;C:\WINDOWS\System32\WindowsPowerShell\v1.0\;C:\WINDOWS\System32\OpenSSH\;C:\Program Files\dotnet\;C:\Program Files\Java\jdk-16.0.2\bin;C:\TDM-GCC-32\bin;C:\Program Files (x86)\Git\cmd;C:\Users\KARAN\AppData\Local\Programs\Python\Python310\Scripts\;C:\Users\KARAN\AppData\Local\Programs\Python\Python310\;C:\Program Files\MySQL\MySQL Shell 8.0\bin\;C:\Program Files\Java\jdk1.8.0_101\bin;C:\Users\KARAN\AppData\Local\Microsoft\WindowsApps;C:\Users\KARAN\AppData\Local\Programs\Microsoft VS Code\bin;C:\Program Files (x86)\mingw-w64\i686-7.1.0-posix-dwarf-rt_v5-rev2\mingw32\gcc;C:\Program Files\CodeBlocks\MinGW\bin;C:\Program Files\MinGW\bin;C:\Program Files\JetBrains\PyCharm Community Edition 2021.3.1\bin;;C:\Users\KARAN\AppData\Local\GitHubDesktop\bin
USERNAME=KARAN
OS=Windows_NT
PROCESSOR_IDENTIFIER=Intel64 Family 6 Model 61 Stepping 4, GenuineIntel



---------------  S Y S T E M  ---------------

OS:
 Windows 10 , 64 bit Build 19041 (10.0.19041.1889)
OS uptime: 0 days 12:41 hours

CPU: total 4 (initial active 4) (2 cores per cpu, 2 threads per core) family 6 model 61 stepping 4 microcode 0x2d, cx8, cmov, fxsr, ht, mmx, 3dnowpref, sse, sse2, sse3, ssse3, sse4.1, sse4.2, popcnt, lzcnt, tsc, tscinvbit, avx, avx2, aes, erms, clmul, bmi1, bmi2, adx, fma, vzeroupper, clflush

Memory: 4k page, system-wide physical 4016M (266M free)
TotalPageFile size 16304M (AvailPageFile size 2M)
current process WorkingSet (physical memory assigned to process): 62M, peak: 62M
current process commit charge ("private bytes"): 150M, peak: 150M

vm_info: Java HotSpot(TM) 64-Bit Server VM (16.0.2+7-67) for windows-amd64 JRE (16.0.2+7-67), built on Jun  8 2021 23:24:19 by "mach5one" with MS VC++ 16.7 (VS2019)

END.
