#
# There is insufficient memory for the Java Runtime Environment to continue.
# Native memory allocation (malloc) failed to allocate 32744 bytes for ChunkPool::allocate
# Possible reasons:
#   The system is out of physical RAM or swap space
#   The process is running with CompressedOops enabled, and the Java Heap may be blocking the growth of the native heap
# Possible solutions:
#   Reduce memory load on the system
#   Increase physical memory or swap space
#   Check if swap backing store is full
#   Decrease Java heap size (-Xmx/-Xms)
#   Decrease number of Java threads
#   Decrease Java thread stack sizes (-Xss)
#   Set larger code cache with -XX:ReservedCodeCacheSize=
#   JVM is running with Unscaled Compressed Oops mode in which the Java heap is
#     placed in the first 4GB address space. The Java Heap base address is the
#     maximum limit for the native heap growth. Please use -XX:HeapBaseMinAddress
#     to set the Java Heap base and to place the Java Heap above 4GB virtual address.
# This output file may be truncated or incomplete.
#
#  Out of Memory Error (arena.cpp:79), pid=20240, tid=9600
#
# JRE version: Java(TM) SE Runtime Environment (16.0.2+7) (build 16.0.2+7-67)
# Java VM: Java HotSpot(TM) 64-Bit Server VM (16.0.2+7-67, mixed mode, sharing, tiered, compressed oops, compressed class ptrs, g1 gc, windows-amd64)
# No core dump will be written. Minidumps are not enabled by default on client versions of Windows
#

---------------  S U M M A R Y ------------

Command Line: -Dfile.encoding=UTF-8 --module-path=C:\Users\KARAN\Documents\NetBeansProjects\Employee-Management-System\build\classes employee.management.system.Generate_PaySlip

Host: Intel(R) Core(TM) i3-5005U CPU @ 2.00GHz, 4 cores, 3G,  Windows 10 , 64 bit Build 19041 (10.0.19041.1889)
Time: Mon Aug 22 00:42:21 2022 India Standard Time elapsed time: 0.641481 seconds (0d 0h 0m 0s)

---------------  T H R E A D  ---------------

Current thread (0x00000205c7e88230):  JavaThread "main" [_thread_in_vm, id=9600, stack(0x0000009a84300000,0x0000009a84400000)]

Stack: [0x0000009a84300000,0x0000009a84400000]
Native frames: (J=compiled Java code, j=interpreted, Vv=VM code, C=native code)
V  [jvm.dll+0x6681ca]
V  [jvm.dll+0x7c9e69]
V  [jvm.dll+0x7cb61e]
V  [jvm.dll+0x7cbc73]
V  [jvm.dll+0x242c55]
V  [jvm.dll+0xae10f]
V  [jvm.dll+0xae45c]
V  [jvm.dll+0x2b7c79]
V  [jvm.dll+0x2b724e]
V  [jvm.dll+0x1eb23a]
V  [jvm.dll+0x1df64a]
V  [jvm.dll+0x535ff8]
V  [jvm.dll+0x74222e]
V  [jvm.dll+0x4076da]
V  [jvm.dll+0x41b9b6]
C  [java.dll+0x164d]

Java frames: (J=compiled Java code, j=interpreted, Vv=VM code)
j  java.lang.ClassLoader.defineClass0(Ljava/lang/ClassLoader;Ljava/lang/Class;Ljava/lang/String;[BIILjava/security/ProtectionDomain;ZILjava/lang/Object;)Ljava/lang/Class;+0 java.base@16.0.2
j  java.lang.System$2.defineClass(Ljava/lang/ClassLoader;Ljava/lang/Class;Ljava/lang/String;[BLjava/security/ProtectionDomain;ZILjava/lang/Object;)Ljava/lang/Class;+17 java.base@16.0.2
j  java.lang.invoke.MethodHandles$Lookup$ClassDefiner.defineClass(ZLjava/lang/Object;)Ljava/lang/Class;+54 java.base@16.0.2
j  java.lang.invoke.InvokerBytecodeGenerator.loadMethod([B)Ljava/lang/invoke/MemberName;+16 java.base@16.0.2
j  java.lang.invoke.InvokerBytecodeGenerator.generateCustomizedCode(Ljava/lang/invoke/LambdaForm;Ljava/lang/invoke/MethodType;)Ljava/lang/invoke/MemberName;+30 java.base@16.0.2
j  java.lang.invoke.LambdaForm.compileToBytecode()V+69 java.base@16.0.2
j  java.lang.invoke.LambdaForm.prepare()V+21 java.base@16.0.2
j  java.lang.invoke.MethodHandle.<init>(Ljava/lang/invoke/MethodType;Ljava/lang/invoke/LambdaForm;)V+33 java.base@16.0.2
j  java.lang.invoke.BoundMethodHandle.<init>(Ljava/lang/invoke/MethodType;Ljava/lang/invoke/LambdaForm;)V+3 java.base@16.0.2
j  java.lang.invoke.BoundMethodHandle$Species_L.<init>(Ljava/lang/invoke/MethodType;Ljava/lang/invoke/LambdaForm;Ljava/lang/Object;)V+3 java.base@16.0.2
j  java.lang.invoke.BoundMethodHandle$Species_L.copyWith(Ljava/lang/invoke/MethodType;Ljava/lang/invoke/LambdaForm;)Ljava/lang/invoke/BoundMethodHandle;+10 java.base@16.0.2
j  java.lang.invoke.MethodHandles.dropArguments0(Ljava/lang/invoke/MethodHandle;ILjava/util/List;)Ljava/lang/invoke/MethodHandle;+105 java.base@16.0.2
j  java.lang.invoke.MethodHandles.dropArguments(Ljava/lang/invoke/MethodHandle;I[Ljava/lang/Class;)Ljava/lang/invoke/MethodHandle;+6 java.base@16.0.2
j  java.lang.invoke.StringConcatFactory.generateMHInlineCopy(Ljava/lang/invoke/MethodType;Ljava/util/List;)Ljava/lang/invoke/MethodHandle;+266 java.base@16.0.2
j  java.lang.invoke.StringConcatFactory.makeConcatWithConstants(Ljava/lang/invoke/MethodHandles$Lookup;Ljava/lang/String;Ljava/lang/invoke/MethodType;Ljava/lang/String;[Ljava/lang/Object;)Ljava/lang/invoke/CallSite;+220 java.base@16.0.2
j  java.lang.invoke.DirectMethodHandle$Holder.invokeStatic(Ljava/lang/Object;Ljava/lang/Object;Ljava/lang/Object;Ljava/lang/Object;Ljava/lang/Object;Ljava/lang/Object;)Ljava/lang/Object;+18 java.base@16.0.2
j  java.lang.invoke.DelegatingMethodHandle$Holder.delegate(Ljava/lang/Object;Ljava/lang/Object;Ljava/lang/Object;Ljava/lang/Object;Ljava/lang/Object;Ljava/lang/Object;)Ljava/lang/Object;+21 java.base@16.0.2
j  java.lang.invoke.Invokers$Holder.invokeExact_MT(Ljava/lang/Object;Ljava/lang/Object;Ljava/lang/Object;Ljava/lang/Object;Ljava/lang/Object;Ljava/lang/Object;Ljava/lang/Object;)Ljava/lang/Object;+26 java.base@16.0.2
j  java.lang.invoke.BootstrapMethodInvoker.invoke(Ljava/lang/Class;Ljava/lang/invoke/MethodHandle;Ljava/lang/String;Ljava/lang/Object;Ljava/lang/Object;Ljava/lang/Class;)Ljava/lang/Object;+134 java.base@16.0.2
j  java.lang.invoke.CallSite.makeSite(Ljava/lang/invoke/MethodHandle;Ljava/lang/String;Ljava/lang/invoke/MethodType;Ljava/lang/Object;Ljava/lang/Class;)Ljava/lang/invoke/CallSite;+8 java.base@16.0.2
j  java.lang.invoke.MethodHandleNatives.linkCallSiteImpl(Ljava/lang/Class;Ljava/lang/invoke/MethodHandle;Ljava/lang/String;Ljava/lang/invoke/MethodType;Ljava/lang/Object;[Ljava/lang/Object;)Ljava/lang/invoke/MemberName;+6 java.base@16.0.2
j  java.lang.invoke.MethodHandleNatives.linkCallSite(Ljava/lang/Object;ILjava/lang/Object;Ljava/lang/Object;Ljava/lang/Object;Ljava/lang/Object;[Ljava/lang/Object;)Ljava/lang/invoke/MemberName;+46 java.base@16.0.2
v  ~StubRoutines::call_stub
j  java.awt.Toolkit$1.run()Ljava/lang/String;+74 java.desktop@16.0.2
j  java.awt.Toolkit$1.run()Ljava/lang/Object;+1 java.desktop@16.0.2
j  java.security.AccessController.executePrivileged(Ljava/security/PrivilegedAction;Ljava/security/AccessControlContext;Ljava/lang/Class;)Ljava/lang/Object;+29 java.base@16.0.2
j  java.security.AccessController.doPrivileged(Ljava/security/PrivilegedAction;)Ljava/lang/Object;+5 java.base@16.0.2
j  java.awt.Toolkit.initAssistiveTechnologies()V+21 java.desktop@16.0.2
j  java.awt.Toolkit.<clinit>()V+44 java.desktop@16.0.2
v  ~StubRoutines::call_stub
j  java.awt.Component.<clinit>()V+93 java.desktop@16.0.2
v  ~StubRoutines::call_stub

---------------  P R O C E S S  ---------------

Threads class SMR info:
_java_thread_list=0x00000205e3c5d9f0, length=12, elements={
0x00000205c7e88230, 0x00000205e2fb0b30, 0x00000205e2fb2190, 0x00000205e2fc1910,
0x00000205e2fc5330, 0x00000205e2fc64d0, 0x00000205e2fc6ed0, 0x00000205e2fcc0f0,
0x00000205e2fcfdb0, 0x00000205e2fe5730, 0x00000205e3087da0, 0x00000205e3c88030
}

Java Threads: ( => current thread )
=>0x00000205c7e88230 JavaThread "main" [_thread_in_vm, id=9600, stack(0x0000009a84300000,0x0000009a84400000)]
  0x00000205e2fb0b30 JavaThread "Reference Handler" daemon [_thread_blocked, id=19792, stack(0x0000009a84a00000,0x0000009a84b00000)]
  0x00000205e2fb2190 JavaThread "Finalizer" daemon [_thread_blocked, id=22180, stack(0x0000009a84b00000,0x0000009a84c00000)]
  0x00000205e2fc1910 JavaThread "Signal Dispatcher" daemon [_thread_blocked, id=19740, stack(0x0000009a84c00000,0x0000009a84d00000)]
  0x00000205e2fc5330 JavaThread "Attach Listener" daemon [_thread_blocked, id=6748, stack(0x0000009a84d00000,0x0000009a84e00000)]
  0x00000205e2fc64d0 JavaThread "Service Thread" daemon [_thread_blocked, id=21260, stack(0x0000009a84e00000,0x0000009a84f00000)]
  0x00000205e2fc6ed0 JavaThread "Monitor Deflation Thread" daemon [_thread_blocked, id=14020, stack(0x0000009a84f00000,0x0000009a85000000)]
  0x00000205e2fcc0f0 JavaThread "C2 CompilerThread0" daemon [_thread_blocked, id=21000, stack(0x0000009a85000000,0x0000009a85100000)]
  0x00000205e2fcfdb0 JavaThread "C1 CompilerThread0" daemon [_thread_blocked, id=7772, stack(0x0000009a85100000,0x0000009a85200000)]
  0x00000205e2fe5730 JavaThread "Sweeper thread" daemon [_thread_blocked, id=17744, stack(0x0000009a85200000,0x0000009a85300000)]
  0x00000205e3087da0 JavaThread "Common-Cleaner" daemon [_thread_blocked, id=19540, stack(0x0000009a85300000,0x0000009a85400000)]
  0x00000205e3c88030 JavaThread "Notification Thread" daemon [_thread_blocked, id=13636, stack(0x0000009a85400000,0x0000009a85500000)]

Other Threads:
  0x00000205e2faa720 VMThread "VM Thread" [stack: 0x0000009a84900000,0x0000009a84a00000] [id=18428]
  0x00000205c7e89230 WatcherThread [stack: 0x0000009a85500000,0x0000009a85600000] [id=16824]
  0x00000205c7eb72e0 GCTaskThread "GC Thread#0" [stack: 0x0000009a84400000,0x0000009a84500000] [id=16912]
  0x00000205c7ec11f0 ConcurrentGCThread "G1 Main Marker" [stack: 0x0000009a84500000,0x0000009a84600000] [id=16516]
  0x00000205c7ec3810 ConcurrentGCThread "G1 Conc#0" [stack: 0x0000009a84600000,0x0000009a84700000] [id=11120]
  0x00000205c7f11570 ConcurrentGCThread "G1 Refine#0" [stack: 0x0000009a84700000,0x0000009a84800000] [id=12504]
  0x00000205c7f11ff0 ConcurrentGCThread "G1 Service" [stack: 0x0000009a84800000,0x0000009a84900000] [id=11536]

Threads with active compile tasks:

VM state: not at safepoint (normal execution)

VM Mutex/Monitor currently owned by a thread: None

Heap address: 0x00000000c1200000, size: 1006 MB, Compressed Oops mode: 32-bit

CDS archive(s) mapped at: [0x0000000800000000-0x0000000800bb0000-0x0000000800bb0000), size 12255232, SharedBaseAddress: 0x0000000800000000, ArchiveRelocationMode: 0.
Compressed class space mapped at: 0x0000000800c00000-0x0000000840c00000, reserved size: 1073741824
Narrow klass base: 0x0000000800000000, Narrow klass shift: 3, Narrow klass range: 0x100000000

GC Precious Log:
 CPUs: 4 total, 4 available
 Memory: 4016M
 Large Page Support: Disabled
 NUMA Support: Disabled
 Compressed Oops: Enabled (32-bit)
 Heap Region Size: 1M
 Heap Min Capacity: 8M
 Heap Initial Capacity: 64M
 Heap Max Capacity: 1006M
 Pre-touch: Disabled
 Parallel Workers: 4
 Concurrent Workers: 1
 Concurrent Refinement Workers: 4
 Periodic GC: Disabled

Heap:
 garbage-first heap   total 65536K, used 2048K [0x00000000c1200000, 0x0000000100000000)
  region size 1024K, 3 young (3072K), 0 survivors (0K)
 Metaspace       used 1404K, committed 1536K, reserved 1056768K
  class space    used 121K, committed 192K, reserved 1048576K

Heap Regions: E=young(eden), S=young(survivor), O=old, HS=humongous(starts), HC=humongous(continues), CS=collection set, F=free, OA=open archive, CA=closed archive, TAMS=top-at-mark-start (previous, next)
|   0|0x00000000c1200000, 0x00000000c1200000, 0x00000000c1300000|  0%| F|  |TAMS 0x00000000c1200000, 0x00000000c1200000| Untracked 
|   1|0x00000000c1300000, 0x00000000c1300000, 0x00000000c1400000|  0%| F|  |TAMS 0x00000000c1300000, 0x00000000c1300000| Untracked 
|   2|0x00000000c1400000, 0x00000000c1400000, 0x00000000c1500000|  0%| F|  |TAMS 0x00000000c1400000, 0x00000000c1400000| Untracked 
|   3|0x00000000c1500000, 0x00000000c1500000, 0x00000000c1600000|  0%| F|  |TAMS 0x00000000c1500000, 0x00000000c1500000| Untracked 
|   4|0x00000000c1600000, 0x00000000c1600000, 0x00000000c1700000|  0%| F|  |TAMS 0x00000000c1600000, 0x00000000c1600000| Untracked 
|   5|0x00000000c1700000, 0x00000000c1700000, 0x00000000c1800000|  0%| F|  |TAMS 0x00000000c1700000, 0x00000000c1700000| Untracked 
|   6|0x00000000c1800000, 0x00000000c1800000, 0x00000000c1900000|  0%| F|  |TAMS 0x00000000c1800000, 0x00000000c1800000| Untracked 
|   7|0x00000000c1900000, 0x00000000c1900000, 0x00000000c1a00000|  0%| F|  |TAMS 0x00000000c1900000, 0x00000000c1900000| Untracked 
|   8|0x00000000c1a00000, 0x00000000c1a00000, 0x00000000c1b00000|  0%| F|  |TAMS 0x00000000c1a00000, 0x00000000c1a00000| Untracked 
|   9|0x00000000c1b00000, 0x00000000c1b00000, 0x00000000c1c00000|  0%| F|  |TAMS 0x00000000c1b00000, 0x00000000c1b00000| Untracked 
|  10|0x00000000c1c00000, 0x00000000c1c00000, 0x00000000c1d00000|  0%| F|  |TAMS 0x00000000c1c00000, 0x00000000c1c00000| Untracked 
|  11|0x00000000c1d00000, 0x00000000c1d00000, 0x00000000c1e00000|  0%| F|  |TAMS 0x00000000c1d00000, 0x00000000c1d00000| Untracked 
|  12|0x00000000c1e00000, 0x00000000c1e00000, 0x00000000c1f00000|  0%| F|  |TAMS 0x00000000c1e00000, 0x00000000c1e00000| Untracked 
|  13|0x00000000c1f00000, 0x00000000c1f00000, 0x00000000c2000000|  0%| F|  |TAMS 0x00000000c1f00000, 0x00000000c1f00000| Untracked 
|  14|0x00000000c2000000, 0x00000000c2000000, 0x00000000c2100000|  0%| F|  |TAMS 0x00000000c2000000, 0x00000000c2000000| Untracked 
|  15|0x00000000c2100000, 0x00000000c2100000, 0x00000000c2200000|  0%| F|  |TAMS 0x00000000c2100000, 0x00000000c2100000| Untracked 
|  16|0x00000000c2200000, 0x00000000c2200000, 0x00000000c2300000|  0%| F|  |TAMS 0x00000000c2200000, 0x00000000c2200000| Untracked 
|  17|0x00000000c2300000, 0x00000000c2300000, 0x00000000c2400000|  0%| F|  |TAMS 0x00000000c2300000, 0x00000000c2300000| Untracked 
|  18|0x00000000c2400000, 0x00000000c2400000, 0x00000000c2500000|  0%| F|  |TAMS 0x00000000c2400000, 0x00000000c2400000| Untracked 
|  19|0x00000000c2500000, 0x00000000c2500000, 0x00000000c2600000|  0%| F|  |TAMS 0x00000000c2500000, 0x00000000c2500000| Untracked 
|  20|0x00000000c2600000, 0x00000000c2600000, 0x00000000c2700000|  0%| F|  |TAMS 0x00000000c2600000, 0x00000000c2600000| Untracked 
|  21|0x00000000c2700000, 0x00000000c2700000, 0x00000000c2800000|  0%| F|  |TAMS 0x00000000c2700000, 0x00000000c2700000| Untracked 
|  22|0x00000000c2800000, 0x00000000c2800000, 0x00000000c2900000|  0%| F|  |TAMS 0x00000000c2800000, 0x00000000c2800000| Untracked 
|  23|0x00000000c2900000, 0x00000000c2900000, 0x00000000c2a00000|  0%| F|  |TAMS 0x00000000c2900000, 0x00000000c2900000| Untracked 
|  24|0x00000000c2a00000, 0x00000000c2a00000, 0x00000000c2b00000|  0%| F|  |TAMS 0x00000000c2a00000, 0x00000000c2a00000| Untracked 
|  25|0x00000000c2b00000, 0x00000000c2b00000, 0x00000000c2c00000|  0%| F|  |TAMS 0x00000000c2b00000, 0x00000000c2b00000| Untracked 
|  26|0x00000000c2c00000, 0x00000000c2c00000, 0x00000000c2d00000|  0%| F|  |TAMS 0x00000000c2c00000, 0x00000000c2c00000| Untracked 
|  27|0x00000000c2d00000, 0x00000000c2d00000, 0x00000000c2e00000|  0%| F|  |TAMS 0x00000000c2d00000, 0x00000000c2d00000| Untracked 
|  28|0x00000000c2e00000, 0x00000000c2e00000, 0x00000000c2f00000|  0%| F|  |TAMS 0x00000000c2e00000, 0x00000000c2e00000| Untracked 
|  29|0x00000000c2f00000, 0x00000000c2f00000, 0x00000000c3000000|  0%| F|  |TAMS 0x00000000c2f00000, 0x00000000c2f00000| Untracked 
|  30|0x00000000c3000000, 0x00000000c3000000, 0x00000000c3100000|  0%| F|  |TAMS 0x00000000c3000000, 0x00000000c3000000| Untracked 
|  31|0x00000000c3100000, 0x00000000c3100000, 0x00000000c3200000|  0%| F|  |TAMS 0x00000000c3100000, 0x00000000c3100000| Untracked 
|  32|0x00000000c3200000, 0x00000000c3200000, 0x00000000c3300000|  0%| F|  |TAMS 0x00000000c3200000, 0x00000000c3200000| Untracked 
|  33|0x00000000c3300000, 0x00000000c3300000, 0x00000000c3400000|  0%| F|  |TAMS 0x00000000c3300000, 0x00000000c3300000| Untracked 
|  34|0x00000000c3400000, 0x00000000c3400000, 0x00000000c3500000|  0%| F|  |TAMS 0x00000000c3400000, 0x00000000c3400000| Untracked 
|  35|0x00000000c3500000, 0x00000000c3500000, 0x00000000c3600000|  0%| F|  |TAMS 0x00000000c3500000, 0x00000000c3500000| Untracked 
|  36|0x00000000c3600000, 0x00000000c3600000, 0x00000000c3700000|  0%| F|  |TAMS 0x00000000c3600000, 0x00000000c3600000| Untracked 
|  37|0x00000000c3700000, 0x00000000c3700000, 0x00000000c3800000|  0%| F|  |TAMS 0x00000000c3700000, 0x00000000c3700000| Untracked 
|  38|0x00000000c3800000, 0x00000000c3800000, 0x00000000c3900000|  0%| F|  |TAMS 0x00000000c3800000, 0x00000000c3800000| Untracked 
|  39|0x00000000c3900000, 0x00000000c3900000, 0x00000000c3a00000|  0%| F|  |TAMS 0x00000000c3900000, 0x00000000c3900000| Untracked 
|  40|0x00000000c3a00000, 0x00000000c3a00000, 0x00000000c3b00000|  0%| F|  |TAMS 0x00000000c3a00000, 0x00000000c3a00000| Untracked 
|  41|0x00000000c3b00000, 0x00000000c3b00000, 0x00000000c3c00000|  0%| F|  |TAMS 0x00000000c3b00000, 0x00000000c3b00000| Untracked 
|  42|0x00000000c3c00000, 0x00000000c3c00000, 0x00000000c3d00000|  0%| F|  |TAMS 0x00000000c3c00000, 0x00000000c3c00000| Untracked 
|  43|0x00000000c3d00000, 0x00000000c3d00000, 0x00000000c3e00000|  0%| F|  |TAMS 0x00000000c3d00000, 0x00000000c3d00000| Untracked 
|  44|0x00000000c3e00000, 0x00000000c3e00000, 0x00000000c3f00000|  0%| F|  |TAMS 0x00000000c3e00000, 0x00000000c3e00000| Untracked 
|  45|0x00000000c3f00000, 0x00000000c3f00000, 0x00000000c4000000|  0%| F|  |TAMS 0x00000000c3f00000, 0x00000000c3f00000| Untracked 
|  46|0x00000000c4000000, 0x00000000c4000000, 0x00000000c4100000|  0%| F|  |TAMS 0x00000000c4000000, 0x00000000c4000000| Untracked 
|  47|0x00000000c4100000, 0x00000000c4100000, 0x00000000c4200000|  0%| F|  |TAMS 0x00000000c4100000, 0x00000000c4100000| Untracked 
|  48|0x00000000c4200000, 0x00000000c4200000, 0x00000000c4300000|  0%| F|  |TAMS 0x00000000c4200000, 0x00000000c4200000| Untracked 
|  49|0x00000000c4300000, 0x00000000c4300000, 0x00000000c4400000|  0%| F|  |TAMS 0x00000000c4300000, 0x00000000c4300000| Untracked 
|  50|0x00000000c4400000, 0x00000000c4400000, 0x00000000c4500000|  0%| F|  |TAMS 0x00000000c4400000, 0x00000000c4400000| Untracked 
|  51|0x00000000c4500000, 0x00000000c4500000, 0x00000000c4600000|  0%| F|  |TAMS 0x00000000c4500000, 0x00000000c4500000| Untracked 
|  52|0x00000000c4600000, 0x00000000c4600000, 0x00000000c4700000|  0%| F|  |TAMS 0x00000000c4600000, 0x00000000c4600000| Untracked 
|  53|0x00000000c4700000, 0x00000000c4700000, 0x00000000c4800000|  0%| F|  |TAMS 0x00000000c4700000, 0x00000000c4700000| Untracked 
|  54|0x00000000c4800000, 0x00000000c4800000, 0x00000000c4900000|  0%| F|  |TAMS 0x00000000c4800000, 0x00000000c4800000| Untracked 
|  55|0x00000000c4900000, 0x00000000c4900000, 0x00000000c4a00000|  0%| F|  |TAMS 0x00000000c4900000, 0x00000000c4900000| Untracked 
|  56|0x00000000c4a00000, 0x00000000c4a00000, 0x00000000c4b00000|  0%| F|  |TAMS 0x00000000c4a00000, 0x00000000c4a00000| Untracked 
|  57|0x00000000c4b00000, 0x00000000c4b00000, 0x00000000c4c00000|  0%| F|  |TAMS 0x00000000c4b00000, 0x00000000c4b00000| Untracked 
|  58|0x00000000c4c00000, 0x00000000c4c00000, 0x00000000c4d00000|  0%| F|  |TAMS 0x00000000c4c00000, 0x00000000c4c00000| Untracked 
|  59|0x00000000c4d00000, 0x00000000c4d00000, 0x00000000c4e00000|  0%| F|  |TAMS 0x00000000c4d00000, 0x00000000c4d00000| Untracked 
|  60|0x00000000c4e00000, 0x00000000c4e00000, 0x00000000c4f00000|  0%| F|  |TAMS 0x00000000c4e00000, 0x00000000c4e00000| Untracked 
|  61|0x00000000c4f00000, 0x00000000c4f85a28, 0x00000000c5000000| 52%| E|  |TAMS 0x00000000c4f00000, 0x00000000c4f00000| Complete 
|  62|0x00000000c5000000, 0x00000000c5100000, 0x00000000c5100000|100%| E|CS|TAMS 0x00000000c5000000, 0x00000000c5000000| Complete 
|  63|0x00000000c5100000, 0x00000000c5200000, 0x00000000c5200000|100%| E|CS|TAMS 0x00000000c5100000, 0x00000000c5100000| Complete 

Card table byte_map: [0x00000205de810000,0x00000205dea10000] _byte_map_base: 0x00000205de207000

Marking Bits (Prev, Next): (CMBitMap*) 0x00000205c7eb89e0, (CMBitMap*) 0x00000205c7eb8a20
 Prev Bits: [0x00000205dec10000, 0x00000205dfbc8000)
 Next Bits: [0x00000205dfbd0000, 0x00000205e0b88000)

Polling page: 0x00000205c5e50000

Metaspace:

Usage:
  Non-class:      1.25 MB used.
      Class:    121.19 KB used.
       Both:      1.37 MB used.

Virtual space:
  Non-class space:        8.00 MB reserved,       1.31 MB ( 16%) committed,  1 nodes.
      Class space:        1.00 GB reserved,     192.00 KB ( <1%) committed,  1 nodes.
              Both:        1.01 GB reserved,       1.50 MB ( <1%) committed. 

Chunk freelists:
   Non-Class:  3.96 MB
       Class:  3.73 MB
        Both:  7.69 MB

MaxMetaspaceSize: 17179869184.00 GB
CompressedClassSpaceSize: 1.00 GB
 - commit_granule_bytes: 65536.
 - commit_granule_words: 8192.
 - virtual_space_node_default_size: 1048576.
 - enlarge_chunks_in_place: 1.
 - new_chunks_are_fully_committed: 0.
 - uncommit_free_chunks: 1.
 - use_allocation_guard: 0.
 - handle_deallocations: 1.


Internal statistics:

num_allocs_failed_limit: 0.
num_arena_births: 30.
num_arena_deaths: 0.
num_vsnodes_births: 2.
num_vsnodes_deaths: 0.
num_space_committed: 24.
num_space_uncommitted: 0.
num_chunks_returned_to_freelist: 0.
num_chunks_taken_from_freelist: 33.
num_chunk_merges: 0.
num_chunk_splits: 21.
num_chunks_enlarged: 12.
num_purges: 0.

CodeHeap 'non-profiled nmethods': size=120000Kb used=103Kb max_used=103Kb free=119896Kb
 bounds [0x00000205d70e0000, 0x00000205d7350000, 0x00000205de610000]
CodeHeap 'profiled nmethods': size=120000Kb used=362Kb max_used=362Kb free=119637Kb
 bounds [0x00000205cfbb0000, 0x00000205cfe20000, 0x00000205d70e0000]
CodeHeap 'non-nmethods': size=5760Kb used=1120Kb max_used=1133Kb free=4639Kb
 bounds [0x00000205cf610000, 0x00000205cf880000, 0x00000205cfbb0000]
 total_blobs=699 nmethods=305 adapters=307
 compilation: enabled
              stopped_count=0, restarted_count=0
 full_count=0

Compilation events (20 events):
Event: 0.581 Thread 0x00000205e2fcfdb0  286       3       java.lang.invoke.LambdaForm::argument (27 bytes)
Event: 0.581 Thread 0x00000205e2fcfdb0 nmethod 286 0x00000205cfbfd010 code [0x00000205cfbfd1e0, 0x00000205cfbfd448]
Event: 0.581 Thread 0x00000205e2fcfdb0  287       3       java.util.Arrays::copyOf (40 bytes)
Event: 0.582 Thread 0x00000205e2fcfdb0 nmethod 287 0x00000205cfbfd590 code [0x00000205cfbfd7a0, 0x00000205cfbfde88]
Event: 0.582 Thread 0x00000205e2fcfdb0  289       3       jdk.internal.org.objectweb.asm.Frame::execute (2305 bytes)
Event: 0.584 Thread 0x00000205e2fcc0f0  299       4       java.lang.String::length (11 bytes)
Event: 0.585 Thread 0x00000205e2fcc0f0 nmethod 299 0x00000205d70f9310 code [0x00000205d70f94a0, 0x00000205d70f9538]
Event: 0.592 Thread 0x00000205e2fcfdb0 nmethod 289 0x00000205cfbfe090 code [0x00000205cfbfefc0, 0x00000205cfc059d8]
Event: 0.592 Thread 0x00000205e2fcfdb0  298       3       java.lang.invoke.MethodType::checkPtypes (61 bytes)
Event: 0.593 Thread 0x00000205e2fcfdb0 nmethod 298 0x00000205cfc07590 code [0x00000205cfc07800, 0x00000205cfc081e8]
Event: 0.593 Thread 0x00000205e2fcfdb0  292       3       jdk.internal.org.objectweb.asm.Symbol::<init> (38 bytes)
Event: 0.593 Thread 0x00000205e2fcfdb0 nmethod 292 0x00000205cfc08610 code [0x00000205cfc087c0, 0x00000205cfc08a58]
Event: 0.593 Thread 0x00000205e2fcfdb0  293       3       java.lang.Number::<init> (5 bytes)
Event: 0.593 Thread 0x00000205e2fcfdb0 nmethod 293 0x00000205cfc08b10 code [0x00000205cfc08cc0, 0x00000205cfc08e18]
Event: 0.593 Thread 0x00000205e2fcfdb0  296       3       java.lang.Class::getName (18 bytes)
Event: 0.593 Thread 0x00000205e2fcfdb0 nmethod 296 0x00000205cfc08f10 code [0x00000205cfc090c0, 0x00000205cfc09248]
Event: 0.593 Thread 0x00000205e2fcfdb0  291       3       java.lang.invoke.MemberName::getMethodOrFieldType (72 bytes)
Event: 0.594 Thread 0x00000205e2fcfdb0 nmethod 291 0x00000205cfc09310 code [0x00000205cfc09640, 0x00000205cfc0a528]
Event: 0.594 Thread 0x00000205e2fcfdb0  303       1       java.lang.invoke.LambdaForm$BasicType::basicTypeClass (5 bytes)
Event: 0.594 Thread 0x00000205e2fcfdb0 nmethod 303 0x00000205d70f9c10 code [0x00000205d70f9da0, 0x00000205d70f9e78]

GC Heap History (0 events):
No events

Deoptimization events (4 events):
Event: 0.495 Thread 0x00000205c7e88230 Uncommon trap: trap_request=0xffffff45 fr.pc=0x00000205d70ee914 relative=0x0000000000000894
Event: 0.495 Thread 0x00000205c7e88230 Uncommon trap: reason=unstable_if action=reinterpret pc=0x00000205d70ee914 method=java.util.HashMap.putVal(ILjava/lang/Object;Ljava/lang/Object;ZZ)Ljava/lang/Object; @ 81 c2
Event: 0.495 Thread 0x00000205c7e88230 DEOPT PACKING pc=0x00000205d70ee914 sp=0x0000009a843fe210
Event: 0.495 Thread 0x00000205c7e88230 DEOPT UNPACKING pc=0x00000205cf65d72e sp=0x0000009a843fe1b0 mode 2

Classes unloaded (0 events):
No events

Classes redefined (0 events):
No events

Internal exceptions (7 events):
Event: 0.351 Thread 0x00000205c7e88230 Exception <a 'sun/nio/fs/WindowsException'{0x00000000c502fb80}> (0x00000000c502fb80) 
thrown [t:\workspace\open\src\hotspot\share\prims\jni.cpp, line 579]
Event: 0.351 Thread 0x00000205c7e88230 Exception <a 'sun/nio/fs/WindowsException'{0x00000000c5030110}> (0x00000000c5030110) 
thrown [t:\workspace\open\src\hotspot\share\prims\jni.cpp, line 579]
Event: 0.354 Thread 0x00000205c7e88230 Exception <a 'sun/nio/fs/WindowsException'{0x00000000c50325e8}> (0x00000000c50325e8) 
thrown [t:\workspace\open\src\hotspot\share\prims\jni.cpp, line 579]
Event: 0.355 Thread 0x00000205c7e88230 Exception <a 'sun/nio/fs/WindowsException'{0x00000000c50331a0}> (0x00000000c50331a0) 
thrown [t:\workspace\open\src\hotspot\share\prims\jni.cpp, line 579]
Event: 0.513 Thread 0x00000205c7e88230 Exception <a 'java/lang/NoSuchMethodError'{0x00000000c50f48c8}: 'void java.lang.invoke.DirectMethodHandle$Holder.invokeSpecial(java.lang.Object, java.lang.Object, java.lang.Object)'> (0x00000000c50f48c8) 
thrown [t:\workspace\open\src\hotspot\share\interpreter\linkResolver.cpp, line 790]
Event: 0.528 Thread 0x00000205c7e88230 Exception <a 'java/lang/ClassNotFoundException'{0x00000000c4f0bb40}: sun/awt/resources/spi/awtProvider> (0x00000000c4f0bb40) 
thrown [t:\workspace\open\src\hotspot\share\classfile\systemDictionary.cpp, line 256]
Event: 0.590 Thread 0x00000205c7e88230 Exception <a 'java/io/FileNotFoundException'{0x00000000c4f60178}> (0x00000000c4f60178) 
thrown [t:\workspace\open\src\hotspot\share\prims\jni.cpp, line 579]

Events (20 events):
Event: 0.530 loading class java/net/SocketPermission done
Event: 0.534 loading class sun/awt/resources/awt
Event: 0.534 loading class sun/awt/resources/awt done
Event: 0.535 loading class java/util/ResourceBundle$BundleReference
Event: 0.535 loading class java/util/ResourceBundle$BundleReference done
Event: 0.536 loading class sun/awt/resources/awt_en
Event: 0.536 loading class sun/awt/resources/awt_en done
Event: 0.536 loading class sun/awt/resources/awt_en
Event: 0.536 loading class sun/awt/resources/awt_en done
Event: 0.539 loading class sun/awt/resources/awt_en_US
Event: 0.539 loading class sun/awt/resources/awt_en_US done
Event: 0.539 loading class sun/awt/resources/awt_en_US
Event: 0.539 loading class sun/awt/resources/awt_en_US done
Event: 0.539 loading class java/awt/Toolkit$2
Event: 0.539 loading class java/awt/Toolkit$2 done
Event: 0.569 Loaded shared library C:\Program Files\Java\jdk-16.0.2\bin\awt.dll
Event: 0.569 loading class java/awt/Toolkit$1
Event: 0.569 loading class java/awt/Toolkit$1 done
Event: 0.590 loading class java/io/FileNotFoundException
Event: 0.590 loading class java/io/FileNotFoundException done


Dynamic libraries:
0x00007ff66cb40000 - 0x00007ff66cb50000 	C:\Program Files\Java\jdk-16.0.2\bin\java.exe
0x00007fff7f0b0000 - 0x00007fff7f2a8000 	C:\WINDOWS\SYSTEM32\ntdll.dll
0x00007fff7e150000 - 0x00007fff7e20d000 	C:\WINDOWS\System32\KERNEL32.DLL
0x00007fff7ccb0000 - 0x00007fff7cf7e000 	C:\WINDOWS\System32\KERNELBASE.dll
0x00007fff7ca00000 - 0x00007fff7cb00000 	C:\WINDOWS\System32\ucrtbase.dll
0x00007fff699a0000 - 0x00007fff699b8000 	C:\Program Files\Java\jdk-16.0.2\bin\jli.dll
0x00007fff7e600000 - 0x00007fff7e6ae000 	C:\WINDOWS\System32\ADVAPI32.dll
0x00007fff7d6e0000 - 0x00007fff7d77e000 	C:\WINDOWS\System32\msvcrt.dll
0x00007fff7d450000 - 0x00007fff7d4ec000 	C:\WINDOWS\System32\sechost.dll
0x00007fff7d110000 - 0x00007fff7d235000 	C:\WINDOWS\System32\RPCRT4.dll
0x00007fff7d2a0000 - 0x00007fff7d440000 	C:\WINDOWS\System32\USER32.dll
0x00007fff7d0e0000 - 0x00007fff7d102000 	C:\WINDOWS\System32\win32u.dll
0x00007fff7e570000 - 0x00007fff7e59a000 	C:\WINDOWS\System32\GDI32.dll
0x00007fff71b90000 - 0x00007fff71e2a000 	C:\WINDOWS\WinSxS\amd64_microsoft.windows.common-controls_6595b64144ccf1df_6.0.19041.1110_none_60b5254171f9507e\COMCTL32.dll
0x00007fff7cfd0000 - 0x00007fff7d0db000 	C:\WINDOWS\System32\gdi32full.dll
0x00007fff7c7d0000 - 0x00007fff7c86d000 	C:\WINDOWS\System32\msvcp_win.dll
0x00007fff71e40000 - 0x00007fff71e4a000 	C:\WINDOWS\SYSTEM32\VERSION.dll
0x00007fff72490000 - 0x00007fff724a9000 	C:\Program Files\Java\jdk-16.0.2\bin\VCRUNTIME140.dll
0x00007fff7f040000 - 0x00007fff7f070000 	C:\WINDOWS\System32\IMM32.DLL
0x00007fff79100000 - 0x00007fff7910c000 	C:\Program Files\Java\jdk-16.0.2\bin\vcruntime140_1.dll
0x00007fff62490000 - 0x00007fff62521000 	C:\Program Files\Java\jdk-16.0.2\bin\msvcp140.dll
0x00007fff3f510000 - 0x00007fff400bb000 	C:\Program Files\Java\jdk-16.0.2\bin\server\jvm.dll
0x00007fff7d440000 - 0x00007fff7d448000 	C:\WINDOWS\System32\PSAPI.DLL
0x00007fff7b020000 - 0x00007fff7b029000 	C:\WINDOWS\SYSTEM32\WSOCK32.dll
0x00007fff6a000000 - 0x00007fff6a027000 	C:\WINDOWS\SYSTEM32\WINMM.dll
0x00007fff7e6b0000 - 0x00007fff7e71b000 	C:\WINDOWS\System32\WS2_32.dll
0x00007fff7b190000 - 0x00007fff7b1a2000 	C:\WINDOWS\SYSTEM32\kernel.appcore.dll
0x00007fff75d20000 - 0x00007fff75d2a000 	C:\Program Files\Java\jdk-16.0.2\bin\jimage.dll
0x00007fff7a580000 - 0x00007fff7a764000 	C:\WINDOWS\SYSTEM32\DBGHELP.DLL
0x00007fff70ff0000 - 0x00007fff7101c000 	C:\WINDOWS\SYSTEM32\dbgcore.DLL
0x00007fff7cb00000 - 0x00007fff7cb82000 	C:\WINDOWS\System32\bcryptPrimitives.dll
0x00007fff6cce0000 - 0x00007fff6cd05000 	C:\Program Files\Java\jdk-16.0.2\bin\java.dll
0x00007fff7da00000 - 0x00007fff7e144000 	C:\WINDOWS\System32\SHELL32.dll
0x00007fff7a770000 - 0x00007fff7af04000 	C:\WINDOWS\SYSTEM32\windows.storage.dll
0x00007fff7e210000 - 0x00007fff7e564000 	C:\WINDOWS\System32\combase.dll
0x00007fff7c230000 - 0x00007fff7c260000 	C:\WINDOWS\SYSTEM32\Wldp.dll
0x00007fff7d7b0000 - 0x00007fff7d85d000 	C:\WINDOWS\System32\SHCORE.dll
0x00007fff7edd0000 - 0x00007fff7ee25000 	C:\WINDOWS\System32\shlwapi.dll
0x00007fff7c710000 - 0x00007fff7c72f000 	C:\WINDOWS\SYSTEM32\profapi.dll
0x00007fff6eba0000 - 0x00007fff6ebb9000 	C:\Program Files\Java\jdk-16.0.2\bin\net.dll
0x00007fff754a0000 - 0x00007fff755aa000 	C:\WINDOWS\SYSTEM32\WINHTTP.dll
0x00007fff7bf90000 - 0x00007fff7bffa000 	C:\WINDOWS\system32\mswsock.dll
0x00007fff6e0e0000 - 0x00007fff6e0f3000 	C:\Program Files\Java\jdk-16.0.2\bin\nio.dll
0x00007fff6b180000 - 0x00007fff6b198000 	C:\Program Files\Java\jdk-16.0.2\bin\zip.dll
0x00007fff53e00000 - 0x00007fff53f80000 	C:\Program Files\Java\jdk-16.0.2\bin\awt.dll
0x00007fff7d610000 - 0x00007fff7d6dd000 	C:\WINDOWS\System32\OLEAUT32.dll
0x00007fff79c20000 - 0x00007fff79cb0000 	C:\WINDOWS\SYSTEM32\apphelp.dll

dbghelp: loaded successfully - version: 4.0.5 - missing functions: none
symbol engine: initialized successfully - sym options: 0x614 - pdb path: .;C:\Program Files\Java\jdk-16.0.2\bin;C:\WINDOWS\SYSTEM32;C:\WINDOWS\WinSxS\amd64_microsoft.windows.common-controls_6595b64144ccf1df_6.0.19041.1110_none_60b5254171f9507e;C:\Program Files\Java\jdk-16.0.2\bin\server

VM Arguments:
jvm_args: -Dfile.encoding=UTF-8 --module-path=C:\Users\KARAN\Documents\NetBeansProjects\Employee-Management-System\build\classes 
java_command: employee.management.system.Generate_PaySlip
java_class_path (initial): C:\rs2xml\rs2xml.jar;C:\mysql-connector-java-8.0.27;C:\mysql-connector-java-8.0.27\mysql-connector-java-8.0.27.jar;C:\Users\KARAN\Documents\NetBeansProjects\Employee-Management-System\build\classes
Launcher Type: SUN_STANDARD

[Global flags]
     intx CICompilerCount                          = 3                                         {product} {ergonomic}
     uint ConcGCThreads                            = 1                                         {product} {ergonomic}
     uint G1ConcRefinementThreads                  = 4                                         {product} {ergonomic}
   size_t G1HeapRegionSize                         = 1048576                                   {product} {ergonomic}
    uintx GCDrainStackTargetSize                   = 64                                        {product} {ergonomic}
   size_t InitialHeapSize                          = 67108864                                  {product} {ergonomic}
   size_t MarkStackSize                            = 4194304                                   {product} {ergonomic}
   size_t MaxHeapSize                              = 1054867456                                {product} {ergonomic}
   size_t MaxNewSize                               = 632291328                                 {product} {ergonomic}
   size_t MinHeapDeltaBytes                        = 1048576                                   {product} {ergonomic}
   size_t MinHeapSize                              = 8388608                                   {product} {ergonomic}
    uintx NonNMethodCodeHeapSize                   = 5832780                                {pd product} {ergonomic}
    uintx NonProfiledCodeHeapSize                  = 122912730                              {pd product} {ergonomic}
    uintx ProfiledCodeHeapSize                     = 122912730                              {pd product} {ergonomic}
    uintx ReservedCodeCacheSize                    = 251658240                              {pd product} {ergonomic}
     bool SegmentedCodeCache                       = true                                      {product} {ergonomic}
   size_t SoftMaxHeapSize                          = 1054867456                             {manageable} {ergonomic}
     bool UseCompressedClassPointers               = true                           {product lp64_product} {ergonomic}
     bool UseCompressedOops                        = true                           {product lp64_product} {ergonomic}
     bool UseG1GC                                  = true                                      {product} {ergonomic}
     bool UseLargePagesIndividualAllocation        = false                                  {pd product} {ergonomic}

Logging:
Log output configuration:
 #0: stdout all=warning uptime,level,tags
 #1: stderr all=off uptime,level,tags

Environment Variables:
JAVA_HOME=C:\Program Files\Java\jdk-16.0.2
PATH=E:\app\KARAN\product\11.2.0\dbhome_1\bin;C:\Program Files\Common Files\Oracle\Java\javapath;C:\WINDOWS\system32;C:\WINDOWS;C:\WINDOWS\System32\Wbem;C:\WINDOWS\System32\WindowsPowerShell\v1.0\;C:\WINDOWS\System32\OpenSSH\;C:\Program Files\dotnet\;C:\Program Files\Java\jdk-16.0.2\bin;C:\TDM-GCC-32\bin;C:\Program Files (x86)\Git\cmd;C:\Users\KARAN\AppData\Local\Programs\Python\Python310\Scripts\;C:\Users\KARAN\AppData\Local\Programs\Python\Python310\;C:\Program Files\MySQL\MySQL Shell 8.0\bin\;C:\Program Files\Java\jdk1.8.0_101\bin;C:\Users\KARAN\AppData\Local\Microsoft\WindowsApps;C:\Users\KARAN\AppData\Local\Programs\Microsoft VS Code\bin;C:\Program Files (x86)\mingw-w64\i686-7.1.0-posix-dwarf-rt_v5-rev2\mingw32\gcc;C:\Program Files\CodeBlocks\MinGW\bin;C:\Program Files\MinGW\bin;C:\Program Files\JetBrains\PyCharm Community Edition 2021.3.1\bin;;C:\Users\KARAN\AppData\Local\GitHubDesktop\bin
USERNAME=KARAN
OS=Windows_NT
PROCESSOR_IDENTIFIER=Intel64 Family 6 Model 61 Stepping 4, GenuineIntel



---------------  S Y S T E M  ---------------

OS:
 Windows 10 , 64 bit Build 19041 (10.0.19041.1889)
OS uptime: 7 days 10:22 hours

CPU: total 4 (initial active 4) (2 cores per cpu, 2 threads per core) family 6 model 61 stepping 4 microcode 0x2d, cx8, cmov, fxsr, ht, mmx, 3dnowpref, sse, sse2, sse3, ssse3, sse4.1, sse4.2, popcnt, lzcnt, tsc, tscinvbit, avx, avx2, aes, erms, clmul, bmi1, bmi2, adx, fma, vzeroupper, clflush

Memory: 4k page, system-wide physical 4016M (305M free)
TotalPageFile size 16304M (AvailPageFile size 3M)
current process WorkingSet (physical memory assigned to process): 35M, peak: 35M
current process commit charge ("private bytes"): 137M, peak: 137M

vm_info: Java HotSpot(TM) 64-Bit Server VM (16.0.2+7-67) for windows-amd64 JRE (16.0.2+7-67), built on Jun  8 2021 23:24:19 by "mach5one" with MS VC++ 16.7 (VS2019)

END.
