#
# There is insufficient memory for the Java Runtime Environment to continue.
# Native memory allocation (malloc) failed to allocate 126560 bytes for Chunk::new
# Possible reasons:
#   The system is out of physical RAM or swap space
#   The process is running with CompressedOops enabled, and the Java Heap may be blocking the growth of the native heap
# Possible solutions:
#   Reduce memory load on the system
#   Increase physical memory or swap space
#   Check if swap backing store is full
#   Decrease Java heap size (-Xmx/-Xms)
#   Decrease number of Java threads
#   Decrease Java thread stack sizes (-Xss)
#   Set larger code cache with -XX:ReservedCodeCacheSize=
#   JVM is running with Unscaled Compressed Oops mode in which the Java heap is
#     placed in the first 4GB address space. The Java Heap base address is the
#     maximum limit for the native heap growth. Please use -XX:HeapBaseMinAddress
#     to set the Java Heap base and to place the Java Heap above 4GB virtual address.
# This output file may be truncated or incomplete.
#
#  Out of Memory Error (arena.cpp:195), pid=5136, tid=11060
#
# JRE version: Java(TM) SE Runtime Environment (16.0.2+7) (build 16.0.2+7-67)
# Java VM: Java HotSpot(TM) 64-Bit Server VM (16.0.2+7-67, mixed mode, sharing, tiered, compressed oops, compressed class ptrs, g1 gc, windows-amd64)
# No core dump will be written. Minidumps are not enabled by default on client versions of Windows
#

---------------  S U M M A R Y ------------

Command Line: -Dfile.encoding=UTF-8 --module-path=C:\Users\KARAN\Documents\NetBeansProjects\Employee-Management-System\build\classes employee.management.system.Employee_Attendance

Host: Intel(R) Core(TM) i3-5005U CPU @ 2.00GHz, 4 cores, 3G,  Windows 10 , 64 bit Build 19041 (10.0.19041.1889)
Time: Mon Aug 15 02:58:33 2022 India Standard Time elapsed time: 2.864876 seconds (0d 0h 0m 2s)

---------------  T H R E A D  ---------------

Current thread (0x0000021775b1e770):  JavaThread "C2 CompilerThread0" daemon [_thread_in_native, id=11060, stack(0x00000078c4300000,0x00000078c4400000)]


Current CompileTask:
C2:   2864  879       4       java.util.Properties::loadConvert (544 bytes)

Stack: [0x00000078c4300000,0x00000078c4400000]
Native frames: (J=compiled Java code, j=interpreted, Vv=VM code, C=native code)
V  [jvm.dll+0x6681ca]
V  [jvm.dll+0x7c9e69]
V  [jvm.dll+0x7cb61e]
V  [jvm.dll+0x7cbc73]
V  [jvm.dll+0x242c55]
V  [jvm.dll+0xadeba]
V  [jvm.dll+0xae45c]
V  [jvm.dll+0x35a8d7]
V  [jvm.dll+0x1b9785]
V  [jvm.dll+0x215e16]
V  [jvm.dll+0x215100]
V  [jvm.dll+0x1a1beb]
V  [jvm.dll+0x225158]
V  [jvm.dll+0x22319c]
V  [jvm.dll+0x77fa62]
V  [jvm.dll+0x7795aa]
V  [jvm.dll+0x667066]
C  [ucrtbase.dll+0x21bb2]
C  [KERNEL32.DLL+0x17034]
C  [ntdll.dll+0x52651]


---------------  P R O C E S S  ---------------

Threads class SMR info:
_java_thread_list=0x0000021776be9610, length=16, elements={
0x00000217699d9e70, 0x0000021775b076a0, 0x0000021775b08560, 0x0000021775b16680,
0x0000021775b19090, 0x0000021775b19a90, 0x0000021775b1d990, 0x0000021775b1e770,
0x0000021775b29280, 0x0000021775b3cbd0, 0x0000021775c0e550, 0x00000217768bc7c0,
0x0000021776a9b970, 0x0000021776a7ee80, 0x0000021776915270, 0x0000021776b477f0
}

Java Threads: ( => current thread )
  0x00000217699d9e70 JavaThread "main" [_thread_in_vm, id=3196, stack(0x00000078c3600000,0x00000078c3700000)]
  0x0000021775b076a0 JavaThread "Reference Handler" daemon [_thread_blocked, id=15388, stack(0x00000078c3d00000,0x00000078c3e00000)]
  0x0000021775b08560 JavaThread "Finalizer" daemon [_thread_blocked, id=13372, stack(0x00000078c3e00000,0x00000078c3f00000)]
  0x0000021775b16680 JavaThread "Signal Dispatcher" daemon [_thread_blocked, id=15540, stack(0x00000078c3f00000,0x00000078c4000000)]
  0x0000021775b19090 JavaThread "Attach Listener" daemon [_thread_blocked, id=20552, stack(0x00000078c4000000,0x00000078c4100000)]
  0x0000021775b19a90 JavaThread "Service Thread" daemon [_thread_blocked, id=8272, stack(0x00000078c4100000,0x00000078c4200000)]
  0x0000021775b1d990 JavaThread "Monitor Deflation Thread" daemon [_thread_blocked, id=10596, stack(0x00000078c4200000,0x00000078c4300000)]
=>0x0000021775b1e770 JavaThread "C2 CompilerThread0" daemon [_thread_in_native, id=11060, stack(0x00000078c4300000,0x00000078c4400000)]
  0x0000021775b29280 JavaThread "C1 CompilerThread0" daemon [_thread_blocked, id=21612, stack(0x00000078c4400000,0x00000078c4500000)]
  0x0000021775b3cbd0 JavaThread "Sweeper thread" daemon [_thread_blocked, id=11400, stack(0x00000078c4500000,0x00000078c4600000)]
  0x0000021775c0e550 JavaThread "Common-Cleaner" daemon [_thread_blocked, id=4228, stack(0x00000078c4600000,0x00000078c4700000)]
  0x00000217768bc7c0 JavaThread "Notification Thread" daemon [_thread_blocked, id=22256, stack(0x00000078c4700000,0x00000078c4800000)]
  0x0000021776a9b970 JavaThread "Java2D Disposer" daemon [_thread_blocked, id=6636, stack(0x00000078c4900000,0x00000078c4a00000)]
  0x0000021776a7ee80 JavaThread "AWT-Windows" daemon [_thread_in_native, id=2024, stack(0x00000078c4b00000,0x00000078c4c00000)]
  0x0000021776915270 JavaThread "Image Fetcher 0" daemon [_thread_blocked, id=22412, stack(0x00000078c4c00000,0x00000078c4d00000)]
  0x0000021776b477f0 JavaThread "mysql-cj-abandoned-connection-cleanup" daemon [_thread_blocked, id=21180, stack(0x00000078c4a00000,0x00000078c4b00000)]

Other Threads:
  0x0000021775b01a30 VMThread "VM Thread" [stack: 0x00000078c3c00000,0x00000078c3d00000] [id=1620]
  0x00000217699dae70 WatcherThread [stack: 0x00000078c4800000,0x00000078c4900000] [id=14596]
  0x0000021769a08a50 GCTaskThread "GC Thread#0" [stack: 0x00000078c3700000,0x00000078c3800000] [id=2544]
  0x0000021769a12960 ConcurrentGCThread "G1 Main Marker" [stack: 0x00000078c3800000,0x00000078c3900000] [id=12280]
  0x0000021769a14b80 ConcurrentGCThread "G1 Conc#0" [stack: 0x00000078c3900000,0x00000078c3a00000] [id=5924]
  0x0000021769a65420 ConcurrentGCThread "G1 Refine#0" [stack: 0x00000078c3a00000,0x00000078c3b00000] [id=20740]
  0x0000021769a65ea0 ConcurrentGCThread "G1 Service" [stack: 0x00000078c3b00000,0x00000078c3c00000] [id=4632]

Threads with active compile tasks:
C2 CompilerThread0     3158  879       4       java.util.Properties::loadConvert (544 bytes)

VM state: not at safepoint (normal execution)

VM Mutex/Monitor currently owned by a thread:  ([mutex/lock_event])
[0x00000217699d5150] MetaspaceExpand_lock - owner thread: 0x00000217699d9e70

Heap address: 0x00000000c1200000, size: 1006 MB, Compressed Oops mode: 32-bit

CDS archive(s) mapped at: [0x0000000800000000-0x0000000800bb0000-0x0000000800bb0000), size 12255232, SharedBaseAddress: 0x0000000800000000, ArchiveRelocationMode: 0.
Compressed class space mapped at: 0x0000000800c00000-0x0000000840c00000, reserved size: 1073741824
Narrow klass base: 0x0000000800000000, Narrow klass shift: 3, Narrow klass range: 0x100000000

GC Precious Log:
 CPUs: 4 total, 4 available
 Memory: 4016M
 Large Page Support: Disabled
 NUMA Support: Disabled
 Compressed Oops: Enabled (32-bit)
 Heap Region Size: 1M
 Heap Min Capacity: 8M
 Heap Initial Capacity: 64M
 Heap Max Capacity: 1006M
 Pre-touch: Disabled
 Parallel Workers: 4
 Concurrent Workers: 1
 Concurrent Refinement Workers: 4
 Periodic GC: Disabled

Heap:
 garbage-first heap   total 65536K, used 12288K [0x00000000c1200000, 0x0000000100000000)
  region size 1024K, 11 young (11264K), 0 survivors (0K)
 Metaspace       used 7107K, committed 7296K, reserved 1056768K
  class space    used 755K, committed 832K, reserved 1048576K

Heap Regions: E=young(eden), S=young(survivor), O=old, HS=humongous(starts), HC=humongous(continues), CS=collection set, F=free, OA=open archive, CA=closed archive, TAMS=top-at-mark-start (previous, next)
|   0|0x00000000c1200000, 0x00000000c1300000, 0x00000000c1300000|100%|HS|  |TAMS 0x00000000c1200000, 0x00000000c1200000| Complete 
|   1|0x00000000c1300000, 0x00000000c1400000, 0x00000000c1400000|100%|HS|  |TAMS 0x00000000c1300000, 0x00000000c1300000| Complete 
|   2|0x00000000c1400000, 0x00000000c1400000, 0x00000000c1500000|  0%| F|  |TAMS 0x00000000c1400000, 0x00000000c1400000| Untracked 
|   3|0x00000000c1500000, 0x00000000c1500000, 0x00000000c1600000|  0%| F|  |TAMS 0x00000000c1500000, 0x00000000c1500000| Untracked 
|   4|0x00000000c1600000, 0x00000000c1600000, 0x00000000c1700000|  0%| F|  |TAMS 0x00000000c1600000, 0x00000000c1600000| Untracked 
|   5|0x00000000c1700000, 0x00000000c1700000, 0x00000000c1800000|  0%| F|  |TAMS 0x00000000c1700000, 0x00000000c1700000| Untracked 
|   6|0x00000000c1800000, 0x00000000c1800000, 0x00000000c1900000|  0%| F|  |TAMS 0x00000000c1800000, 0x00000000c1800000| Untracked 
|   7|0x00000000c1900000, 0x00000000c1900000, 0x00000000c1a00000|  0%| F|  |TAMS 0x00000000c1900000, 0x00000000c1900000| Untracked 
|   8|0x00000000c1a00000, 0x00000000c1a00000, 0x00000000c1b00000|  0%| F|  |TAMS 0x00000000c1a00000, 0x00000000c1a00000| Untracked 
|   9|0x00000000c1b00000, 0x00000000c1b00000, 0x00000000c1c00000|  0%| F|  |TAMS 0x00000000c1b00000, 0x00000000c1b00000| Untracked 
|  10|0x00000000c1c00000, 0x00000000c1c00000, 0x00000000c1d00000|  0%| F|  |TAMS 0x00000000c1c00000, 0x00000000c1c00000| Untracked 
|  11|0x00000000c1d00000, 0x00000000c1d00000, 0x00000000c1e00000|  0%| F|  |TAMS 0x00000000c1d00000, 0x00000000c1d00000| Untracked 
|  12|0x00000000c1e00000, 0x00000000c1e00000, 0x00000000c1f00000|  0%| F|  |TAMS 0x00000000c1e00000, 0x00000000c1e00000| Untracked 
|  13|0x00000000c1f00000, 0x00000000c1f00000, 0x00000000c2000000|  0%| F|  |TAMS 0x00000000c1f00000, 0x00000000c1f00000| Untracked 
|  14|0x00000000c2000000, 0x00000000c2000000, 0x00000000c2100000|  0%| F|  |TAMS 0x00000000c2000000, 0x00000000c2000000| Untracked 
|  15|0x00000000c2100000, 0x00000000c2100000, 0x00000000c2200000|  0%| F|  |TAMS 0x00000000c2100000, 0x00000000c2100000| Untracked 
|  16|0x00000000c2200000, 0x00000000c2200000, 0x00000000c2300000|  0%| F|  |TAMS 0x00000000c2200000, 0x00000000c2200000| Untracked 
|  17|0x00000000c2300000, 0x00000000c2300000, 0x00000000c2400000|  0%| F|  |TAMS 0x00000000c2300000, 0x00000000c2300000| Untracked 
|  18|0x00000000c2400000, 0x00000000c2400000, 0x00000000c2500000|  0%| F|  |TAMS 0x00000000c2400000, 0x00000000c2400000| Untracked 
|  19|0x00000000c2500000, 0x00000000c2500000, 0x00000000c2600000|  0%| F|  |TAMS 0x00000000c2500000, 0x00000000c2500000| Untracked 
|  20|0x00000000c2600000, 0x00000000c2600000, 0x00000000c2700000|  0%| F|  |TAMS 0x00000000c2600000, 0x00000000c2600000| Untracked 
|  21|0x00000000c2700000, 0x00000000c2700000, 0x00000000c2800000|  0%| F|  |TAMS 0x00000000c2700000, 0x00000000c2700000| Untracked 
|  22|0x00000000c2800000, 0x00000000c2800000, 0x00000000c2900000|  0%| F|  |TAMS 0x00000000c2800000, 0x00000000c2800000| Untracked 
|  23|0x00000000c2900000, 0x00000000c2900000, 0x00000000c2a00000|  0%| F|  |TAMS 0x00000000c2900000, 0x00000000c2900000| Untracked 
|  24|0x00000000c2a00000, 0x00000000c2a00000, 0x00000000c2b00000|  0%| F|  |TAMS 0x00000000c2a00000, 0x00000000c2a00000| Untracked 
|  25|0x00000000c2b00000, 0x00000000c2b00000, 0x00000000c2c00000|  0%| F|  |TAMS 0x00000000c2b00000, 0x00000000c2b00000| Untracked 
|  26|0x00000000c2c00000, 0x00000000c2c00000, 0x00000000c2d00000|  0%| F|  |TAMS 0x00000000c2c00000, 0x00000000c2c00000| Untracked 
|  27|0x00000000c2d00000, 0x00000000c2d00000, 0x00000000c2e00000|  0%| F|  |TAMS 0x00000000c2d00000, 0x00000000c2d00000| Untracked 
|  28|0x00000000c2e00000, 0x00000000c2e00000, 0x00000000c2f00000|  0%| F|  |TAMS 0x00000000c2e00000, 0x00000000c2e00000| Untracked 
|  29|0x00000000c2f00000, 0x00000000c2f00000, 0x00000000c3000000|  0%| F|  |TAMS 0x00000000c2f00000, 0x00000000c2f00000| Untracked 
|  30|0x00000000c3000000, 0x00000000c3000000, 0x00000000c3100000|  0%| F|  |TAMS 0x00000000c3000000, 0x00000000c3000000| Untracked 
|  31|0x00000000c3100000, 0x00000000c3100000, 0x00000000c3200000|  0%| F|  |TAMS 0x00000000c3100000, 0x00000000c3100000| Untracked 
|  32|0x00000000c3200000, 0x00000000c3200000, 0x00000000c3300000|  0%| F|  |TAMS 0x00000000c3200000, 0x00000000c3200000| Untracked 
|  33|0x00000000c3300000, 0x00000000c3300000, 0x00000000c3400000|  0%| F|  |TAMS 0x00000000c3300000, 0x00000000c3300000| Untracked 
|  34|0x00000000c3400000, 0x00000000c3400000, 0x00000000c3500000|  0%| F|  |TAMS 0x00000000c3400000, 0x00000000c3400000| Untracked 
|  35|0x00000000c3500000, 0x00000000c3500000, 0x00000000c3600000|  0%| F|  |TAMS 0x00000000c3500000, 0x00000000c3500000| Untracked 
|  36|0x00000000c3600000, 0x00000000c3600000, 0x00000000c3700000|  0%| F|  |TAMS 0x00000000c3600000, 0x00000000c3600000| Untracked 
|  37|0x00000000c3700000, 0x00000000c3700000, 0x00000000c3800000|  0%| F|  |TAMS 0x00000000c3700000, 0x00000000c3700000| Untracked 
|  38|0x00000000c3800000, 0x00000000c3800000, 0x00000000c3900000|  0%| F|  |TAMS 0x00000000c3800000, 0x00000000c3800000| Untracked 
|  39|0x00000000c3900000, 0x00000000c3900000, 0x00000000c3a00000|  0%| F|  |TAMS 0x00000000c3900000, 0x00000000c3900000| Untracked 
|  40|0x00000000c3a00000, 0x00000000c3a00000, 0x00000000c3b00000|  0%| F|  |TAMS 0x00000000c3a00000, 0x00000000c3a00000| Untracked 
|  41|0x00000000c3b00000, 0x00000000c3b00000, 0x00000000c3c00000|  0%| F|  |TAMS 0x00000000c3b00000, 0x00000000c3b00000| Untracked 
|  42|0x00000000c3c00000, 0x00000000c3c00000, 0x00000000c3d00000|  0%| F|  |TAMS 0x00000000c3c00000, 0x00000000c3c00000| Untracked 
|  43|0x00000000c3d00000, 0x00000000c3d00000, 0x00000000c3e00000|  0%| F|  |TAMS 0x00000000c3d00000, 0x00000000c3d00000| Untracked 
|  44|0x00000000c3e00000, 0x00000000c3e00000, 0x00000000c3f00000|  0%| F|  |TAMS 0x00000000c3e00000, 0x00000000c3e00000| Untracked 
|  45|0x00000000c3f00000, 0x00000000c3f00000, 0x00000000c4000000|  0%| F|  |TAMS 0x00000000c3f00000, 0x00000000c3f00000| Untracked 
|  46|0x00000000c4000000, 0x00000000c4000000, 0x00000000c4100000|  0%| F|  |TAMS 0x00000000c4000000, 0x00000000c4000000| Untracked 
|  47|0x00000000c4100000, 0x00000000c4100000, 0x00000000c4200000|  0%| F|  |TAMS 0x00000000c4100000, 0x00000000c4100000| Untracked 
|  48|0x00000000c4200000, 0x00000000c4200000, 0x00000000c4300000|  0%| F|  |TAMS 0x00000000c4200000, 0x00000000c4200000| Untracked 
|  49|0x00000000c4300000, 0x00000000c4300000, 0x00000000c4400000|  0%| F|  |TAMS 0x00000000c4300000, 0x00000000c4300000| Untracked 
|  50|0x00000000c4400000, 0x00000000c4400000, 0x00000000c4500000|  0%| F|  |TAMS 0x00000000c4400000, 0x00000000c4400000| Untracked 
|  51|0x00000000c4500000, 0x00000000c4500000, 0x00000000c4600000|  0%| F|  |TAMS 0x00000000c4500000, 0x00000000c4500000| Untracked 
|  52|0x00000000c4600000, 0x00000000c4600000, 0x00000000c4700000|  0%| F|  |TAMS 0x00000000c4600000, 0x00000000c4600000| Untracked 
|  53|0x00000000c4700000, 0x00000000c470ce38, 0x00000000c4800000|  5%| E|  |TAMS 0x00000000c4700000, 0x00000000c4700000| Complete 
|  54|0x00000000c4800000, 0x00000000c4900000, 0x00000000c4900000|100%| E|CS|TAMS 0x00000000c4800000, 0x00000000c4800000| Complete 
|  55|0x00000000c4900000, 0x00000000c4a00000, 0x00000000c4a00000|100%| E|CS|TAMS 0x00000000c4900000, 0x00000000c4900000| Complete 
|  56|0x00000000c4a00000, 0x00000000c4b00000, 0x00000000c4b00000|100%| E|CS|TAMS 0x00000000c4a00000, 0x00000000c4a00000| Complete 
|  57|0x00000000c4b00000, 0x00000000c4c00000, 0x00000000c4c00000|100%| E|CS|TAMS 0x00000000c4b00000, 0x00000000c4b00000| Complete 
|  58|0x00000000c4c00000, 0x00000000c4d00000, 0x00000000c4d00000|100%| E|CS|TAMS 0x00000000c4c00000, 0x00000000c4c00000| Complete 
|  59|0x00000000c4d00000, 0x00000000c4e00000, 0x00000000c4e00000|100%| E|CS|TAMS 0x00000000c4d00000, 0x00000000c4d00000| Complete 
|  60|0x00000000c4e00000, 0x00000000c4f00000, 0x00000000c4f00000|100%| E|CS|TAMS 0x00000000c4e00000, 0x00000000c4e00000| Complete 
|  61|0x00000000c4f00000, 0x00000000c5000000, 0x00000000c5000000|100%| E|CS|TAMS 0x00000000c4f00000, 0x00000000c4f00000| Complete 
|  62|0x00000000c5000000, 0x00000000c5100000, 0x00000000c5100000|100%| E|CS|TAMS 0x00000000c5000000, 0x00000000c5000000| Complete 
|  63|0x00000000c5100000, 0x00000000c5200000, 0x00000000c5200000|100%| E|CS|TAMS 0x00000000c5100000, 0x00000000c5100000| Complete 

Card table byte_map: [0x0000021771360000,0x0000021771560000] _byte_map_base: 0x0000021770d57000

Marking Bits (Prev, Next): (CMBitMap*) 0x0000021769a0a150, (CMBitMap*) 0x0000021769a0a190
 Prev Bits: [0x0000021771760000, 0x0000021772718000)
 Next Bits: [0x0000021772720000, 0x00000217736d8000)

Polling page: 0x00000217679e0000

Metaspace:

Usage:
  Non-class:      6.20 MB used.
      Class:    755.23 KB used.
       Both:      6.94 MB used.

Virtual space:
  Non-class space:        8.00 MB reserved,       6.31 MB ( 79%) committed,  1 nodes.
      Class space:        1.00 GB reserved,     832.00 KB ( <1%) committed,  1 nodes.
              Both:        1.01 GB reserved,       7.12 MB ( <1%) committed. 

Chunk freelists:
   Non-Class:  768.00 KB
       Class:  3.17 MB
        Both:  3.92 MB

MaxMetaspaceSize: 17179869184.00 GB
CompressedClassSpaceSize: 1.00 GB
 - commit_granule_bytes: 65536.
 - commit_granule_words: 8192.
 - virtual_space_node_default_size: 1048576.
 - enlarge_chunks_in_place: 1.
 - new_chunks_are_fully_committed: 0.
 - uncommit_free_chunks: 1.
 - use_allocation_guard: 0.
 - handle_deallocations: 1.


Internal statistics:

num_allocs_failed_limit: 0.
num_arena_births: 118.
num_arena_deaths: 0.
num_vsnodes_births: 2.
num_vsnodes_deaths: 0.
num_space_committed: 114.
num_space_uncommitted: 0.
num_chunks_returned_to_freelist: 0.
num_chunks_taken_from_freelist: 180.
num_chunk_merges: 0.
num_chunk_splits: 111.
num_chunks_enlarged: 64.
num_purges: 0.

CodeHeap 'non-profiled nmethods': size=120000Kb used=287Kb max_used=287Kb free=119712Kb
 bounds [0x0000021707ad0000, 0x0000021707d40000, 0x000002170f000000]
CodeHeap 'profiled nmethods': size=120000Kb used=1662Kb max_used=1662Kb free=118337Kb
 bounds [0x00000217005a0000, 0x0000021700810000, 0x0000021707ad0000]
CodeHeap 'non-nmethods': size=5760Kb used=1251Kb max_used=1251Kb free=4508Kb
 bounds [0x0000021700000000, 0x0000021700270000, 0x00000217005a0000]
 total_blobs=1478 nmethods=912 adapters=479
 compilation: enabled
              stopped_count=0, restarted_count=0
 full_count=0

Compilation events (20 events):
Event: 2.822 Thread 0x0000021775b29280  882 %     3       sun.nio.cs.UTF_8$Decoder::decodeArrayLoop @ 73 (691 bytes)
Event: 2.829 Thread 0x0000021775b29280 nmethod 882% 0x0000021700726490 code [0x0000021700726d00, 0x000002170072be68]
Event: 2.829 Thread 0x0000021775b29280  883       3       sun.nio.cs.UTF_8$Decoder::decodeArrayLoop (691 bytes)
Event: 2.836 Thread 0x0000021775b29280 nmethod 883 0x000002170072d790 code [0x000002170072e040, 0x0000021700733548]
Event: 2.836 Thread 0x0000021775b29280  884       1       java.util.concurrent.ConcurrentHashMap$MapEntry::getKey (5 bytes)
Event: 2.837 Thread 0x0000021775b29280 nmethod 884 0x0000021707b15e90 code [0x0000021707b16020, 0x0000021707b160f8]
Event: 2.837 Thread 0x0000021775b29280  885       1       java.util.concurrent.ConcurrentHashMap$MapEntry::getValue (5 bytes)
Event: 2.837 Thread 0x0000021775b29280 nmethod 885 0x0000021707b16190 code [0x0000021707b16320, 0x0000021707b163f8]
Event: 2.837 Thread 0x0000021775b29280  887       3       java.util.concurrent.ConcurrentHashMap$EntryIterator::next (5 bytes)
Event: 2.837 Thread 0x0000021775b29280 nmethod 887 0x0000021700734e90 code [0x0000021700735040, 0x0000021700735188]
Event: 2.837 Thread 0x0000021775b29280  888       3       java.util.concurrent.ConcurrentHashMap$EntryIterator::next (51 bytes)
Event: 2.837 Thread 0x0000021775b29280 nmethod 888 0x0000021700735210 code [0x0000021700735400, 0x00000217007358b8]
Event: 2.838 Thread 0x0000021775b29280  889       3       java.util.concurrent.ConcurrentHashMap$MapEntry::<init> (20 bytes)
Event: 2.838 Thread 0x0000021775b29280 nmethod 889 0x0000021700735a90 code [0x0000021700735c40, 0x0000021700735eb8]
Event: 2.838 Thread 0x0000021775b29280  891   !   3       jdk.internal.jimage.BasicImageReader::slice (32 bytes)
Event: 2.838 Thread 0x0000021775b29280 nmethod 891 0x0000021700735f90 code [0x0000021700736160, 0x0000021700736588]
Event: 2.838 Thread 0x0000021775b29280  890       3       jdk.internal.module.SystemModuleFinders$SystemModuleReader::findImageLocation (42 bytes)
Event: 2.839 Thread 0x0000021775b29280 nmethod 890 0x0000021700736710 code [0x0000021700736920, 0x0000021700736fd8]
Event: 2.839 Thread 0x0000021775b29280  892       1       jdk.internal.loader.URLClassPath$Loader::getBaseURL (5 bytes)
Event: 2.839 Thread 0x0000021775b29280 nmethod 892 0x0000021707b16490 code [0x0000021707b16620, 0x0000021707b166f8]

GC Heap History (0 events):
No events

Deoptimization events (20 events):
Event: 1.923 Thread 0x0000021776915270 DEOPT PACKING pc=0x00000217006b25de sp=0x00000078c4cfeb60
Event: 1.923 Thread 0x0000021776915270 DEOPT UNPACKING pc=0x000002170004dece sp=0x00000078c4cfdfd0 mode 0
Event: 1.925 Thread 0x0000021776915270 DEOPT PACKING pc=0x00000217006b25de sp=0x00000078c4cfeb60
Event: 1.925 Thread 0x0000021776915270 DEOPT UNPACKING pc=0x000002170004dece sp=0x00000078c4cfdfd0 mode 0
Event: 1.926 Thread 0x0000021776915270 DEOPT PACKING pc=0x00000217006b25de sp=0x00000078c4cfeb60
Event: 1.926 Thread 0x0000021776915270 DEOPT UNPACKING pc=0x000002170004dece sp=0x00000078c4cfdfd0 mode 0
Event: 1.927 Thread 0x0000021776915270 DEOPT PACKING pc=0x00000217006b25de sp=0x00000078c4cfeb60
Event: 1.927 Thread 0x0000021776915270 DEOPT UNPACKING pc=0x000002170004dece sp=0x00000078c4cfdfd0 mode 0
Event: 1.950 Thread 0x0000021776915270 DEOPT PACKING pc=0x00000217006b25de sp=0x00000078c4cfeca0
Event: 1.950 Thread 0x0000021776915270 DEOPT UNPACKING pc=0x000002170004dece sp=0x00000078c4cfe140 mode 0
Event: 1.953 Thread 0x0000021776915270 DEOPT PACKING pc=0x00000217006b25de sp=0x00000078c4cfeca0
Event: 1.953 Thread 0x0000021776915270 DEOPT UNPACKING pc=0x000002170004dece sp=0x00000078c4cfe140 mode 0
Event: 1.954 Thread 0x0000021776915270 DEOPT PACKING pc=0x00000217006b25de sp=0x00000078c4cfeca0
Event: 1.954 Thread 0x0000021776915270 DEOPT UNPACKING pc=0x000002170004dece sp=0x00000078c4cfe140 mode 0
Event: 1.956 Thread 0x0000021776915270 DEOPT PACKING pc=0x00000217006b25de sp=0x00000078c4cfeca0
Event: 1.956 Thread 0x0000021776915270 DEOPT UNPACKING pc=0x000002170004dece sp=0x00000078c4cfe140 mode 0
Event: 2.673 Thread 0x00000217699d9e70 Uncommon trap: trap_request=0xffffff45 fr.pc=0x0000021707afe574 relative=0x0000000000000434
Event: 2.673 Thread 0x00000217699d9e70 Uncommon trap: reason=unstable_if action=reinterpret pc=0x0000021707afe574 method=java.lang.StringLatin1.newString([BII)Ljava/lang/String; @ 1 c2
Event: 2.673 Thread 0x00000217699d9e70 DEOPT PACKING pc=0x0000021707afe574 sp=0x00000078c36feb80
Event: 2.673 Thread 0x00000217699d9e70 DEOPT UNPACKING pc=0x000002170004d72e sp=0x00000078c36feae0 mode 2

Classes unloaded (0 events):
No events

Classes redefined (0 events):
No events

Internal exceptions (17 events):
Event: 0.105 Thread 0x00000217699d9e70 Exception <a 'sun/nio/fs/WindowsException'{0x00000000c502fb80}> (0x00000000c502fb80) 
thrown [t:\workspace\open\src\hotspot\share\prims\jni.cpp, line 579]
Event: 0.105 Thread 0x00000217699d9e70 Exception <a 'sun/nio/fs/WindowsException'{0x00000000c5030110}> (0x00000000c5030110) 
thrown [t:\workspace\open\src\hotspot\share\prims\jni.cpp, line 579]
Event: 0.107 Thread 0x00000217699d9e70 Exception <a 'sun/nio/fs/WindowsException'{0x00000000c50325e8}> (0x00000000c50325e8) 
thrown [t:\workspace\open\src\hotspot\share\prims\jni.cpp, line 579]
Event: 0.107 Thread 0x00000217699d9e70 Exception <a 'sun/nio/fs/WindowsException'{0x00000000c50331a0}> (0x00000000c50331a0) 
thrown [t:\workspace\open\src\hotspot\share\prims\jni.cpp, line 579]
Event: 0.178 Thread 0x00000217699d9e70 Exception <a 'java/lang/NoSuchMethodError'{0x00000000c50f4820}: 'void java.lang.invoke.DirectMethodHandle$Holder.invokeSpecial(java.lang.Object, java.lang.Object, java.lang.Object)'> (0x00000000c50f4820) 
thrown [t:\workspace\open\src\hotspot\share\interpreter\linkResolver.cpp, line 790]
Event: 0.193 Thread 0x00000217699d9e70 Exception <a 'java/lang/ClassNotFoundException'{0x00000000c4f0bba8}: sun/awt/resources/spi/awtProvider> (0x00000000c4f0bba8) 
thrown [t:\workspace\open\src\hotspot\share\classfile\systemDictionary.cpp, line 256]
Event: 0.235 Thread 0x00000217699d9e70 Exception <a 'java/io/FileNotFoundException'{0x00000000c4f601b8}> (0x00000000c4f601b8) 
thrown [t:\workspace\open\src\hotspot\share\prims\jni.cpp, line 579]
Event: 0.253 Thread 0x00000217699d9e70 Exception <a 'java/io/FileNotFoundException'{0x00000000c4f8f248}> (0x00000000c4f8f248) 
thrown [t:\workspace\open\src\hotspot\share\prims\jni.cpp, line 579]
Event: 0.254 Thread 0x00000217699d9e70 Exception <a 'java/lang/NoSuchMethodError'{0x00000000c4f90340}: 'java.lang.Object java.lang.invoke.DirectMethodHandle$Holder.invokeStatic(java.lang.Object)'> (0x00000000c4f90340) 
thrown [t:\workspace\open\src\hotspot\share\interpreter\linkResolver.cpp, line 790]
Event: 0.329 Thread 0x00000217699d9e70 Exception <a 'java/lang/NoSuchMethodError'{0x00000000c4fdfb48}: 'java.lang.Object java.lang.invoke.DirectMethodHandle$Holder.invokeStaticInit(java.lang.Object)'> (0x00000000c4fdfb48) 
thrown [t:\workspace\open\src\hotspot\share\interpreter\linkResolver.cpp, line 790]
Event: 0.479 Thread 0x00000217699d9e70 Exception <a 'java/lang/NoSuchMethodError'{0x00000000c4e942e0}: 'java.lang.Object java.lang.invoke.DirectMethodHandle$Holder.newInvokeSpecial(java.lang.Object, java.lang.Object, java.lang.Object, java.lang.Object, java.lang.Object)'> (0x00000000c4e942e0) 
thrown [t:\workspace\open\src\hotspot\share\interpreter\linkResolver.cpp, line 790]
Event: 0.485 Thread 0x00000217699d9e70 Exception <a 'java/lang/NoSuchMethodError'{0x00000000c4e9fdc8}: 'java.lang.Object java.lang.invoke.DirectMethodHandle$Holder.invokeStatic(java.lang.Object, int, java.lang.Object, java.lang.Object, java.lang.Object, java.lang.Object)'> (0x00000000c4e9fdc8) 
thrown [t:\workspace\open\src\hotspot\share\interpreter\linkResolver.cpp, line 790]
Event: 0.519 Thread 0x00000217699d9e70 Exception <a 'java/lang/NoSuchMethodError'{0x00000000c4ec5e90}: 'java.lang.Object java.lang.invoke.DirectMethodHandle$Holder.invokeStatic(java.lang.Object, int, java.lang.Object)'> (0x00000000c4ec5e90) 
thrown [t:\workspace\open\src\hotspot\share\interpreter\linkResolver.cpp, line 790]
Event: 0.616 Thread 0x00000217699d9e70 Exception <a 'java/lang/ClassNotFoundException'{0x00000000c4d7ea60}: com/sun/swing/internal/plaf/metal/resources/spi/metalProvider> (0x00000000c4d7ea60) 
thrown [t:\workspace\open\src\hotspot\share\classfile\systemDictionary.cpp, line 256]
Event: 0.638 Thread 0x00000217699d9e70 Exception <a 'java/lang/ClassNotFoundException'{0x00000000c4d82ac8}: com/sun/swing/internal/plaf/basic/resources/spi/basicProvider> (0x00000000c4d82ac8) 
thrown [t:\workspace\open\src\hotspot\share\classfile\systemDictionary.cpp, line 256]
Event: 1.741 Thread 0x0000021776915270 Exception <a 'java/lang/NoSuchMethodError'{0x00000000c4b43f30}: 'java.lang.Object java.lang.invoke.DirectMethodHandle$Holder.newInvokeSpecial(java.lang.Object, java.lang.Object, java.lang.Object, int, int, int, int, int)'> (0x00000000c4b43f30) 
thrown [t:\workspace\open\src\hotspot\share\interpreter\linkResolver.cpp, line 790]
Event: 2.742 Thread 0x00000217699d9e70 Exception <a 'java/lang/NoSuchMethodError'{0x00000000c49b73d0}: 'java.lang.Object java.lang.invoke.DirectMethodHandle$Holder.invokeInterface(java.lang.Object, java.lang.Object)'> (0x00000000c49b73d0) 
thrown [t:\workspace\open\src\hotspot\share\interpreter\linkResolver.cpp, line 790]

Events (20 events):
Event: 2.693 loading class java/io/StringWriter done
Event: 2.695 loading class java/util/MissingResourceException
Event: 2.717 loading class java/util/MissingResourceException done
Event: 2.717 loading class java/util/ResourceBundle$ResourceBundleControlProviderHolder
Event: 2.718 loading class java/util/ResourceBundle$ResourceBundleControlProviderHolder done
Event: 2.720 loading class java/util/spi/ResourceBundleControlProvider
Event: 2.741 loading class java/util/spi/ResourceBundleControlProvider done
Event: 2.741 loading class java/util/ServiceLoader$ProviderSpliterator
Event: 2.742 loading class java/util/ServiceLoader$ProviderSpliterator done
Event: 2.754 loading class java/util/zip/ZipFile$ZipEntryIterator
Event: 2.754 loading class java/util/zip/ZipFile$ZipEntryIterator done
Event: 2.755 loading class java/util/ResourceBundle$Control$2
Event: 2.756 loading class java/util/ResourceBundle$Control$2 done
Event: 2.766 loading class java/util/PropertyResourceBundle
Event: 2.767 loading class java/util/PropertyResourceBundle done
Event: 2.767 loading class sun/util/PropertyResourceBundleCharset
Event: 2.767 loading class sun/util/PropertyResourceBundleCharset done
Event: 2.768 loading class sun/util/PropertyResourceBundleCharset$PropertiesFileDecoder
Event: 2.791 loading class sun/util/PropertyResourceBundleCharset$PropertiesFileDecoder done
Event: 2.838 loading class java/text/MessageFormat


Dynamic libraries:
0x00007ff73c2c0000 - 0x00007ff73c2d0000 	C:\Program Files\Java\jdk-16.0.2\bin\java.exe
0x00007fff7f0b0000 - 0x00007fff7f2a8000 	C:\WINDOWS\SYSTEM32\ntdll.dll
0x00007fff7e150000 - 0x00007fff7e20d000 	C:\WINDOWS\System32\KERNEL32.DLL
0x00007fff7ccb0000 - 0x00007fff7cf7e000 	C:\WINDOWS\System32\KERNELBASE.dll
0x00007fff7ca00000 - 0x00007fff7cb00000 	C:\WINDOWS\System32\ucrtbase.dll
0x00007fff6e9d0000 - 0x00007fff6e9e9000 	C:\Program Files\Java\jdk-16.0.2\bin\VCRUNTIME140.dll
0x00007fff6d320000 - 0x00007fff6d338000 	C:\Program Files\Java\jdk-16.0.2\bin\jli.dll
0x00007fff7e600000 - 0x00007fff7e6ae000 	C:\WINDOWS\System32\ADVAPI32.dll
0x00007fff7d6e0000 - 0x00007fff7d77e000 	C:\WINDOWS\System32\msvcrt.dll
0x00007fff7d450000 - 0x00007fff7d4ec000 	C:\WINDOWS\System32\sechost.dll
0x00007fff7d110000 - 0x00007fff7d235000 	C:\WINDOWS\System32\RPCRT4.dll
0x00007fff7d2a0000 - 0x00007fff7d440000 	C:\WINDOWS\System32\USER32.dll
0x00007fff71b90000 - 0x00007fff71e2a000 	C:\WINDOWS\WinSxS\amd64_microsoft.windows.common-controls_6595b64144ccf1df_6.0.19041.1110_none_60b5254171f9507e\COMCTL32.dll
0x00007fff7d0e0000 - 0x00007fff7d102000 	C:\WINDOWS\System32\win32u.dll
0x00007fff7e570000 - 0x00007fff7e59a000 	C:\WINDOWS\System32\GDI32.dll
0x00007fff7cfd0000 - 0x00007fff7d0db000 	C:\WINDOWS\System32\gdi32full.dll
0x00007fff7c7d0000 - 0x00007fff7c86d000 	C:\WINDOWS\System32\msvcp_win.dll
0x00007fff71e40000 - 0x00007fff71e4a000 	C:\WINDOWS\SYSTEM32\VERSION.dll
0x00007fff7f040000 - 0x00007fff7f070000 	C:\WINDOWS\System32\IMM32.DLL
0x00007fff76330000 - 0x00007fff7633c000 	C:\Program Files\Java\jdk-16.0.2\bin\vcruntime140_1.dll
0x00007fff6d180000 - 0x00007fff6d211000 	C:\Program Files\Java\jdk-16.0.2\bin\msvcp140.dll
0x00007fff29230000 - 0x00007fff29ddb000 	C:\Program Files\Java\jdk-16.0.2\bin\server\jvm.dll
0x00007fff7d440000 - 0x00007fff7d448000 	C:\WINDOWS\System32\PSAPI.DLL
0x00007fff7b020000 - 0x00007fff7b029000 	C:\WINDOWS\SYSTEM32\WSOCK32.dll
0x00007fff6a000000 - 0x00007fff6a027000 	C:\WINDOWS\SYSTEM32\WINMM.dll
0x00007fff7e6b0000 - 0x00007fff7e71b000 	C:\WINDOWS\System32\WS2_32.dll
0x00007fff7b190000 - 0x00007fff7b1a2000 	C:\WINDOWS\SYSTEM32\kernel.appcore.dll
0x00007fff75630000 - 0x00007fff7563a000 	C:\Program Files\Java\jdk-16.0.2\bin\jimage.dll
0x00007fff7a580000 - 0x00007fff7a764000 	C:\WINDOWS\SYSTEM32\DBGHELP.DLL
0x00007fff70ff0000 - 0x00007fff7101c000 	C:\WINDOWS\SYSTEM32\dbgcore.DLL
0x00007fff7cb00000 - 0x00007fff7cb82000 	C:\WINDOWS\System32\bcryptPrimitives.dll
0x00007fff6df80000 - 0x00007fff6dfa5000 	C:\Program Files\Java\jdk-16.0.2\bin\java.dll
0x00007fff7da00000 - 0x00007fff7e144000 	C:\WINDOWS\System32\SHELL32.dll
0x00007fff7a770000 - 0x00007fff7af04000 	C:\WINDOWS\SYSTEM32\windows.storage.dll
0x00007fff7e210000 - 0x00007fff7e564000 	C:\WINDOWS\System32\combase.dll
0x00007fff7c230000 - 0x00007fff7c260000 	C:\WINDOWS\SYSTEM32\Wldp.dll
0x00007fff7d7b0000 - 0x00007fff7d85d000 	C:\WINDOWS\System32\SHCORE.dll
0x00007fff7edd0000 - 0x00007fff7ee25000 	C:\WINDOWS\System32\shlwapi.dll
0x00007fff7c710000 - 0x00007fff7c72f000 	C:\WINDOWS\SYSTEM32\profapi.dll
0x00007fff6e9b0000 - 0x00007fff6e9c9000 	C:\Program Files\Java\jdk-16.0.2\bin\net.dll
0x00007fff754a0000 - 0x00007fff755aa000 	C:\WINDOWS\SYSTEM32\WINHTTP.dll
0x00007fff7bf90000 - 0x00007fff7bffa000 	C:\WINDOWS\system32\mswsock.dll
0x00007fff6de80000 - 0x00007fff6de93000 	C:\Program Files\Java\jdk-16.0.2\bin\nio.dll
0x00007fff6dba0000 - 0x00007fff6dbb8000 	C:\Program Files\Java\jdk-16.0.2\bin\zip.dll
0x00007fff6b150000 - 0x00007fff6b2d0000 	C:\Program Files\Java\jdk-16.0.2\bin\awt.dll
0x00007fff7d610000 - 0x00007fff7d6dd000 	C:\WINDOWS\System32\OLEAUT32.dll
0x00007fff79c20000 - 0x00007fff79cb0000 	C:\WINDOWS\SYSTEM32\apphelp.dll
0x00007fff7a1d0000 - 0x00007fff7a1ff000 	C:\WINDOWS\system32\DWMAPI.DLL
0x00007fff79ef0000 - 0x00007fff79f8e000 	C:\WINDOWS\system32\uxtheme.dll
0x00007fff689b0000 - 0x00007fff68ad7000 	C:\WINDOWS\system32\opengl32.dll
0x00007fff68980000 - 0x00007fff689ac000 	C:\WINDOWS\SYSTEM32\GLU32.dll
0x00007fff7d4f0000 - 0x00007fff7d605000 	C:\WINDOWS\System32\MSCTF.dll
0x00007fff7ee30000 - 0x00007fff7ef5a000 	C:\WINDOWS\System32\ole32.dll

dbghelp: loaded successfully - version: 4.0.5 - missing functions: none
symbol engine: initialized successfully - sym options: 0x614 - pdb path: .;C:\Program Files\Java\jdk-16.0.2\bin;C:\WINDOWS\SYSTEM32;C:\WINDOWS\WinSxS\amd64_microsoft.windows.common-controls_6595b64144ccf1df_6.0.19041.1110_none_60b5254171f9507e;C:\Program Files\Java\jdk-16.0.2\bin\server

VM Arguments:
jvm_args: -Dfile.encoding=UTF-8 --module-path=C:\Users\KARAN\Documents\NetBeansProjects\Employee-Management-System\build\classes 
java_command: employee.management.system.Employee_Attendance
java_class_path (initial): C:\rs2xml\rs2xml.jar;C:\mysql-connector-java-8.0.27;C:\mysql-connector-java-8.0.27\mysql-connector-java-8.0.27.jar;C:\Users\KARAN\Documents\NetBeansProjects\Employee-Management-System\build\classes
Launcher Type: SUN_STANDARD

[Global flags]
     intx CICompilerCount                          = 3                                         {product} {ergonomic}
     uint ConcGCThreads                            = 1                                         {product} {ergonomic}
     uint G1ConcRefinementThreads                  = 4                                         {product} {ergonomic}
   size_t G1HeapRegionSize                         = 1048576                                   {product} {ergonomic}
    uintx GCDrainStackTargetSize                   = 64                                        {product} {ergonomic}
   size_t InitialHeapSize                          = 67108864                                  {product} {ergonomic}
   size_t MarkStackSize                            = 4194304                                   {product} {ergonomic}
   size_t MaxHeapSize                              = 1054867456                                {product} {ergonomic}
   size_t MaxNewSize                               = 632291328                                 {product} {ergonomic}
   size_t MinHeapDeltaBytes                        = 1048576                                   {product} {ergonomic}
   size_t MinHeapSize                              = 8388608                                   {product} {ergonomic}
    uintx NonNMethodCodeHeapSize                   = 5832780                                {pd product} {ergonomic}
    uintx NonProfiledCodeHeapSize                  = 122912730                              {pd product} {ergonomic}
    uintx ProfiledCodeHeapSize                     = 122912730                              {pd product} {ergonomic}
    uintx ReservedCodeCacheSize                    = 251658240                              {pd product} {ergonomic}
     bool SegmentedCodeCache                       = true                                      {product} {ergonomic}
   size_t SoftMaxHeapSize                          = 1054867456                             {manageable} {ergonomic}
     bool UseCompressedClassPointers               = true                           {product lp64_product} {ergonomic}
     bool UseCompressedOops                        = true                           {product lp64_product} {ergonomic}
     bool UseG1GC                                  = true                                      {product} {ergonomic}
     bool UseLargePagesIndividualAllocation        = false                                  {pd product} {ergonomic}

Logging:
Log output configuration:
 #0: stdout all=warning uptime,level,tags
 #1: stderr all=off uptime,level,tags

Environment Variables:
JAVA_HOME=C:\Program Files\Java\jdk-16.0.2
PATH=E:\app\KARAN\product\11.2.0\dbhome_1\bin;C:\Program Files\Common Files\Oracle\Java\javapath;C:\WINDOWS\system32;C:\WINDOWS;C:\WINDOWS\System32\Wbem;C:\WINDOWS\System32\WindowsPowerShell\v1.0\;C:\WINDOWS\System32\OpenSSH\;C:\Program Files\dotnet\;C:\Program Files\Java\jdk-16.0.2\bin;C:\TDM-GCC-32\bin;C:\Program Files (x86)\Git\cmd;C:\Users\KARAN\AppData\Local\Programs\Python\Python310\Scripts\;C:\Users\KARAN\AppData\Local\Programs\Python\Python310\;C:\Program Files\MySQL\MySQL Shell 8.0\bin\;C:\Program Files\Java\jdk1.8.0_101\bin;C:\Users\KARAN\AppData\Local\Microsoft\WindowsApps;C:\Users\KARAN\AppData\Local\Programs\Microsoft VS Code\bin;C:\Program Files (x86)\mingw-w64\i686-7.1.0-posix-dwarf-rt_v5-rev2\mingw32\gcc;C:\Program Files\CodeBlocks\MinGW\bin;C:\Program Files\MinGW\bin;C:\Program Files\JetBrains\PyCharm Community Edition 2021.3.1\bin;;C:\Users\KARAN\AppData\Local\GitHubDesktop\bin
USERNAME=KARAN
OS=Windows_NT
PROCESSOR_IDENTIFIER=Intel64 Family 6 Model 61 Stepping 4, GenuineIntel



---------------  S Y S T E M  ---------------

OS:
 Windows 10 , 64 bit Build 19041 (10.0.19041.1889)
OS uptime: 0 days 12:38 hours

CPU: total 4 (initial active 4) (2 cores per cpu, 2 threads per core) family 6 model 61 stepping 4 microcode 0x2d, cx8, cmov, fxsr, ht, mmx, 3dnowpref, sse, sse2, sse3, ssse3, sse4.1, sse4.2, popcnt, lzcnt, tsc, tscinvbit, avx, avx2, aes, erms, clmul, bmi1, bmi2, adx, fma, vzeroupper, clflush

Memory: 4k page, system-wide physical 4016M (252M free)
TotalPageFile size 16304M (AvailPageFile size 4M)
current process WorkingSet (physical memory assigned to process): 59M, peak: 59M
current process commit charge ("private bytes"): 148M, peak: 148M

vm_info: Java HotSpot(TM) 64-Bit Server VM (16.0.2+7-67) for windows-amd64 JRE (16.0.2+7-67), built on Jun  8 2021 23:24:19 by "mach5one" with MS VC++ 16.7 (VS2019)

END.
